[.. ::] [INFO ]  [New I/O  worker # com.indigo.fileserver.IndigoFileServerHandler: ] - server closed : [id: xcba, /...: :> /...:] DISCONNECTED
[.. ::] [INFO ]  [New I/O  worker # com.indigo.fileserver.codec.ReceiveFileBiz: ] - save sucess : /DATA/esb_file/socket_server//KMA_I__.zip
[.. ::] [INFO ]  [New I/O  worker # com.indigo.fileserver.event.SimpleEvent: ] - File Receive Done : Header:{id=, fileLength=, fileName=KMA_I__.zip, action=PUT}, Body:{}
[.. ::] [INFO ]  [New I/O  worker # com.indigo.fileserver.IndigoFileServerHandler: ] - server closed : [id: xfdba, /...: :> /...:] DISCONNECTED
[.. ::] [INFO ]  [dataListenerContainer-route- com.indigo.esb.MessageRoute: ] - =========================SQU-OTO Bean SU Start=========================
[.. ::] [INFO ]  [dataListenerContainer-route- com.indigo.esb.MessageRoute: ] - Template Message ..
[.. ::] [INFO ]  [dataListenerContainer-route- com.indigo.esb.MessageRoute: ] - Property Used Process ...
[.. ::] [DEBUG]  [dataListenerContainer-route- com.indigo.esb.MessageRoute: ] - MessageRoute Message Header {if_data_type=DATA, esb_source_table_name=TCO_EMC_HOSP_MAX_VAR_INFO_, ESB_POLL_TYPE=NORMAL, batch_query_type=I, count=, CryptoType=SEED, init_time=, snd_srv_cd=ILD, log_state=S, if_id=IF_DMI_FT_, tx_id=IF_DMI_FT___, msg_id=IF_DMI_FT____MSG_, esb_target_table_name=TCO_EMC_HOSP_MAX_VAR_INFO_, rcv_srv_cd=MPS, if_type=DB}
[.. ::] [INFO ]  [dataListenerContainer-route- com.indigo.esb.MessageRoute: ] - #### routeData : {DATA_DEST_QUEUE=ILD.DB.RCV, USE_YN=Y, RCV_CD=SSS, IF_ID=IF_DMI_FT_, DESCRIPTION=지진재해대응시스템[](의료기관 실시간 병상정보), DEST_ID=IF_DEST_ILD_, USING_IP=..., CHANGE_DATE=, SND_CD=ILD, RESULT_DEST_QUEUE=ILD.DB.SND.RPL, RESULT_ARR_QUEUE=ILD.DB.RCV.RPL, DATA_ARR_QUEUE=ILD.DB.SND, REMOTE_YN=N}
[.. ::] [INFO ]  [dataListenerContainer-route- com.indigo.esb.MessageRoute: ] - [SQU-OTO] IF ID :IF_DMI_FT_, Queue Name :ILD.DB.RCV, Reply_Queue Name :ILD.DB.SND.RPL, Dest ID :IF_DEST_ILD_
[.. ::] [INFO ]  [dataListenerContainer-route- com.indigo.esb.MessageRoute: ] - =========================SQU-OTO Bean END=========================
[.. ::] [INFO ]  [dataListenerContainer-return- com.indigo.esb.ReturnMessage: ] - =========================RQU-OTO Bean SU Start=========================
[.. ::] [INFO ]  [dataListenerContainer-return- com.indigo.esb.ReturnMessage: ] - 템플릿 메세지 ..
[.. ::] [ERROR]  [quartzScheduler_Worker- org.quartz.core.ErrorLogger: ] - Job (crawler.kr_tunnel_detail threw an exception.
[.. ::] [ERROR]  [quartzScheduler_Worker- org.quartz.core.ErrorLogger: ] - Job (crawler.kr_tunnel_detail threw an exception.
[.. ::] [ERROR]  [quartzScheduler_Worker- org.quartz.core.ErrorLogger: ] - Job (crawler.kr_tunnel_detail threw an exception.
[.. ::] [ERROR]  [quartzScheduler_Worker- org.quartz.core.ErrorLogger: ] - Job (crawler.kr_tunnel_detail threw an exception.
[.. ::] [INFO ]  [dataListenerContainer-return- com.indigo.esb.ReturnMessage: ] - Property Used Process ...
[.. ::] [INFO ]  [dataListenerContainer-route- com.indigo.esb.MessageRoute: ] - =========================SQU-OTO Bean SU Start=========================
[.. ::] [DEBUG]  [dataListenerContainer-return- com.indigo.esb.ReturnMessage: ] - ReturnMessage Message Header {reply_queue=ILD.DB.SND.RPL, esb_source_table_name=TCO_EMC_HOSP_MAX_VAR_INFO_, count=, init_time=, rcv_time=, log_state=S, if_id=IF_DMI_FT_, dest_id=IF_DEST_ILD_, if_data_type=RESULT, batch_query_type=I, ESB_POLL_TYPE=NORMAL, CryptoType=SEED, snd_srv_cd=ILD, esb_target_destination=ILD.DB.RCV.RPL, tx_id=IF_DMI_FT___, msg_id=IF_DMI_FT____MSG_, esb_target_table_name=TCO_EMC_HOSP_MAX_VAR_INFO_, ESB_DATA_SIZE=, rcv_srv_cd=SSS, if_type=DB, ESB_DATA_CNT=}
[.. ::] [INFO ]  [dataListenerContainer-route- com.indigo.esb.MessageRoute: ] - Template Message ..
[.. ::] [INFO ]  [dataListenerContainer-route- com.indigo.esb.MessageRoute: ] - Property Used Process ...
[.. ::] [DEBUG]  [dataListenerContainer-route- com.indigo.esb.MessageRoute: ] - MessageRoute Message Header {reply_queue=ILD.DB.SND.RPL, esb_source_table_name=TCO_EMC_HOSP_MAX_VAR_INFO_, count=, init_time=, rcv_time=, log_state=S, if_id=IF_DMI_FT_T, dest_id=IF_DEST_ILD_, if_data_type=RESULT, batch_query_type=I, ESB_POLL_TYPE=NORMAL, CryptoType=SEED, snd_srv_cd=ILD, esb_target_destination=ILD.DB.SND, tx_id=IF_DMI_FT_T__, msg_id=IF_DMI_FT____MSG_, esb_target_table_name=TCO_EMC_HOSP_MAX_VAR_INFO_, rcv_srv_cd=SSS, if_type=DB}
[.. ::] [DEBUG]  [dataListenerContainer-return- com.indigo.esb.ReturnMessage: ] - [RQU-OTO] PropertiesMap :{reply_queue=ILD.DB.SND.RPL, esb_source_table_name=TCO_EMC_HOSP_MAX_VAR_INFO_, count=, init_time=, rcv_time=, log_state=S, if_id=IF_DMI_FT_, dest_id=IF_DEST_ILD_, log=Y, if_data_type=RESULT, batch_query_type=I, ESB_POLL_TYPE=NORMAL, CryptoType=SEED, snd_srv_cd=ILD, esb_target_destination=ILD.DB.RCV.RPL, tx_id=IF_DMI_FT___, msg_id=IF_DMI_FT____MSG_, esb_target_table_name=TCO_EMC_HOSP_MAX_VAR_INFO_, ESB_DATA_SIZE=, rcv_srv_cd=SSS, if_type=DB, ESB_DATA_CNT=}
[.. ::] [DEBUG]  [dataListenerContainer-return- com.indigo.esb.ReturnMessage: ] - [RQU-OTO] HeaderMap :{reply_queue=ILD.DB.SND.RPL, esb_source_table_name=TCO_EMC_HOSP_MAX_VAR_INFO_, count=, init_time=, rcv_time=, log_state=S, if_id=IF_DMI_FT_, dest_id=IF_DEST_ILD_, log=Y, if_data_type=RESULT, batch_query_type=I, ESB_POLL_TYPE=NORMAL, CryptoType=SEED, snd_srv_cd=ILD, esb_target_destination=ILD.DB.RCV.RPL, tx_id=IF_DMI_FT___, msg_id=IF_DMI_FT____MSG_, esb_target_table_name=TCO_EMC_HOSP_MAX_VAR_INFO_, ESB_DATA_SIZE=, rcv_srv_cd=SSS, if_type=DB, ESB_DATA_CNT=}
[.. ::] [INFO ]  [dataListenerContainer-return- com.indigo.esb.ReturnMessage: ] - [RQU-OTO] Reply Queue Name :ILD.DB.SND.RPL
[.. ::] [INFO ]  [dataListenerContainer-return- com.indigo.esb.ReturnMessage: ] - Send Message Success !! {reply_queue=ILD.DB.SND.RPL, esb_source_table_name=TCO_EMC_HOSP_MAX_VAR_INFO_, count=, init_time=, rcv_time=, log_state=S, if_id=IF_DMI_FT_, dest_id=IF_DEST_ILD_, log=Y, if_data_type=RESULT, batch_query_type=I, ESB_POLL_TYPE=NORMAL, CryptoType=SEED, snd_srv_cd=ILD, esb_target_destination=ILD.DB.RCV.RPL, tx_id=IF_DMI_FT___, msg_id=IF_DMI_FT____MSG_, esb_target_table_name=TCO_EMC_HOSP_MAX_VAR_INFO_, ESB_DATA_SIZE=, rcv_srv_cd=SSS, if_type=DB, ESB_DATA_CNT=}
[.. ::] [INFO ]  [dataListenerContainer-return- com.indigo.esb.ReturnMessage: ] - =========================RQU-OTO Bean END=========================
[.. ::] [INFO ]  [dataListenerContainer-route- com.indigo.esb.MessageRoute: ] - #### routeData : {DATA_DEST_QUEUE=ILD.DB.RCV, USE_YN=Y, RCV_CD=SSS, IF_ID=IF_DMI_FT_T, DESCRIPTION=지진재해대응시스템[T](의료기관 실시간 병상정보), DEST_ID=IF_DEST_ILD_, USING_IP=..., CHANGE_DATE=, SND_CD=ILD, RESULT_DEST_QUEUE=ILD.DB.SND.RPL, RESULT_ARR_QUEUE=ILD.DB.RCV.RPL, DATA_ARR_QUEUE=ILD.DB.SND, REMOTE_YN=N}
[.. ::] [INFO ]  [dataListenerContainer-route- com.indigo.esb.MessageRoute: ] - [SQU-OTO] IF ID :IF_DMI_FT_T, Queue Name :ILD.DB.RCV, Reply_Queue Name :ILD.DB.SND.RPL, Dest ID :IF_DEST_ILD_
[.. ::] [INFO ]  [dataListenerContainer-route- com.indigo.esb.MessageRoute: ] - =========================SQU-OTO Bean END=========================
[.. ::] [INFO ]  [dataListenerContainer-route- com.indigo.esb.MessageRoute: ] - =========================SQU-OTO Bean SU Start=========================
[.. ::] [INFO ]  [dataListenerContainer-route- com.indigo.esb.MessageRoute: ] - Template Message ..
[.. ::] [INFO ]  [dataListenerContainer-route- com.indigo.esb.MessageRoute: ] - Property Used Process ...
[.. ::] [DEBUG]  [dataListenerContainer-route- com.indigo.esb.MessageRoute: ] - MessageRoute Message Header {if_data_type=DATA, ESB_POLL_TYPE=NORMAL, batch_query_type=I, esb_source_table_name=SITTN_RDOWAV_MSNGR_LOG, CryptoType=SEED, count=, snd_srv_cd=KAI, init_time=, log_state=S, tx_id=IF_KAI_MPSS___, if_id=IF_KAI_MPSS_, esb_target_table_name=TOB_SITTN_RDOWAV_MSNGR_LOG, rcv_srv_cd=MPS, if_type=DB}
[.. ::] [INFO ]  [dataListenerContainer-route- com.indigo.esb.MessageRoute: ] - #### routeData : {DATA_DEST_QUEUE=KAI.MQ.DB.RCV, USE_YN=Y, RCV_CD=MPS, IF_ID=IF_KAI_MPSS_, DESCRIPTION=풍수해피해예측(상황전파 메신저 로그), DEST_ID=IF_DEST_MPSS_, USING_IP=..., CHANGE_DATE=, SND_CD=KAI, RESULT_DEST_QUEUE=KAI.MQ.DB.SND.RPL, RESULT_ARR_QUEUE=KAI.MQ.DB.RCV.RPL, DATA_ARR_QUEUE=KAI.MQ.DB.SND, REMOTE_YN=N}
[.. ::] [INFO ]  [dataListenerContainer-route- com.indigo.esb.MessageRoute: ] - [SQU-OTO] IF ID :IF_KAI_MPSS_, Queue Name :KAI.MQ.DB.RCV, Reply_Queue Name :KAI.MQ.DB.SND.RPL, Dest ID :IF_DEST_MPSS_
[.. ::] [INFO ]  [dataListenerContainer-route- com.indigo.esb.MessageRoute: ] - =========================SQU-OTO Bean END=========================
[.. ::] [INFO ]  [dataListenerContainer-return- com.indigo.esb.ReturnMessage: ] - =========================RQU-OTO Bean SU Start=========================
[.. ::] [INFO ]  [dataListenerContainer-return- com.indigo.esb.ReturnMessage: ] - 템플릿 메세지 ..
[.. ::] [INFO ]  [dataListenerContainer-return- com.indigo.esb.ReturnMessage: ] - Property Used Process ...
[.. ::] [ERROR]  [quartzScheduler_Worker- org.quartz.core.JobRunShell: ] - Job crawler.cc_road_permission threw an unhandled Exception:
[.. ::] [DEBUG]  [dataListenerContainer-return- com.indigo.esb.ReturnMessage: ] - ReturnMessage Message Header {reply_queue=KAI.MQ.DB.SND.RPL, esb_source_table_name=SITTN_RDOWAV_MSNGR_LOG, count=, init_time=, rcv_time=, log_state=S, if_id=IF_KAI_MPSS_, INSERT_ROW=, dest_id=IF_DEST_MPSS_, if_data_type=RESULT, ESB_POLL_TYPE=NORMAL, batch_query_type=I, CryptoType=SEED, snd_srv_cd=KAI, esb_target_destination=KAI.MQ.DB.RCV.RPL, tx_id=IF_KAI_MPSS___, esb_target_table_name=TOB_SITTN_RDOWAV_MSNGR_LOG, rcv_srv_cd=MPS, if_type=DB}
[.. ::] [DEBUG]  [dataListenerContainer-return- com.indigo.esb.ReturnMessage: ] - [RQU-OTO] PropertiesMap :{reply_queue=KAI.MQ.DB.SND.RPL, esb_source_table_name=SITTN_RDOWAV_MSNGR_LOG, count=, init_time=, rcv_time=, log_state=S, if_id=IF_KAI_MPSS_, INSERT_ROW=, dest_id=IF_DEST_MPSS_, log=Y, if_data_type=RESULT, ESB_POLL_TYPE=NORMAL, batch_query_type=I, CryptoType=SEED, snd_srv_cd=KAI, esb_target_destination=KAI.MQ.DB.RCV.RPL, tx_id=IF_KAI_MPSS___, esb_target_table_name=TOB_SITTN_RDOWAV_MSNGR_LOG, rcv_srv_cd=MPS, if_type=DB}
[.. ::] [DEBUG]  [dataListenerContainer-return- com.indigo.esb.ReturnMessage: ] - [RQU-OTO] HeaderMap :{reply_queue=KAI.MQ.DB.SND.RPL, esb_source_table_name=SITTN_RDOWAV_MSNGR_LOG, count=, init_time=, rcv_time=, log_state=S, if_id=IF_KAI_MPSS_, INSERT_ROW=, dest_id=IF_DEST_MPSS_, log=Y, if_data_type=RESULT, ESB_POLL_TYPE=NORMAL, batch_query_type=I, CryptoType=SEED, snd_srv_cd=KAI, esb_target_destination=KAI.MQ.DB.RCV.RPL, tx_id=IF_KAI_MPSS___, esb_target_table_name=TOB_SITTN_RDOWAV_MSNGR_LOG, rcv_srv_cd=MPS, if_type=DB}
[.. ::] [INFO ]  [dataListenerContainer-return- com.indigo.esb.ReturnMessage: ] - [RQU-OTO] Reply Queue Name :KAI.MQ.DB.SND.RPL
[.. ::] [INFO ]  [dataListenerContainer-return- com.indigo.esb.ReturnMessage: ] - Send Message Success !! {reply_queue=KAI.MQ.DB.SND.RPL, esb_source_table_name=SITTN_RDOWAV_MSNGR_LOG, count=, init_time=, rcv_time=, log_state=S, if_id=IF_KAI_MPSS_, INSERT_ROW=, dest_id=IF_DEST_MPSS_, log=Y, if_data_type=RESULT, ESB_POLL_TYPE=NORMAL, batch_query_type=I, CryptoType=SEED, snd_srv_cd=KAI, esb_target_destination=KAI.MQ.DB.RCV.RPL, tx_id=IF_KAI_MPSS___, esb_target_table_name=TOB_SITTN_RDOWAV_MSNGR_LOG, rcv_srv_cd=MPS, if_type=DB}
[.. ::] [INFO ]  [dataListenerContainer-return- com.indigo.esb.ReturnMessage: ] - =========================RQU-OTO Bean END=========================
[.. ::] [INFO ]  [dataListenerContainer-return- com.indigo.esb.ReturnMessage: ] - =========================RQU-OTO Bean SU Start=========================
[.. ::] [INFO ]  [dataListenerContainer-return- com.indigo.esb.ReturnMessage: ] - 템플릿 메세지 ..
[.. ::] [WARN ]  [pool--thread- com.mb.indigo.imagent.HeartbeatAgent: ] - ../../im/pid/ROAD_INFO_COLLECTION_ADAPTOR (그런 파일이나 디렉터리가 없습니다)
[.. ::] [INFO ]  [dataListenerContainer-return- com.indigo.esb.ReturnMessage: ] - Property Used Process ...
[.. ::] [DEBUG]  [dataListenerContainer-return- com.indigo.esb.ReturnMessage: ] - ReturnMessage Message Header {reply_queue=MAW.DB.SND.RPL, esb_source_table_name=TCO_EMC_HOSP_MAX_VAR_INFO, count=, init_time=, rcv_time=, log_state=S, if_id=IF_MAW_MPSS_, INSERT_ROW=, dest_id=IF_DEST_MPSS_, if_data_type=RESULT, ESB_POLL_TYPE=NORMAL, batch_query_type=I, snd_srv_cd=MAW, esb_target_destination=MAW.MQ.DB.RCV.RPL, tx_id=IF_MAW_MPSS___, esb_target_table_name=TCO_EMC_HOSP_MAX_VAR_INFO, rcv_srv_cd=MPS, if_type=DB}
[.. ::] [DEBUG]  [dataListenerContainer-return- com.indigo.esb.ReturnMessage: ] - [RQU-OTO] PropertiesMap :{reply_queue=MAW.DB.SND.RPL, esb_source_table_name=TCO_EMC_HOSP_MAX_VAR_INFO, count=, init_time=, rcv_time=, log_state=S, if_id=IF_MAW_MPSS_, INSERT_ROW=, dest_id=IF_DEST_MPSS_, log=Y, if_data_type=RESULT, ESB_POLL_TYPE=NORMAL, batch_query_type=I, snd_srv_cd=MAW, esb_target_destination=MAW.MQ.DB.RCV.RPL, tx_id=IF_MAW_MPSS___, esb_target_table_name=TCO_EMC_HOSP_MAX_VAR_INFO, rcv_srv_cd=MPS, if_type=DB}
[.. ::] [DEBUG]  [dataListenerContainer-return- com.indigo.esb.ReturnMessage: ] - [RQU-OTO] HeaderMap :{reply_queue=MAW.DB.SND.RPL, esb_source_table_name=TCO_EMC_HOSP_MAX_VAR_INFO, count=, init_time=, rcv_time=, log_state=S, if_id=IF_MAW_MPSS_, INSERT_ROW=, dest_id=IF_DEST_MPSS_, log=Y, if_data_type=RESULT, ESB_POLL_TYPE=NORMAL, batch_query_type=I, snd_srv_cd=MAW, esb_target_destination=MAW.MQ.DB.RCV.RPL, tx_id=IF_MAW_MPSS___, esb_target_table_name=TCO_EMC_HOSP_MAX_VAR_INFO, rcv_srv_cd=MPS, if_type=DB}
[.. ::] [INFO ]  [dataListenerContainer-return- com.indigo.esb.ReturnMessage: ] - [RQU-OTO] Reply Queue Name :MAW.DB.SND.RPL
[.. ::] [INFO ]  [dataListenerContainer-return- com.indigo.esb.ReturnMessage: ] - Send Message Success !! {reply_queue=MAW.DB.SND.RPL, esb_source_table_name=TCO_EMC_HOSP_MAX_VAR_INFO, count=, init_time=, rcv_time=, log_state=S, if_id=IF_MAW_MPSS_, INSERT_ROW=, dest_id=IF_DEST_MPSS_, log=Y, if_data_type=RESULT, ESB_POLL_TYPE=NORMAL, batch_query_type=I, snd_srv_cd=MAW, esb_target_destination=MAW.MQ.DB.RCV.RPL, tx_id=IF_MAW_MPSS___, esb_target_table_name=TCO_EMC_HOSP_MAX_VAR_INFO, rcv_srv_cd=MPS, if_type=DB}
[.. ::] [INFO ]  [dataListenerContainer-return- com.indigo.esb.ReturnMessage: ] - =========================RQU-OTO Bean END=========================
[.. ::] [INFO ]  [dataListenerContainer-return- com.indigo.esb.ReturnMessage: ] - =========================RQU-OTO Bean SU Start=========================
[.. ::] [INFO ]  [dataListenerContainer-return- com.indigo.esb.ReturnMessage: ] - 템플릿 메세지 ..
[.. ::] [INFO ]  [dataListenerContainer-return- com.indigo.esb.ReturnMessage: ] - Property Used Process ...
[:: ::.] [INFO ] --- [main] o.a.catalina.core.StandardService : Starting service [Tomcat] 
[:: ::.] [INFO ] --- [main] o.a.catalina.core.StandardEngine : Starting Servlet engine: [Apache Tomcat/..] 
[:: ::.] [INFO ] --- [main] o.a.c.c.C.[Tomcat].[localhost].[/] : Initializing Spring embedded WebApplicationContext 
[:: ::.] [INFO ] --- [main] o.s.b.w.s.c.ServletWebServerApplicationContext : Root WebApplicationContext: initialization completed in  ms 
[:: ::.] [INFO ] --- [main] o.a.coyote.http11.Http11NioProtocol : Starting ProtocolHandler ["http-nio-"] 
[:: ::.] [INFO ] --- [main] o.s.b.w.e.tomcat.TomcatWebServer : Tomcat started on port(s):  (http) with context path '' 
[:: ::.] [INFO ] --- [main] com.meta.tt.MttApplication : Started MttApplication in . seconds (JVM running for .) 
[:: ::.] [INFO ] --- [http-nio--exec-] o.a.c.c.C.[Tomcat].[localhost].[/] : Initializing Spring DispatcherServlet 'dispatcherServlet' 
[:: ::.] [INFO ] --- [http-nio--exec-] o.s.web.servlet.DispatcherServlet : Initializing Servlet 'dispatcherServlet' 
[:: ::.] [INFO ] --- [http-nio--exec-] o.s.web.servlet.DispatcherServlet : Completed initialization in  ms 
[:: ::.] [INFO ] --- [main] com.meta.tt.MttApplication : Starting MttApplication using Java .. on HUB_DEV1 with PID  (/home/dcs/OtelTestJAR/datalink-0..jar started by dcs in /home/dcs/OtelTestJAR) 
[.. ::] [DEBUG]  [dataListenerContainer-return- com.indigo.esb.ReturnMessage: ] - ReturnMessage Message Header {reply_queue=ENT.MQ.DB.SND.RPL, esb_source_table_name=TSI_INF__JOIN, count=, init_time=, rcv_time=, log_state=S, if_id=IF_ENT_MPSS_, INSERT_ROW=, dest_id=IF_DEST_MPSS_, if_data_type=RESULT, ESB_POLL_TYPE=NORMAL, batch_query_type=I, snd_srv_cd=MPS, esb_target_destination=ENT.MQ.DB.RCV.RPL, tx_id=IF_ENT_MPSS___, esb_target_table_name=TSI_INF__MSTR_, rcv_srv_cd=MPS, if_type=DB}
[.. ::] [DEBUG]  [dataListenerContainer-return- com.indigo.esb.ReturnMessage: ] - [RQU-OTO] PropertiesMap :{reply_queue=ENT.MQ.DB.SND.RPL, esb_source_table_name=TSI_INF__JOIN, count=, init_time=, rcv_time=, log_state=S, if_id=IF_ENT_MPSS_, INSERT_ROW=, dest_id=IF_DEST_MPSS_, log=Y, if_data_type=RESULT, ESB_POLL_TYPE=NORMAL, batch_query_type=I, snd_srv_cd=MPS, esb_target_destination=ENT.MQ.DB.RCV.RPL, tx_id=IF_ENT_MPSS___, esb_target_table_name=TSI_INF__MSTR_, rcv_srv_cd=MPS, if_type=DB}
[.. ::] [DEBUG]  [dataListenerContainer-return- com.indigo.esb.ReturnMessage: ] - [RQU-OTO] HeaderMap :{reply_queue=ENT.MQ.DB.SND.RPL, esb_source_table_name=TSI_INF__JOIN, count=, init_time=, rcv_time=, log_state=S, if_id=IF_ENT_MPSS_, INSERT_ROW=, dest_id=IF_DEST_MPSS_, log=Y, if_data_type=RESULT, ESB_POLL_TYPE=NORMAL, batch_query_type=I, snd_srv_cd=MPS, esb_target_destination=ENT.MQ.DB.RCV.RPL, tx_id=IF_ENT_MPSS___, esb_target_table_name=TSI_INF__MSTR_, rcv_srv_cd=MPS, if_type=DB}
[.. ::] [INFO ]  [dataListenerContainer-return- com.indigo.esb.ReturnMessage: ] - [RQU-OTO] Reply Queue Name :ENT.MQ.DB.SND.RPL
[.. ::] [INFO ]  [dataListenerContainer-return- com.indigo.esb.ReturnMessage: ] - Send Message Success !! {reply_queue=ENT.MQ.DB.SND.RPL, esb_source_table_name=TSI_INF__JOIN, count=, init_time=, rcv_time=, log_state=S, if_id=IF_ENT_MPSS_, INSERT_ROW=, dest_id=IF_DEST_MPSS_, log=Y, if_data_type=RESULT, ESB_POLL_TYPE=NORMAL, batch_query_type=I, snd_srv_cd=MPS, esb_target_destination=ENT.MQ.DB.RCV.RPL, tx_id=IF_ENT_MPSS___, esb_target_table_name=TSI_INF__MSTR_, rcv_srv_cd=MPS, if_type=DB}
[.. ::] [INFO ]  [dataListenerContainer-return- com.indigo.esb.ReturnMessage: ] - =========================RQU-OTO Bean END=========================
[.. ::] [INFO ]  [New I/O server boss # ([id: xeaf, /::::::::]) com.indigo.fileserver.codec.IndigoFileDecoder: ] - Repository Path:/DATA/esb_file/socket_server
[.. ::] [INFO ]  [New I/O server boss # ([id: xeaf, /::::::::]) com.indigo.fileserver.codec.IndigoFileDecoder: ] - Chunck Size:
[.. ::] [INFO ]  [New I/O server boss # ([id: xeaf, /::::::::]) com.indigo.fileserver.codec.IndigoFileDecoder: ] - Set Event:com.indigo.fileserver.event.SimpleEvent@ebbd
[.. ::] [INFO ]  [New I/O  worker # com.indigo.fileserver.IndigoFileServerHandler: ] - server connected : [id: xafcf, /...: => /...:] CONNECTED: /...:
[.. ::] [INFO ]  [New I/O  worker # com.indigo.fileserver.codec.IndigoFileDecoder: ] - RECEIVE MSG:<root><metaHeader><id></id><action>PUT</action><fileName>FILE_IIA_ARR__.zip</fileName><fileLength></fileLength></metaHeader></root>
[.. ::] [INFO ]  [New I/O server boss # ([id: xeaf, /::::::::]) com.indigo.fileserver.codec.IndigoFileDecoder: ] - Repository Path:/DATA/esb_file/socket_server
[.. ::] [INFO ]  [New I/O server boss # ([id: xeaf, /::::::::]) com.indigo.fileserver.codec.IndigoFileDecoder: ] - Chunck Size:
[.. ::] [INFO ]  [New I/O server boss # ([id: xeaf, /::::::::]) com.indigo.fileserver.codec.IndigoFileDecoder: ] - Set Event:com.indigo.fileserver.event.SimpleEvent@ebbd
[.. ::] [INFO ]  [New I/O  worker # com.indigo.fileserver.IndigoFileServerHandler: ] - server connected : [id: xdfe, /...: => /...:] CONNECTED: /...:
[.. ::] [INFO ]  [New I/O  worker # com.indigo.fileserver.codec.IndigoFileDecoder: ] - RECEIVE MSG:<root><metaHeader><id></id><action>PUT</action><fileName>FILE_IIA_DEP__.zip</fileName><fileLength></fileLength></metaHeader></root>
[.. ::] [INFO ]  [New I/O  worker # com.indigo.fileserver.codec.IndigoFileDecoder: ] - RECEIVE CONVERT MSG:Header:{id=, fileLength=, fileName=FILE_IIA_ARR__.zip, action=PUT}, Body:{}
[.. ::] [INFO ]  [New I/O  worker # com.indigo.fileserver.event.SimpleEvent: ] - File Receive Start : Header:{id=, fileLength=, fileName=FILE_IIA_ARR__.zip, action=PUT}, Body:{}
[.. ::] [INFO ]  [New I/O  worker # com.indigo.fileserver.codec.ReceiveFileBiz: ] - save sucess : /DATA/esb_file/socket_server//FILE_IIA_ARR__.zip
[.. ::] [INFO ]  [New I/O  worker # com.indigo.fileserver.event.SimpleEvent: ] - File Receive Done : Header:{id=, fileLength=, fileName=FILE_IIA_ARR__.zip, action=PUT}, Body:{}
[.. ::] [INFO ]  [New I/O  worker # com.indigo.fileserver.IndigoFileServerHandler: ] - server closed : [id: xafcf, /...: :> /...:] DISCONNECTED
[.. ::] [INFO ]  [New I/O  worker # com.indigo.fileserver.codec.IndigoFileDecoder: ] - RECEIVE CONVERT MSG:Header:{id=, fileLength=, fileName=FILE_IIA_DEP__.zip, action=PUT}, Body:{}
[.. ::] [INFO ]  [New I/O  worker # com.indigo.fileserver.event.SimpleEvent: ] - File Receive Start : Header:{id=, fileLength=, fileName=FILE_IIA_DEP__.zip, action=PUT}, Body:{}
[.. ::] [INFO ]  [New I/O  worker # com.indigo.fileserver.codec.ReceiveFileBiz: ] - save sucess : /DATA/esb_file/socket_server//FILE_IIA_DEP__.zip
[.. ::] [INFO ]  [New I/O  worker # com.indigo.fileserver.event.SimpleEvent: ] - File Receive Done : Header:{id=, fileLength=, fileName=FILE_IIA_DEP__.zip, action=PUT}, Body:{}
[.. ::] [INFO ]  [New I/O  worker # com.indigo.fileserver.IndigoFileServerHandler: ] - server closed : [id: xdfe, /...: :> /...:] DISCONNECTED
[.. ::] [INFO ]  [New I/O server boss # ([id: xeaf, /::::::::]) com.indigo.fileserver.codec.IndigoFileDecoder: ] - Repository Path:/DATA/esb_file/socket_server
[.. ::] [INFO ]  [New I/O server boss # ([id: xeaf, /::::::::]) com.indigo.fileserver.codec.IndigoFileDecoder: ] - Chunck Size:
[.. ::] [INFO ]  [New I/O server boss # ([id: xeaf, /::::::::]) com.indigo.fileserver.codec.IndigoFileDecoder: ] - Set Event:com.indigo.fileserver.event.SimpleEvent@ebbd
[.. ::] [INFO ]  [New I/O  worker # com.indigo.fileserver.IndigoFileServerHandler: ] - server connected : [id: xcec, /...: => /...:] CONNECTED: /...:
[.. ::] [INFO ]  [New I/O  worker # com.indigo.fileserver.codec.IndigoFileDecoder: ] - RECEIVE MSG:<root><metaHeader><id></id><action>GET</action><fileName>FILE_IIA_ARR__.zip</fileName></metaHeader></root>
[.. ::] [INFO ]  [New I/O  worker # com.indigo.fileserver.codec.IndigoFileDecoder: ] - RECEIVE CONVERT MSG:Header:{id=, fileName=FILE_IIA_ARR__.zip, action=GET}, Body:{}
[.. ::] [INFO ]  [New I/O  worker # com.indigo.fileserver.event.SimpleEvent: ] - File Send Start : Header:{id=, fileName=FILE_IIA_ARR__.zip, action=GET}, Body:{}
[.. ::] [INFO ]  [New I/O  worker # com.indigo.fileserver.codec.SendFileBiz$: ] - FILE SEND OK:/DATA/esb_file/socket_server/FILE_IIA_ARR__.zip
[.. ::] [INFO ]  [New I/O  worker # com.indigo.fileserver.event.SimpleEvent: ] - File Send Done : Header:{id=, fileName=FILE_IIA_ARR__.zip, action=GET}, Body:{}
[.. ::] [INFO ]  [New I/O server boss # ([id: xeaf, /::::::::]) com.indigo.fileserver.codec.IndigoFileDecoder: ] - Repository Path:/DATA/esb_file/socket_server
[.. ::] [INFO ]  [New I/O server boss # ([id: xeaf, /::::::::]) com.indigo.fileserver.codec.IndigoFileDecoder: ] - Chunck Size:
[.. ::] [INFO ]  [New I/O server boss # ([id: xeaf, /::::::::]) com.indigo.fileserver.codec.IndigoFileDecoder: ] - Set Event:com.indigo.fileserver.event.SimpleEvent@ebbd
[.. ::] [INFO ]  [New I/O  worker # com.indigo.fileserver.IndigoFileServerHandler: ] - server connected : [id: xcc, /...: => /...:] CONNECTED: /...:
[.. ::] [INFO ]  [New I/O  worker # com.indigo.fileserver.codec.IndigoFileDecoder: ] - RECEIVE MSG:<root><metaHeader><id></id><action>GET</action><fileName>FILE_IIA_DEP__.zip</fileName></metaHeader></root>
[.. ::] [INFO ]  [New I/O  worker # com.indigo.fileserver.IndigoFileServerHandler: ] - server closed : [id: xcec, /...: :> /...:] DISCONNECTED
[.. ::] [INFO ]  [New I/O  worker # com.indigo.fileserver.codec.IndigoFileDecoder: ] - RECEIVE CONVERT MSG:Header:{id=, fileName=FILE_IIA_DEP__.zip, action=GET}, Body:{}
[.. ::] [INFO ]  [New I/O  worker # com.indigo.fileserver.event.SimpleEvent: ] - File Send Start : Header:{id=, fileName=FILE_IIA_DEP__.zip, action=GET}, Body:{}
[.. ::] [INFO ]  [New I/O  worker # com.indigo.fileserver.codec.SendFileBiz$: ] - FILE SEND OK:/DATA/esb_file/socket_server/FILE_IIA_DEP__.zip
[.. ::] [INFO ]  [New I/O  worker # com.indigo.fileserver.event.SimpleEvent: ] - File Send Done : Header:{id=, fileName=FILE_IIA_DEP__.zip, action=GET}, Body:{}