[.. ::] [INFO ]  [dataListenerContainer-route- com.indigo.esb.MessageRoute: ] - =========================SQU-OTO Bean SU Start=========================
[.. ::] [INFO ]  [dataListenerContainer-route- com.indigo.esb.MessageRoute: ] - Template Message ..
[.. ::] [INFO ]  [dataListenerContainer-route- com.indigo.esb.MessageRoute: ] - Property Used Process ...
[.. ::] [DEBUG]  [dataListenerContainer-route- com.indigo.esb.MessageRoute: ] - MessageRoute Message Header {if_data_type=DATA, esb_source_table_name=TAC_KPX_SUPPLY_STAT, ESB_POLL_TYPE=NORMAL, batch_query_type=I, count=, init_time=, snd_srv_cd=MPS, log_state=S, if_id=IF_DDD_MPSS_, tx_id=IF_DDD_MPSS___, esb_target_table_name=ML, rcv_srv_cd=DDD, if_type=DB}
[.. ::] [INFO ]  [dataListenerContainer-route- com.indigo.esb.MessageRoute: ] - #### routeData : {DATA_DEST_QUEUE=DDD.MQ.DB.RCV, USE_YN=Y, RCV_CD=DDD, IF_ID=IF_DDD_MPSS_, DESCRIPTION=국민안전처_디딤돌(전력수급예보조회), DEST_ID=IF_DEST_MPSS_, USING_IP=..., CHANGE_DATE=, SND_CD=MPS, RESULT_DEST_QUEUE=DDD.MQ.DB.SND.RPL, RESULT_ARR_QUEUE=DDD.MQ.DB.RCV.RPL, DATA_ARR_QUEUE=DDD.MQ.DB.SND, REMOTE_YN=N}
[.. ::] [INFO ]  [dataListenerContainer-route- com.indigo.esb.MessageRoute: ] - [SQU-OTO] IF ID :IF_DDD_MPSS_, Queue Name :DDD.MQ.DB.RCV, Reply_Queue Name :DDD.MQ.DB.SND.RPL, Dest ID :IF_DEST_MPSS_
[.. ::] [INFO ]  [dataListenerContainer-route- com.indigo.esb.MessageRoute: ] - =========================SQU-OTO Bean END=========================
[.. ::] [INFO ]  [dataListenerContainer-return- com.indigo.esb.ReturnMessage: ] - =========================RQU-OTO Bean SU Start=========================
[.. ::] [INFO ]  [dataListenerContainer-return- com.indigo.esb.ReturnMessage: ] - 템플릿 메세지 ..
[.. ::] [INFO ]  [dataListenerContainer-return- com.indigo.esb.ReturnMessage: ] - Property Used Process ...
[.. ::] [DEBUG]  [dataListenerContainer-return- com.indigo.esb.ReturnMessage: ] - ReturnMessage Message Header {reply_queue=DDD.MQ.DB.SND.RPL, esb_source_table_name=TAC_KPX_SUPPLY_STAT, count=, init_time=, rcv_time=, log_state=S, if_id=IF_DDD_MPSS_, INSERT_ROW=, dest_id=IF_DEST_MPSS_, if_data_type=RESULT, ESB_POLL_TYPE=NORMAL, batch_query_type=I, snd_srv_cd=MPS, esb_target_destination=DDD.MQ.DB.RCV.RPL, tx_id=IF_DDD_MPSS___, esb_target_table_name=ML, rcv_srv_cd=DDD, if_type=DB}
[.. ::] [DEBUG]  [dataListenerContainer-return- com.indigo.esb.ReturnMessage: ] - [RQU-OTO] PropertiesMap :{reply_queue=DDD.MQ.DB.SND.RPL, esb_source_table_name=TAC_KPX_SUPPLY_STAT, count=, init_time=, rcv_time=, log_state=S, if_id=IF_DDD_MPSS_, INSERT_ROW=, dest_id=IF_DEST_MPSS_, log=Y, if_data_type=RESULT, ESB_POLL_TYPE=NORMAL, batch_query_type=I, snd_srv_cd=MPS, esb_target_destination=DDD.MQ.DB.RCV.RPL, tx_id=IF_DDD_MPSS___, esb_target_table_name=ML, rcv_srv_cd=DDD, if_type=DB}
[.. ::] [DEBUG]  [dataListenerContainer-return- com.indigo.esb.ReturnMessage: ] - [RQU-OTO] HeaderMap :{reply_queue=DDD.MQ.DB.SND.RPL, esb_source_table_name=TAC_KPX_SUPPLY_STAT, count=, init_time=, rcv_time=, log_state=S, if_id=IF_DDD_MPSS_, INSERT_ROW=, dest_id=IF_DEST_MPSS_, log=Y, if_data_type=RESULT, ESB_POLL_TYPE=NORMAL, batch_query_type=I, snd_srv_cd=MPS, esb_target_destination=DDD.MQ.DB.RCV.RPL, tx_id=IF_DDD_MPSS___, esb_target_table_name=ML, rcv_srv_cd=DDD, if_type=DB}
[.. ::] [INFO ]  [dataListenerContainer-return- com.indigo.esb.ReturnMessage: ] - [RQU-OTO] Reply Queue Name :DDD.MQ.DB.SND.RPL
[.. ::] [INFO ]  [dataListenerContainer-return- com.indigo.esb.ReturnMessage: ] - Send Message Success !! {reply_queue=DDD.MQ.DB.SND.RPL, esb_source_table_name=TAC_KPX_SUPPLY_STAT, count=, init_time=, rcv_time=, log_state=S, if_id=IF_DDD_MPSS_, INSERT_ROW=, dest_id=IF_DEST_MPSS_, log=Y, if_data_type=RESULT, ESB_POLL_TYPE=NORMAL, batch_query_type=I, snd_srv_cd=MPS, esb_target_destination=DDD.MQ.DB.RCV.RPL, tx_id=IF_DDD_MPSS___, esb_target_table_name=ML, rcv_srv_cd=DDD, if_type=DB}
[.. ::] [INFO ]  [dataListenerContainer-return- com.indigo.esb.ReturnMessage: ] - =========================RQU-OTO Bean END=========================
[.. ::] [INFO ]  [dataListenerContainer-route- com.indigo.esb.MessageRoute: ] - =========================SQU-OTO Bean SU Start=========================
[.. ::] [INFO ]  [dataListenerContainer-route- com.indigo.esb.MessageRoute: ] - Template Message ..
[.. ::] [INFO ]  [dataListenerContainer-route- com.indigo.esb.MessageRoute: ] - Property Used Process ...
[.. ::] [DEBUG]  [dataListenerContainer-route- com.indigo.esb.MessageRoute: ] - MessageRoute Message Header {if_data_type=DATA, esb_source_table_name=TCO_EMC_HOSP_MAX_VAR_INFO_, ESB_POLL_TYPE=NORMAL, batch_query_type=I, count=, CryptoType=SEED, init_time=, snd_srv_cd=ILD, log_state=S, if_id=IF_DMI_FT_, tx_id=IF_DMI_FT___, msg_id=IF_DMI_FT____MSG_, esb_target_table_name=TCO_EMC_HOSP_MAX_VAR_INFO_, rcv_srv_cd=MPS, if_type=DB}
[.. ::] [INFO ]  [dataListenerContainer-route- com.indigo.esb.MessageRoute: ] - #### routeData : {DATA_DEST_QUEUE=ILD.DB.RCV, USE_YN=Y, RCV_CD=SSS, IF_ID=IF_DMI_FT_, DESCRIPTION=지진재해대응시스템[](의료기관 실시간 병상정보), DEST_ID=IF_DEST_ILD_, USING_IP=..., CHANGE_DATE=, SND_CD=ILD, RESULT_DEST_QUEUE=ILD.DB.SND.RPL, RESULT_ARR_QUEUE=ILD.DB.RCV.RPL, DATA_ARR_QUEUE=ILD.DB.SND, REMOTE_YN=N}
[.. ::] [INFO ]  [dataListenerContainer-route- com.indigo.esb.MessageRoute: ] - [SQU-OTO] IF ID :IF_DMI_FT_, Queue Name :ILD.DB.RCV, Reply_Queue Name :ILD.DB.SND.RPL, Dest ID :IF_DEST_ILD_
[.. ::] [INFO ]  [dataListenerContainer-route- com.indigo.esb.MessageRoute: ] - =========================SQU-OTO Bean END=========================
[.. ::] [INFO ]  [dataListenerContainer-return- com.indigo.esb.ReturnMessage: ] - =========================RQU-OTO Bean SU Start=========================
[.. ::] [INFO ]  [dataListenerContainer-return- com.indigo.esb.ReturnMessage: ] - 템플릿 메세지 ..
[.. ::] [INFO ]  [dataListenerContainer-return- com.indigo.esb.ReturnMessage: ] - Property Used Process ...
[.. ::] [DEBUG]  [dataListenerContainer-return- com.indigo.esb.ReturnMessage: ] - ReturnMessage Message Header {reply_queue=ILD.DB.SND.RPL, esb_source_table_name=TCO_EMC_HOSP_MAX_VAR_INFO_, count=, init_time=, rcv_time=, log_state=S, if_id=IF_DMI_FT_, dest_id=IF_DEST_ILD_, if_data_type=RESULT, batch_query_type=I, ESB_POLL_TYPE=NORMAL, CryptoType=SEED, snd_srv_cd=ILD, esb_target_destination=ILD.DB.RCV.RPL, tx_id=IF_DMI_FT___, msg_id=IF_DMI_FT____MSG_, esb_target_table_name=TCO_EMC_HOSP_MAX_VAR_INFO_, ESB_DATA_SIZE=, rcv_srv_cd=SSS, if_type=DB, ESB_DATA_CNT=}
[.. ::] [DEBUG]  [dataListenerContainer-return- com.indigo.esb.ReturnMessage: ] - [RQU-OTO] PropertiesMap :{reply_queue=ILD.DB.SND.RPL, esb_source_table_name=TCO_EMC_HOSP_MAX_VAR_INFO_, count=, init_time=, rcv_time=, log_state=S, if_id=IF_DMI_FT_, dest_id=IF_DEST_ILD_, log=Y, if_data_type=RESULT, batch_query_type=I, ESB_POLL_TYPE=NORMAL, CryptoType=SEED, snd_srv_cd=ILD, esb_target_destination=ILD.DB.RCV.RPL, tx_id=IF_DMI_FT___, msg_id=IF_DMI_FT____MSG_, esb_target_table_name=TCO_EMC_HOSP_MAX_VAR_INFO_, ESB_DATA_SIZE=, rcv_srv_cd=SSS, if_type=DB, ESB_DATA_CNT=}
[.. ::] [DEBUG]  [dataListenerContainer-return- com.indigo.esb.ReturnMessage: ] - [RQU-OTO] HeaderMap :{reply_queue=ILD.DB.SND.RPL, esb_source_table_name=TCO_EMC_HOSP_MAX_VAR_INFO_, count=, init_time=, rcv_time=, log_state=S, if_id=IF_DMI_FT_, dest_id=IF_DEST_ILD_, log=Y, if_data_type=RESULT, batch_query_type=I, ESB_POLL_TYPE=NORMAL, CryptoType=SEED, snd_srv_cd=ILD, esb_target_destination=ILD.DB.RCV.RPL, tx_id=IF_DMI_FT___, msg_id=IF_DMI_FT____MSG_, esb_target_table_name=TCO_EMC_HOSP_MAX_VAR_INFO_, ESB_DATA_SIZE=, rcv_srv_cd=SSS, if_type=DB, ESB_DATA_CNT=}
[.. ::] [INFO ]  [dataListenerContainer-return- com.indigo.esb.ReturnMessage: ] - [RQU-OTO] Reply Queue Name :ILD.DB.SND.RPL
[.. ::] [INFO ]  [dataListenerContainer-return- com.indigo.esb.ReturnMessage: ] - Send Message Success !! {reply_queue=ILD.DB.SND.RPL, esb_source_table_name=TCO_EMC_HOSP_MAX_VAR_INFO_, count=, init_time=, rcv_time=, log_state=S, if_id=IF_DMI_FT_, dest_id=IF_DEST_ILD_, log=Y, if_data_type=RESULT, batch_query_type=I, ESB_POLL_TYPE=NORMAL, CryptoType=SEED, snd_srv_cd=ILD, esb_target_destination=ILD.DB.RCV.RPL, tx_id=IF_DMI_FT___, msg_id=IF_DMI_FT____MSG_, esb_target_table_name=TCO_EMC_HOSP_MAX_VAR_INFO_, ESB_DATA_SIZE=, rcv_srv_cd=SSS, if_type=DB, ESB_DATA_CNT=}
[.. ::] [INFO ]  [dataListenerContainer-return- com.indigo.esb.ReturnMessage: ] - =========================RQU-OTO Bean END=========================
[.. ::] [INFO ]  [dataListenerContainer-return- com.indigo.esb.ReturnMessage: ] - =========================RQU-OTO Bean SU Start=========================
[.. ::] [INFO ]  [dataListenerContainer-return- com.indigo.esb.ReturnMessage: ] - 템플릿 메세지 ..
[.. ::] [INFO ]  [dataListenerContainer-return- com.indigo.esb.ReturnMessage: ] - Property Used Process ...
[.. ::] [DEBUG]  [dataListenerContainer-return- com.indigo.esb.ReturnMessage: ] - ReturnMessage Message Header {reply_queue=KAI.MQ.DB.SND.RPL, esb_source_table_name=SITTN_RDOWAV_MSNGR_LOG, count=, init_time=, rcv_time=, log_state=S, if_id=IF_KAI_MPSS_, INSERT_ROW=, dest_id=IF_DEST_MPSS_, if_data_type=RESULT, ESB_POLL_TYPE=NORMAL, batch_query_type=I, CryptoType=SEED, snd_srv_cd=KAI, esb_target_destination=KAI.MQ.DB.RCV.RPL, tx_id=IF_KAI_MPSS___, esb_target_table_name=TOB_SITTN_RDOWAV_MSNGR_LOG, rcv_srv_cd=MPS, if_type=DB}
[.. ::] [DEBUG]  [dataListenerContainer-return- com.indigo.esb.ReturnMessage: ] - [RQU-OTO] PropertiesMap :{reply_queue=KAI.MQ.DB.SND.RPL, esb_source_table_name=SITTN_RDOWAV_MSNGR_LOG, count=, init_time=, rcv_time=, log_state=S, if_id=IF_KAI_MPSS_, INSERT_ROW=, dest_id=IF_DEST_MPSS_, log=Y, if_data_type=RESULT, ESB_POLL_TYPE=NORMAL, batch_query_type=I, CryptoType=SEED, snd_srv_cd=KAI, esb_target_destination=KAI.MQ.DB.RCV.RPL, tx_id=IF_KAI_MPSS___, esb_target_table_name=TOB_SITTN_RDOWAV_MSNGR_LOG, rcv_srv_cd=MPS, if_type=DB}
[.. ::] [DEBUG]  [dataListenerContainer-return- com.indigo.esb.ReturnMessage: ] - [RQU-OTO] HeaderMap :{reply_queue=KAI.MQ.DB.SND.RPL, esb_source_table_name=SITTN_RDOWAV_MSNGR_LOG, count=, init_time=, rcv_time=, log_state=S, if_id=IF_KAI_MPSS_, INSERT_ROW=, dest_id=IF_DEST_MPSS_, log=Y, if_data_type=RESULT, ESB_POLL_TYPE=NORMAL, batch_query_type=I, CryptoType=SEED, snd_srv_cd=KAI, esb_target_destination=KAI.MQ.DB.RCV.RPL, tx_id=IF_KAI_MPSS___, esb_target_table_name=TOB_SITTN_RDOWAV_MSNGR_LOG, rcv_srv_cd=MPS, if_type=DB}
[.. ::] [INFO ]  [dataListenerContainer-return- com.indigo.esb.ReturnMessage: ] - [RQU-OTO] Reply Queue Name :KAI.MQ.DB.SND.RPL
[.. ::] [INFO ]  [dataListenerContainer-return- com.indigo.esb.ReturnMessage: ] - Send Message Success !! {reply_queue=KAI.MQ.DB.SND.RPL, esb_source_table_name=SITTN_RDOWAV_MSNGR_LOG, count=, init_time=, rcv_time=, log_state=S, if_id=IF_KAI_MPSS_, INSERT_ROW=, dest_id=IF_DEST_MPSS_, log=Y, if_data_type=RESULT, ESB_POLL_TYPE=NORMAL, batch_query_type=I, CryptoType=SEED, snd_srv_cd=KAI, esb_target_destination=KAI.MQ.DB.RCV.RPL, tx_id=IF_KAI_MPSS___, esb_target_table_name=TOB_SITTN_RDOWAV_MSNGR_LOG, rcv_srv_cd=MPS, if_type=DB}
[.. ::] [INFO ]  [dataListenerContainer-return- com.indigo.esb.ReturnMessage: ] - =========================RQU-OTO Bean END=========================
[.. ::] [INFO ]  [dataListenerContainer-return- com.indigo.esb.ReturnMessage: ] - =========================RQU-OTO Bean SU Start=========================
[.. ::] [INFO ]  [dataListenerContainer-return- com.indigo.esb.ReturnMessage: ] - 템플릿 메세지 ..
[.. ::] [INFO ]  [dataListenerContainer-return- com.indigo.esb.ReturnMessage: ] - Property Used Process ...
[.. ::] [DEBUG]  [dataListenerContainer-return- com.indigo.esb.ReturnMessage: ] - ReturnMessage Message Header {reply_queue=DIJ.MQ.DB.SND.RPL, esb_source_table_name=CM_DSPLIST, count=, init_time=, rcv_time=, log_state=S, if_id=IF_DIJ_PHJ_, INSERT_ROW=, dest_id=IF_DEST_PHJ, if_data_type=RESULT, ESB_POLL_TYPE=NORMAL, batch_query_type=I, snd_srv_cd=DIJ, esb_target_destination=RETURN.IN.OTO, tx_id=IF_DIJ_PHJ___, esb_target_table_name=THP_IF_CM_DSPLIST, rcv_srv_cd=PHJ, if_type=DB}
[.. ::] [DEBUG]  [dataListenerContainer-return- com.indigo.esb.ReturnMessage: ] - [RQU-OTO] PropertiesMap :{reply_queue=DIJ.MQ.DB.SND.RPL, esb_source_table_name=CM_DSPLIST, count=, init_time=, rcv_time=, log_state=S, if_id=IF_DIJ_PHJ_, INSERT_ROW=, dest_id=IF_DEST_PHJ, log=Y, if_data_type=RESULT, ESB_POLL_TYPE=NORMAL, batch_query_type=I, snd_srv_cd=DIJ, esb_target_destination=RETURN.IN.OTO, tx_id=IF_DIJ_PHJ___, esb_target_table_name=THP_IF_CM_DSPLIST, rcv_srv_cd=PHJ, if_type=DB}
[.. ::] [DEBUG]  [dataListenerContainer-return- com.indigo.esb.ReturnMessage: ] - [RQU-OTO] HeaderMap :{reply_queue=DIJ.MQ.DB.SND.RPL, esb_source_table_name=CM_DSPLIST, count=, init_time=, rcv_time=, log_state=S, if_id=IF_DIJ_PHJ_, INSERT_ROW=, dest_id=IF_DEST_PHJ, log=Y, if_data_type=RESULT, ESB_POLL_TYPE=NORMAL, batch_query_type=I, snd_srv_cd=DIJ, esb_target_destination=RETURN.IN.OTO, tx_id=IF_DIJ_PHJ___, esb_target_table_name=THP_IF_CM_DSPLIST, rcv_srv_cd=PHJ, if_type=DB}
[.. ::] [INFO ]  [dataListenerContainer-return- com.indigo.esb.ReturnMessage: ] - [RQU-OTO] Reply Queue Name :DIJ.MQ.DB.SND.RPL
[.. ::] [INFO ]  [dataListenerContainer-return- com.indigo.esb.ReturnMessage: ] - Send Message Success !! {reply_queue=DIJ.MQ.DB.SND.RPL, esb_source_table_name=CM_DSPLIST, count=, init_time=, rcv_time=, log_state=S, if_id=IF_DIJ_PHJ_, INSERT_ROW=, dest_id=IF_DEST_PHJ, log=Y, if_data_type=RESULT, ESB_POLL_TYPE=NORMAL, batch_query_type=I, snd_srv_cd=DIJ, esb_target_destination=RETURN.IN.OTO, tx_id=IF_DIJ_PHJ___, esb_target_table_name=THP_IF_CM_DSPLIST, rcv_srv_cd=PHJ, if_type=DB}
[.. ::] [INFO ]  [dataListenerContainer-return- com.indigo.esb.ReturnMessage: ] - =========================RQU-OTO Bean END=========================
[.. ::] [INFO ]  [New I/O server boss # ([id: xeaf, /::::::::]) com.indigo.fileserver.codec.IndigoFileDecoder: ] - Repository Path:/DATA/esb_file/socket_server
[.. ::] [INFO ]  [New I/O server boss # ([id: xeaf, /::::::::]) com.indigo.fileserver.codec.IndigoFileDecoder: ] - Chunck Size:
[.. ::] [INFO ]  [New I/O server boss # ([id: xeaf, /::::::::]) com.indigo.fileserver.codec.IndigoFileDecoder: ] - Set Event:com.indigo.fileserver.event.SimpleEvent@ebbd
[.. ::] [INFO ]  [New I/O  worker # com.indigo.fileserver.IndigoFileServerHandler: ] - server connected : [id: xac, /...: => /...:] CONNECTED: /...:
[.. ::] [INFO ]  [New I/O  worker # com.indigo.fileserver.codec.IndigoFileDecoder: ] - RECEIVE MSG:<root><metaHeader><id></id><action>PUT</action><fileName>FILE_IIA_DEP__.zip</fileName><fileLength></fileLength></metaHeader></root>
[.. ::] [INFO ]  [New I/O  worker # com.indigo.fileserver.codec.IndigoFileDecoder: ] - RECEIVE CONVERT MSG:Header:{id=, fileLength=, fileName=FILE_IIA_DEP__.zip, action=PUT}, Body:{}
[.. ::] [INFO ]  [New I/O  worker # com.indigo.fileserver.event.SimpleEvent: ] - File Receive Start : Header:{id=, fileLength=, fileName=FILE_IIA_DEP__.zip, action=PUT}, Body:{}
[.. ::] [INFO ]  [New I/O  worker # com.indigo.fileserver.codec.ReceiveFileBiz: ] - save sucess : /DATA/esb_file/socket_server//FILE_IIA_DEP__.zip
[.. ::] [INFO ]  [New I/O  worker # com.indigo.fileserver.event.SimpleEvent: ] - File Receive Done : Header:{id=, fileLength=, fileName=FILE_IIA_DEP__.zip, action=PUT}, Body:{}
[.. ::] [INFO ]  [New I/O  worker # com.indigo.fileserver.IndigoFileServerHandler: ] - server closed : [id: xac, /...: :> /...:] DISCONNECTED
[.. ::] [INFO ]  [New I/O server boss # ([id: xeaf, /::::::::]) com.indigo.fileserver.codec.IndigoFileDecoder: ] - Repository Path:/DATA/esb_file/socket_server
[.. ::] [INFO ]  [New I/O server boss # ([id: xeaf, /::::::::]) com.indigo.fileserver.codec.IndigoFileDecoder: ] - Chunck Size:
[.. ::] [INFO ]  [New I/O server boss # ([id: xeaf, /::::::::]) com.indigo.fileserver.codec.IndigoFileDecoder: ] - Set Event:com.indigo.fileserver.event.SimpleEvent@ebbd
[.. ::] [INFO ]  [New I/O  worker # com.indigo.fileserver.IndigoFileServerHandler: ] - server connected : [id: xda, /...: => /...:] CONNECTED: /...:
[.. ::] [INFO ]  [New I/O  worker # com.indigo.fileserver.codec.IndigoFileDecoder: ] - RECEIVE MSG:<root><metaHeader><id></id><action>PUT</action><fileName>FILE_IIA_ARR__.zip</fileName><fileLength></fileLength></metaHeader></root>
[.. ::] [INFO ]  [New I/O  worker # com.indigo.fileserver.codec.IndigoFileDecoder: ] - RECEIVE CONVERT MSG:Header:{id=, fileLength=, fileName=FILE_IIA_ARR__.zip, action=PUT}, Body:{}
[.. ::] [INFO ]  [New I/O  worker # com.indigo.fileserver.event.SimpleEvent: ] - File Receive Start : Header:{id=, fileLength=, fileName=FILE_IIA_ARR__.zip, action=PUT}, Body:{}
[.. ::] [INFO ]  [New I/O  worker # com.indigo.fileserver.codec.ReceiveFileBiz: ] - save sucess : /DATA/esb_file/socket_server//FILE_IIA_ARR__.zip
[.. ::] [INFO ]  [New I/O  worker # com.indigo.fileserver.event.SimpleEvent: ] - File Receive Done : Header:{id=, fileLength=, fileName=FILE_IIA_ARR__.zip, action=PUT}, Body:{}
[.. ::] [INFO ]  [New I/O  worker # com.indigo.fileserver.IndigoFileServerHandler: ] - server closed : [id: xda, /...: :> /...:] DISCONNECTED
[.. ::] [INFO ]  [New I/O server boss # ([id: xeaf, /::::::::]) com.indigo.fileserver.codec.IndigoFileDecoder: ] - Repository Path:/DATA/esb_file/socket_server
[.. ::] [INFO ]  [New I/O server boss # ([id: xeaf, /::::::::]) com.indigo.fileserver.codec.IndigoFileDecoder: ] - Chunck Size:
[.. ::] [INFO ]  [New I/O server boss # ([id: xeaf, /::::::::]) com.indigo.fileserver.codec.IndigoFileDecoder: ] - Set Event:com.indigo.fileserver.event.SimpleEvent@ebbd
[.. ::] [INFO ]  [New I/O  worker # com.indigo.fileserver.IndigoFileServerHandler: ] - server connected : [id: xfe, /...: => /...:] CONNECTED: /...:
[.. ::] [INFO ]  [New I/O  worker # com.indigo.fileserver.codec.IndigoFileDecoder: ] - RECEIVE MSG:<root><metaHeader><id></id><action>GET</action><fileName>FILE_IIA_DEP__.zip</fileName></metaHeader></root>
[.. ::] [INFO ]  [New I/O  worker # com.indigo.fileserver.codec.IndigoFileDecoder: ] - RECEIVE CONVERT MSG:Header:{id=, fileName=FILE_IIA_DEP__.zip, action=GET}, Body:{}
[.. ::] [INFO ]  [New I/O  worker # com.indigo.fileserver.event.SimpleEvent: ] - File Send Start : Header:{id=, fileName=FILE_IIA_DEP__.zip, action=GET}, Body:{}
[.. ::] [INFO ]  [New I/O  worker # com.indigo.fileserver.codec.SendFileBiz$: ] - FILE SEND OK:/DATA/esb_file/socket_server/FILE_IIA_DEP__.zip
[.. ::] [INFO ]  [New I/O  worker # com.indigo.fileserver.event.SimpleEvent: ] - File Send Done : Header:{id=, fileName=FILE_IIA_DEP__.zip, action=GET}, Body:{}
[.. ::] [INFO ]  [New I/O  worker # com.indigo.fileserver.IndigoFileServerHandler: ] - server closed : [id: xfe, /...: :> /...:] DISCONNECTED
[.. ::] [INFO ]  [New I/O server boss # ([id: xeaf, /::::::::]) com.indigo.fileserver.codec.IndigoFileDecoder: ] - Repository Path:/DATA/esb_file/socket_server
[.. ::] [INFO ]  [New I/O server boss # ([id: xeaf, /::::::::]) com.indigo.fileserver.codec.IndigoFileDecoder: ] - Chunck Size:
[.. ::] [INFO ]  [New I/O server boss # ([id: xeaf, /::::::::]) com.indigo.fileserver.codec.IndigoFileDecoder: ] - Set Event:com.indigo.fileserver.event.SimpleEvent@ebbd
[.. ::] [INFO ]  [New I/O  worker # com.indigo.fileserver.IndigoFileServerHandler: ] - server connected : [id: xda, /...: => /...:] CONNECTED: /...:
[.. ::] [INFO ]  [New I/O  worker # com.indigo.fileserver.codec.IndigoFileDecoder: ] - RECEIVE MSG:<root><metaHeader><id></id><action>GET</action><fileName>FILE_IIA_ARR__.zip</fileName></metaHeader></root>
[.. ::] [INFO ]  [New I/O  worker # com.indigo.fileserver.codec.IndigoFileDecoder: ] - RECEIVE CONVERT MSG:Header:{id=, fileName=FILE_IIA_ARR__.zip, action=GET}, Body:{}
[.. ::] [INFO ]  [New I/O  worker # com.indigo.fileserver.event.SimpleEvent: ] - File Send Start : Header:{id=, fileName=FILE_IIA_ARR__.zip, action=GET}, Body:{}
[.. ::] [INFO ]  [New I/O  worker # com.indigo.fileserver.codec.SendFileBiz$: ] - FILE SEND OK:/DATA/esb_file/socket_server/FILE_IIA_ARR__.zip
[.. ::] [INFO ]  [New I/O  worker # com.indigo.fileserver.event.SimpleEvent: ] - File Send Done : Header:{id=, fileName=FILE_IIA_ARR__.zip, action=GET}, Body:{}
[.. ::] [INFO ]  [New I/O  worker # com.indigo.fileserver.IndigoFileServerHandler: ] - server closed : [id: xda, /...: :> /...:] DISCONNECTED
[.. ::] [INFO ]  [Timer- com.indigo.esb.dashboard.notify.IndigoNotifyMonitor: ] - Indigo schedule notify monitor.
[.. ::] [DEBUG]  [Timer- com.indigo.esb.dashboard.notify.IndigoNotifyMonitor: ] - [ServiceMonitor] monitoring...
[.. ::] [DEBUG]  [Timer- com.indigo.esb.dashboard.notify.IndigoNotifyMonitor: ] - [QueueMonitor] monitoring...
[.. ::] [INFO ]  [Timer- com.indigo.esb.dashboard.notify.IndigoNotifyMonitor: ] - Indigo schedule notify monitor end.  ms
[.. ::] [INFO ]  [dataListenerContainer-route- com.indigo.esb.MessageRoute: ] - =========================SQU-OTO Bean SU Start=========================
[.. ::] [INFO ]  [dataListenerContainer-route- com.indigo.esb.MessageRoute: ] - Template Message ..
[.. ::] [INFO ]  [dataListenerContainer-route- com.indigo.esb.MessageRoute: ] - Property Used Process ...
[.. ::] [DEBUG]  [dataListenerContainer-route- com.indigo.esb.MessageRoute: ] - MessageRoute Message Header {if_data_type=DATA, esb_source_table_name=VWR_IST_ICD_CD, ESB_POLL_TYPE=NORMAL, batch_query_type=I, count=, CryptoType=SEED, init_time=, snd_srv_cd=CDC, log_state=S, if_id=IF_CDC_MPSS_, tx_id=IF_CDC_MPSS___, msg_id=IF_CDC_MPSS____MSG_, esb_target_table_name=TCM_CDC_DCD, rcv_srv_cd=MPS, if_type=DB}
[.. ::] [INFO ]  [dataListenerContainer-route- com.indigo.esb.MessageRoute: ] - #### routeData : {DATA_DEST_QUEUE=CDC.MQ.DB.RCV, USE_YN=Y, RCV_CD=MPS, IF_ID=IF_CDC_MPSS_, DESCRIPTION=질병관리본부(법정전염병 발생정보), DEST_ID=IF_DEST_MPSS_, USING_IP=..., CHANGE_DATE=, SND_CD=CDC, RESULT_DEST_QUEUE=CDC.MQ.DB.SND.RPL, RESULT_ARR_QUEUE=CDC.MQ.DB.RCV.RPL, DATA_ARR_QUEUE=CDC.MQ.DB.SND, REMOTE_YN=N}
[.. ::] [INFO ]  [dataListenerContainer-route- com.indigo.esb.MessageRoute: ] - [SQU-OTO] IF ID :IF_CDC_MPSS_, Queue Name :CDC.MQ.DB.RCV, Reply_Queue Name :CDC.MQ.DB.SND.RPL, Dest ID :IF_DEST_MPSS_
[.. ::] [INFO ]  [dataListenerContainer-route- com.indigo.esb.MessageRoute: ] - =========================SQU-OTO Bean END=========================
[.. ::] [INFO ]  [dataListenerContainer-return- com.indigo.esb.ReturnMessage: ] - =========================RQU-OTO Bean SU Start=========================
[.. ::] [INFO ]  [dataListenerContainer-return- com.indigo.esb.ReturnMessage: ] - 템플릿 메세지 ..
[.. ::] [INFO ]  [dataListenerContainer-return- com.indigo.esb.ReturnMessage: ] - Property Used Process ...
[.. ::] [DEBUG]  [dataListenerContainer-return- com.indigo.esb.ReturnMessage: ] - ReturnMessage Message Header {reply_queue=KAI.MQ.DB.SND.RPL, esb_source_table_name=SITTN_RDOWAV_MSNGR_LOG, count=, init_time=, rcv_time=, log_state=S, if_id=IF_KAI_MPSS_, INSERT_ROW=, dest_id=IF_DEST_MPSS_, if_data_type=RESULT, ESB_POLL_TYPE=NORMAL, batch_query_type=I, CryptoType=SEED, snd_srv_cd=KAI, esb_target_destination=KAI.MQ.DB.RCV.RPL, tx_id=IF_KAI_MPSS___, esb_target_table_name=TOB_SITTN_RDOWAV_MSNGR_LOG, rcv_srv_cd=MPS, if_type=DB}
[.. ::] [DEBUG]  [dataListenerContainer-return- com.indigo.esb.ReturnMessage: ] - [RQU-OTO] PropertiesMap :{reply_queue=KAI.MQ.DB.SND.RPL, esb_source_table_name=SITTN_RDOWAV_MSNGR_LOG, count=, init_time=, rcv_time=, log_state=S, if_id=IF_KAI_MPSS_, INSERT_ROW=, dest_id=IF_DEST_MPSS_, log=Y, if_data_type=RESULT, ESB_POLL_TYPE=NORMAL, batch_query_type=I, CryptoType=SEED, snd_srv_cd=KAI, esb_target_destination=KAI.MQ.DB.RCV.RPL, tx_id=IF_KAI_MPSS___, esb_target_table_name=TOB_SITTN_RDOWAV_MSNGR_LOG, rcv_srv_cd=MPS, if_type=DB}
[.. ::] [DEBUG]  [dataListenerContainer-return- com.indigo.esb.ReturnMessage: ] - [RQU-OTO] HeaderMap :{reply_queue=KAI.MQ.DB.SND.RPL, esb_source_table_name=SITTN_RDOWAV_MSNGR_LOG, count=, init_time=, rcv_time=, log_state=S, if_id=IF_KAI_MPSS_, INSERT_ROW=, dest_id=IF_DEST_MPSS_, log=Y, if_data_type=RESULT, ESB_POLL_TYPE=NORMAL, batch_query_type=I, CryptoType=SEED, snd_srv_cd=KAI, esb_target_destination=KAI.MQ.DB.RCV.RPL, tx_id=IF_KAI_MPSS___, esb_target_table_name=TOB_SITTN_RDOWAV_MSNGR_LOG, rcv_srv_cd=MPS, if_type=DB}
[.. ::] [INFO ]  [dataListenerContainer-return- com.indigo.esb.ReturnMessage: ] - [RQU-OTO] Reply Queue Name :KAI.MQ.DB.SND.RPL
[.. ::] [INFO ]  [dataListenerContainer-return- com.indigo.esb.ReturnMessage: ] - Send Message Success !! {reply_queue=KAI.MQ.DB.SND.RPL, esb_source_table_name=SITTN_RDOWAV_MSNGR_LOG, count=, init_time=, rcv_time=, log_state=S, if_id=IF_KAI_MPSS_, INSERT_ROW=, dest_id=IF_DEST_MPSS_, log=Y, if_data_type=RESULT, ESB_POLL_TYPE=NORMAL, batch_query_type=I, CryptoType=SEED, snd_srv_cd=KAI, esb_target_destination=KAI.MQ.DB.RCV.RPL, tx_id=IF_KAI_MPSS___, esb_target_table_name=TOB_SITTN_RDOWAV_MSNGR_LOG, rcv_srv_cd=MPS, if_type=DB}
[.. ::] [INFO ]  [dataListenerContainer-return- com.indigo.esb.ReturnMessage: ] - =========================RQU-OTO Bean END=========================
[.. ::] [INFO ]  [dataListenerContainer-return- com.indigo.esb.ReturnMessage: ] - =========================RQU-OTO Bean SU Start=========================
[.. ::] [INFO ]  [dataListenerContainer-return- com.indigo.esb.ReturnMessage: ] - 템플릿 메세지 ..
[.. ::] [INFO ]  [dataListenerContainer-return- com.indigo.esb.ReturnMessage: ] - Property Used Process ...
[.. ::] [DEBUG]  [dataListenerContainer-return- com.indigo.esb.ReturnMessage: ] - ReturnMessage Message Header {reply_queue=MAW.DB.SND.RPL, esb_source_table_name=TCO_EMC_HOSP_MAX_VAR_INFO, count=, init_time=, rcv_time=, log_state=S, if_id=IF_MAW_MPSS_, INSERT_ROW=, dest_id=IF_DEST_MPSS_, if_data_type=RESULT, ESB_POLL_TYPE=NORMAL, batch_query_type=I, snd_srv_cd=MAW, esb_target_destination=MAW.MQ.DB.RCV.RPL, tx_id=IF_MAW_MPSS___, esb_target_table_name=TCO_EMC_HOSP_MAX_VAR_INFO, rcv_srv_cd=MPS, if_type=DB}
[.. ::] [DEBUG]  [dataListenerContainer-return- com.indigo.esb.ReturnMessage: ] - [RQU-OTO] PropertiesMap :{reply_queue=MAW.DB.SND.RPL, esb_source_table_name=TCO_EMC_HOSP_MAX_VAR_INFO, count=, init_time=, rcv_time=, log_state=S, if_id=IF_MAW_MPSS_, INSERT_ROW=, dest_id=IF_DEST_MPSS_, log=Y, if_data_type=RESULT, ESB_POLL_TYPE=NORMAL, batch_query_type=I, snd_srv_cd=MAW, esb_target_destination=MAW.MQ.DB.RCV.RPL, tx_id=IF_MAW_MPSS___, esb_target_table_name=TCO_EMC_HOSP_MAX_VAR_INFO, rcv_srv_cd=MPS, if_type=DB}
[.. ::] [DEBUG]  [dataListenerContainer-return- com.indigo.esb.ReturnMessage: ] - [RQU-OTO] HeaderMap :{reply_queue=MAW.DB.SND.RPL, esb_source_table_name=TCO_EMC_HOSP_MAX_VAR_INFO, count=, init_time=, rcv_time=, log_state=S, if_id=IF_MAW_MPSS_, INSERT_ROW=, dest_id=IF_DEST_MPSS_, log=Y, if_data_type=RESULT, ESB_POLL_TYPE=NORMAL, batch_query_type=I, snd_srv_cd=MAW, esb_target_destination=MAW.MQ.DB.RCV.RPL, tx_id=IF_MAW_MPSS___, esb_target_table_name=TCO_EMC_HOSP_MAX_VAR_INFO, rcv_srv_cd=MPS, if_type=DB}
[.. ::] [INFO ]  [dataListenerContainer-return- com.indigo.esb.ReturnMessage: ] - [RQU-OTO] Reply Queue Name :MAW.DB.SND.RPL
[.. ::] [INFO ]  [dataListenerContainer-return- com.indigo.esb.ReturnMessage: ] - Send Message Success !! {reply_queue=MAW.DB.SND.RPL, esb_source_table_name=TCO_EMC_HOSP_MAX_VAR_INFO, count=, init_time=, rcv_time=, log_state=S, if_id=IF_MAW_MPSS_, INSERT_ROW=, dest_id=IF_DEST_MPSS_, log=Y, if_data_type=RESULT, ESB_POLL_TYPE=NORMAL, batch_query_type=I, snd_srv_cd=MAW, esb_target_destination=MAW.MQ.DB.RCV.RPL, tx_id=IF_MAW_MPSS___, esb_target_table_name=TCO_EMC_HOSP_MAX_VAR_INFO, rcv_srv_cd=MPS, if_type=DB}
[.. ::] [INFO ]  [dataListenerContainer-return- com.indigo.esb.ReturnMessage: ] - =========================RQU-OTO Bean END=========================
[.. ::] [INFO ]  [dataListenerContainer-return- com.indigo.esb.ReturnMessage: ] - =========================RQU-OTO Bean SU Start=========================
[.. ::] [INFO ]  [dataListenerContainer-return- com.indigo.esb.ReturnMessage: ] - 템플릿 메세지 ..
[.. ::] [INFO ]  [dataListenerContainer-return- com.indigo.esb.ReturnMessage: ] - Property Used Process ...
[.. ::] [DEBUG]  [dataListenerContainer-return- com.indigo.esb.ReturnMessage: ] - ReturnMessage Message Header {reply_queue=DIJ.MQ.DB.SND.RPL, esb_source_table_name=CM_DSPCMD, count=, init_time=, rcv_time=, log_state=S, if_id=IF_DIJ_PHJ_, INSERT_ROW=, dest_id=IF_DEST_PHJ, if_data_type=RESULT, ESB_POLL_TYPE=NORMAL, batch_query_type=I, snd_srv_cd=DIJ, esb_target_destination=RETURN.IN.OTO, tx_id=IF_DIJ_PHJ___, esb_target_table_name=THP_IF_CM_DSPCMD, rcv_srv_cd=PHJ, if_type=DB}
[.. ::] [DEBUG]  [dataListenerContainer-return- com.indigo.esb.ReturnMessage: ] - [RQU-OTO] PropertiesMap :{reply_queue=DIJ.MQ.DB.SND.RPL, esb_source_table_name=CM_DSPCMD, count=, init_time=, rcv_time=, log_state=S, if_id=IF_DIJ_PHJ_, INSERT_ROW=, dest_id=IF_DEST_PHJ, log=Y, if_data_type=RESULT, ESB_POLL_TYPE=NORMAL, batch_query_type=I, snd_srv_cd=DIJ, esb_target_destination=RETURN.IN.OTO, tx_id=IF_DIJ_PHJ___, esb_target_table_name=THP_IF_CM_DSPCMD, rcv_srv_cd=PHJ, if_type=DB}
[.. ::] [DEBUG]  [dataListenerContainer-return- com.indigo.esb.ReturnMessage: ] - [RQU-OTO] HeaderMap :{reply_queue=DIJ.MQ.DB.SND.RPL, esb_source_table_name=CM_DSPCMD, count=, init_time=, rcv_time=, log_state=S, if_id=IF_DIJ_PHJ_, INSERT_ROW=, dest_id=IF_DEST_PHJ, log=Y, if_data_type=RESULT, ESB_POLL_TYPE=NORMAL, batch_query_type=I, snd_srv_cd=DIJ, esb_target_destination=RETURN.IN.OTO, tx_id=IF_DIJ_PHJ___, esb_target_table_name=THP_IF_CM_DSPCMD, rcv_srv_cd=PHJ, if_type=DB}
[.. ::] [INFO ]  [dataListenerContainer-return- com.indigo.esb.ReturnMessage: ] - [RQU-OTO] Reply Queue Name :DIJ.MQ.DB.SND.RPL
[.. ::] [INFO ]  [dataListenerContainer-return- com.indigo.esb.ReturnMessage: ] - Send Message Success !! {reply_queue=DIJ.MQ.DB.SND.RPL, esb_source_table_name=CM_DSPCMD, count=, init_time=, rcv_time=, log_state=S, if_id=IF_DIJ_PHJ_, INSERT_ROW=, dest_id=IF_DEST_PHJ, log=Y, if_data_type=RESULT, ESB_POLL_TYPE=NORMAL, batch_query_type=I, snd_srv_cd=DIJ, esb_target_destination=RETURN.IN.OTO, tx_id=IF_DIJ_PHJ___, esb_target_table_name=THP_IF_CM_DSPCMD, rcv_srv_cd=PHJ, if_type=DB}
[.. ::] [INFO ]  [dataListenerContainer-return- com.indigo.esb.ReturnMessage: ] - =========================RQU-OTO Bean END=========================
[.. ::] [INFO ]  [dataListenerContainer-route- com.indigo.esb.MessageRoute: ] - =========================SQU-OTO Bean SU Start=========================
[.. ::] [INFO ]  [dataListenerContainer-route- com.indigo.esb.MessageRoute: ] - Template Message ..
[.. ::] [INFO ]  [dataListenerContainer-route- com.indigo.esb.MessageRoute: ] - Property Used Process ...
[.. ::] [DEBUG]  [dataListenerContainer-route- com.indigo.esb.MessageRoute: ] - MessageRoute Message Header {if_data_type=DATA, esb_source_table_name=TCO_EMC_HOSP_MAX_VAR_INFO_, ESB_POLL_TYPE=NORMAL, batch_query_type=I, count=, CryptoType=SEED, init_time=, snd_srv_cd=ILD, log_state=S, if_id=IF_DMI_FT_, tx_id=IF_DMI_FT___, msg_id=IF_DMI_FT____MSG_, esb_target_table_name=TCO_EMC_HOSP_MAX_VAR_INFO_, rcv_srv_cd=MPS, if_type=DB}
[.. ::] [INFO ]  [dataListenerContainer-route- com.indigo.esb.MessageRoute: ] - #### routeData : {DATA_DEST_QUEUE=ILD.DB.RCV, USE_YN=Y, RCV_CD=SSS, IF_ID=IF_DMI_FT_, DESCRIPTION=지진재해대응시스템[](의료기관 실시간 병상정보), DEST_ID=IF_DEST_ILD_, USING_IP=..., CHANGE_DATE=, SND_CD=ILD, RESULT_DEST_QUEUE=ILD.DB.SND.RPL, RESULT_ARR_QUEUE=ILD.DB.RCV.RPL, DATA_ARR_QUEUE=ILD.DB.SND, REMOTE_YN=N}
[.. ::] [INFO ]  [dataListenerContainer-route- com.indigo.esb.MessageRoute: ] - [SQU-OTO] IF ID :IF_DMI_FT_, Queue Name :ILD.DB.RCV, Reply_Queue Name :ILD.DB.SND.RPL, Dest ID :IF_DEST_ILD_
[.. ::] [INFO ]  [dataListenerContainer-route- com.indigo.esb.MessageRoute: ] - =========================SQU-OTO Bean END=========================
[.. ::] [INFO ]  [dataListenerContainer-return- com.indigo.esb.ReturnMessage: ] - =========================RQU-OTO Bean SU Start=========================
[.. ::] [INFO ]  [dataListenerContainer-return- com.indigo.esb.ReturnMessage: ] - 템플릿 메세지 ..
[.. ::] [INFO ]  [dataListenerContainer-return- com.indigo.esb.ReturnMessage: ] - Property Used Process ...
[.. ::] [DEBUG]  [dataListenerContainer-return- com.indigo.esb.ReturnMessage: ] - ReturnMessage Message Header {reply_queue=ILD.DB.SND.RPL, esb_source_table_name=TCO_EMC_HOSP_MAX_VAR_INFO_, count=, init_time=, rcv_time=, log_state=S, if_id=IF_DMI_FT_, dest_id=IF_DEST_ILD_, if_data_type=RESULT, batch_query_type=I, ESB_POLL_TYPE=NORMAL, CryptoType=SEED, snd_srv_cd=ILD, esb_target_destination=ILD.DB.RCV.RPL, tx_id=IF_DMI_FT___, msg_id=IF_DMI_FT____MSG_, esb_target_table_name=TCO_EMC_HOSP_MAX_VAR_INFO_, ESB_DATA_SIZE=, rcv_srv_cd=SSS, if_type=DB, ESB_DATA_CNT=}
[.. ::] [DEBUG]  [dataListenerContainer-return- com.indigo.esb.ReturnMessage: ] - [RQU-OTO] PropertiesMap :{reply_queue=ILD.DB.SND.RPL, esb_source_table_name=TCO_EMC_HOSP_MAX_VAR_INFO_, count=, init_time=, rcv_time=, log_state=S, if_id=IF_DMI_FT_, dest_id=IF_DEST_ILD_, log=Y, if_data_type=RESULT, batch_query_type=I, ESB_POLL_TYPE=NORMAL, CryptoType=SEED, snd_srv_cd=ILD, esb_target_destination=ILD.DB.RCV.RPL, tx_id=IF_DMI_FT___, msg_id=IF_DMI_FT____MSG_, esb_target_table_name=TCO_EMC_HOSP_MAX_VAR_INFO_, ESB_DATA_SIZE=, rcv_srv_cd=SSS, if_type=DB, ESB_DATA_CNT=}
[.. ::] [DEBUG]  [dataListenerContainer-return- com.indigo.esb.ReturnMessage: ] - [RQU-OTO] HeaderMap :{reply_queue=ILD.DB.SND.RPL, esb_source_table_name=TCO_EMC_HOSP_MAX_VAR_INFO_, count=, init_time=, rcv_time=, log_state=S, if_id=IF_DMI_FT_, dest_id=IF_DEST_ILD_, log=Y, if_data_type=RESULT, batch_query_type=I, ESB_POLL_TYPE=NORMAL, CryptoType=SEED, snd_srv_cd=ILD, esb_target_destination=ILD.DB.RCV.RPL, tx_id=IF_DMI_FT___, msg_id=IF_DMI_FT____MSG_, esb_target_table_name=TCO_EMC_HOSP_MAX_VAR_INFO_, ESB_DATA_SIZE=, rcv_srv_cd=SSS, if_type=DB, ESB_DATA_CNT=}
[.. ::] [INFO ]  [dataListenerContainer-return- com.indigo.esb.ReturnMessage: ] - [RQU-OTO] Reply Queue Name :ILD.DB.SND.RPL
[.. ::] [INFO ]  [dataListenerContainer-return- com.indigo.esb.ReturnMessage: ] - Send Message Success !! {reply_queue=ILD.DB.SND.RPL, esb_source_table_name=TCO_EMC_HOSP_MAX_VAR_INFO_, count=, init_time=, rcv_time=, log_state=S, if_id=IF_DMI_FT_, dest_id=IF_DEST_ILD_, log=Y, if_data_type=RESULT, batch_query_type=I, ESB_POLL_TYPE=NORMAL, CryptoType=SEED, snd_srv_cd=ILD, esb_target_destination=ILD.DB.RCV.RPL, tx_id=IF_DMI_FT___, msg_id=IF_DMI_FT____MSG_, esb_target_table_name=TCO_EMC_HOSP_MAX_VAR_INFO_, ESB_DATA_SIZE=, rcv_srv_cd=SSS, if_type=DB, ESB_DATA_CNT=}
[.. ::] [INFO ]  [dataListenerContainer-return- com.indigo.esb.ReturnMessage: ] - =========================RQU-OTO Bean END=========================
[.. ::] [INFO ]  [dataListenerContainer-route- com.indigo.esb.MessageRoute: ] - =========================SQU-OTO Bean SU Start=========================
[.. ::] [INFO ]  [dataListenerContainer-route- com.indigo.esb.MessageRoute: ] - Template Message ..
[.. ::] [INFO ]  [dataListenerContainer-route- com.indigo.esb.MessageRoute: ] - Property Used Process ...
[.. ::] [DEBUG]  [dataListenerContainer-route- com.indigo.esb.MessageRoute: ] - MessageRoute Message Header {if_data_type=DATA, ESB_POLL_TYPE=NORMAL, batch_query_type=I, esb_source_table_name=CM_DSPLIST, count=, snd_srv_cd=DIJ, init_time=, log_state=S, tx_id=IF_DIJ_PHJ___, if_id=IF_DIJ_PHJ_, esb_target_table_name=THP_IF_CM_DSPLIST, rcv_srv_cd=PHJ, if_type=DB}
[.. ::] [INFO ]  [dataListenerContainer-route- com.indigo.esb.MessageRoute: ] - #### routeData : {DATA_DEST_QUEUE=PHJ.MQ.DB.RCV, USE_YN=Y, RCV_CD=PHJ, IF_ID=IF_DIJ_PHJ_, DESCRIPTION=통합연계-공공헬기(소방 출동대편셩), DEST_ID=IF_DEST_PHJ, USING_IP=..., CHANGE_DATE=, SND_CD=DIJ, RESULT_DEST_QUEUE=DIJ.MQ.DB.SND.RPL, RESULT_ARR_QUEUE=RETURN.IN.OTO, DATA_ARR_QUEUE=ROUTE.IN.OTO, REMOTE_YN=N}
[.. ::] [INFO ]  [dataListenerContainer-route- com.indigo.esb.MessageRoute: ] - [SQU-OTO] IF ID :IF_DIJ_PHJ_, Queue Name :PHJ.MQ.DB.RCV, Reply_Queue Name :DIJ.MQ.DB.SND.RPL, Dest ID :IF_DEST_PHJ
[.. ::] [INFO ]  [dataListenerContainer-route- com.indigo.esb.MessageRoute: ] - =========================SQU-OTO Bean END=========================
[.. ::] [INFO ]  [dataListenerContainer-return- com.indigo.esb.ReturnMessage: ] - =========================RQU-OTO Bean SU Start=========================
[.. ::] [INFO ]  [dataListenerContainer-return- com.indigo.esb.ReturnMessage: ] - 템플릿 메세지 ..
[.. ::] [INFO ]  [dataListenerContainer-return- com.indigo.esb.ReturnMessage: ] - Property Used Process ...
[.. ::] [DEBUG]  [dataListenerContainer-return- com.indigo.esb.ReturnMessage: ] - ReturnMessage Message Header {reply_queue=KAI.MQ.DB.SND.RPL, esb_source_table_name=SITTN_RDOWAV_MSNGR_LOG, count=, init_time=, rcv_time=, log_state=S, if_id=IF_KAI_MPSS_, INSERT_ROW=, dest_id=IF_DEST_MPSS_, if_data_type=RESULT, ESB_POLL_TYPE=NORMAL, batch_query_type=I, CryptoType=SEED, snd_srv_cd=KAI, esb_target_destination=KAI.MQ.DB.RCV.RPL, tx_id=IF_KAI_MPSS___, esb_target_table_name=TOB_SITTN_RDOWAV_MSNGR_LOG, rcv_srv_cd=MPS, if_type=DB}
[.. ::] [DEBUG]  [dataListenerContainer-return- com.indigo.esb.ReturnMessage: ] - [RQU-OTO] PropertiesMap :{reply_queue=KAI.MQ.DB.SND.RPL, esb_source_table_name=SITTN_RDOWAV_MSNGR_LOG, count=, init_time=, rcv_time=, log_state=S, if_id=IF_KAI_MPSS_, INSERT_ROW=, dest_id=IF_DEST_MPSS_, log=Y, if_data_type=RESULT, ESB_POLL_TYPE=NORMAL, batch_query_type=I, CryptoType=SEED, snd_srv_cd=KAI, esb_target_destination=KAI.MQ.DB.RCV.RPL, tx_id=IF_KAI_MPSS___, esb_target_table_name=TOB_SITTN_RDOWAV_MSNGR_LOG, rcv_srv_cd=MPS, if_type=DB}
[.. ::] [DEBUG]  [dataListenerContainer-return- com.indigo.esb.ReturnMessage: ] - [RQU-OTO] HeaderMap :{reply_queue=KAI.MQ.DB.SND.RPL, esb_source_table_name=SITTN_RDOWAV_MSNGR_LOG, count=, init_time=, rcv_time=, log_state=S, if_id=IF_KAI_MPSS_, INSERT_ROW=, dest_id=IF_DEST_MPSS_, log=Y, if_data_type=RESULT, ESB_POLL_TYPE=NORMAL, batch_query_type=I, CryptoType=SEED, snd_srv_cd=KAI, esb_target_destination=KAI.MQ.DB.RCV.RPL, tx_id=IF_KAI_MPSS___, esb_target_table_name=TOB_SITTN_RDOWAV_MSNGR_LOG, rcv_srv_cd=MPS, if_type=DB}
[.. ::] [INFO ]  [dataListenerContainer-return- com.indigo.esb.ReturnMessage: ] - [RQU-OTO] Reply Queue Name :KAI.MQ.DB.SND.RPL
[.. ::] [INFO ]  [dataListenerContainer-return- com.indigo.esb.ReturnMessage: ] - Send Message Success !! {reply_queue=KAI.MQ.DB.SND.RPL, esb_source_table_name=SITTN_RDOWAV_MSNGR_LOG, count=, init_time=, rcv_time=, log_state=S, if_id=IF_KAI_MPSS_, INSERT_ROW=, dest_id=IF_DEST_MPSS_, log=Y, if_data_type=RESULT, ESB_POLL_TYPE=NORMAL, batch_query_type=I, CryptoType=SEED, snd_srv_cd=KAI, esb_target_destination=KAI.MQ.DB.RCV.RPL, tx_id=IF_KAI_MPSS___, esb_target_table_name=TOB_SITTN_RDOWAV_MSNGR_LOG, rcv_srv_cd=MPS, if_type=DB}
[.. ::] [INFO ]  [dataListenerContainer-return- com.indigo.esb.ReturnMessage: ] - =========================RQU-OTO Bean END=========================
[.. ::] [INFO ]  [Timer- com.indigo.esb.dashboard.notify.IndigoNotifyMonitor: ] - Indigo schedule notify monitor.
[.. ::] [DEBUG]  [Timer- com.indigo.esb.dashboard.notify.IndigoNotifyMonitor: ] - [ServiceMonitor] monitoring...
[.. ::] [DEBUG]  [Timer- com.indigo.esb.dashboard.notify.IndigoNotifyMonitor: ] - [QueueMonitor] monitoring...
[.. ::] [INFO ]  [Timer- com.indigo.esb.dashboard.notify.IndigoNotifyMonitor: ] - Indigo schedule notify monitor end.  ms
[.. ::] [INFO ]  [New I/O server boss # ([id: xeaf, /::::::::]) com.indigo.fileserver.codec.IndigoFileDecoder: ] - Repository Path:/DATA/esb_file/socket_server
[.. ::] [INFO ]  [New I/O server boss # ([id: xeaf, /::::::::]) com.indigo.fileserver.codec.IndigoFileDecoder: ] - Chunck Size:
[.. ::] [INFO ]  [New I/O server boss # ([id: xeaf, /::::::::]) com.indigo.fileserver.codec.IndigoFileDecoder: ] - Set Event:com.indigo.fileserver.event.SimpleEvent@ebbd
[.. ::] [INFO ]  [New I/O  worker # com.indigo.fileserver.IndigoFileServerHandler: ] - server connected : [id: xecfae, /...: => /...:] CONNECTED: /...:
[.. ::] [INFO ]  [New I/O  worker # com.indigo.fileserver.codec.IndigoFileDecoder: ] - RECEIVE MSG:<root><metaHeader><id></id><action>PUT</action><fileName>IF_KWR_MPSS___.zip</fileName><fileLength></fileLength></metaHeader></root>
[.. ::] [INFO ]  [New I/O  worker # com.indigo.fileserver.codec.IndigoFileDecoder: ] - RECEIVE CONVERT MSG:Header:{id=, fileLength=, fileName=IF_KWR_MPSS___.zip, action=PUT}, Body:{}
[.. ::] [INFO ]  [New I/O  worker # com.indigo.fileserver.event.SimpleEvent: ] - File Receive Start : Header:{id=, fileLength=, fileName=IF_KWR_MPSS___.zip, action=PUT}, Body:{}
[.. ::] [INFO ]  [New I/O  worker # com.indigo.fileserver.codec.ReceiveFileBiz: ] - save sucess : /DATA/esb_file/socket_server//IF_KWR_MPSS___.zip
[.. ::] [INFO ]  [New I/O  worker # com.indigo.fileserver.event.SimpleEvent: ] - File Receive Done : Header:{id=, fileLength=, fileName=IF_KWR_MPSS___.zip, action=PUT}, Body:{}
[.. ::] [INFO ]  [New I/O  worker # com.indigo.fileserver.IndigoFileServerHandler: ] - server closed : [id: xecfae, /...: :> /...:] DISCONNECTED
[.. ::] [INFO ]  [New I/O server boss # ([id: xeaf, /::::::::]) com.indigo.fileserver.codec.IndigoFileDecoder: ] - Repository Path:/DATA/esb_file/socket_server
[.. ::] [INFO ]  [New I/O server boss # ([id: xeaf, /::::::::]) com.indigo.fileserver.codec.IndigoFileDecoder: ] - Chunck Size:
[.. ::] [INFO ]  [New I/O server boss # ([id: xeaf, /::::::::]) com.indigo.fileserver.codec.IndigoFileDecoder: ] - Set Event:com.indigo.fileserver.event.SimpleEvent@ebbd
[.. ::] [INFO ]  [New I/O  worker # com.indigo.fileserver.IndigoFileServerHandler: ] - server connected : [id: xcda, /...: => /...:] CONNECTED: /...:
[.. ::] [INFO ]  [New I/O  worker # com.indigo.fileserver.codec.IndigoFileDecoder: ] - RECEIVE MSG:<root><metaHeader><id></id><action>GET</action><fileName>IF_KWR_MPSS___.zip</fileName></metaHeader></root>
[.. ::] [INFO ]  [New I/O  worker # com.indigo.fileserver.codec.IndigoFileDecoder: ] - RECEIVE CONVERT MSG:Header:{id=, fileName=IF_KWR_MPSS___.zip, action=GET}, Body:{}
[.. ::] [INFO ]  [New I/O  worker # com.indigo.fileserver.event.SimpleEvent: ] - File Send Start : Header:{id=, fileName=IF_KWR_MPSS___.zip, action=GET}, Body:{}
[.. ::] [INFO ]  [New I/O  worker # com.indigo.fileserver.codec.SendFileBiz$: ] - FILE SEND OK:/DATA/esb_file/socket_server/IF_KWR_MPSS___.zip
[.. ::] [INFO ]  [New I/O  worker # com.indigo.fileserver.event.SimpleEvent: ] - File Send Done : Header:{id=, fileName=IF_KWR_MPSS___.zip, action=GET}, Body:{}
[.. ::] [INFO ]  [New I/O  worker # com.indigo.fileserver.IndigoFileServerHandler: ] - server closed : [id: xcda, /...: :> /...:] DISCONNECTED
[.. ::] [INFO ]  [dataListenerContainer-return- com.indigo.esb.ReturnMessage: ] - =========================RQU-OTO Bean SU Start=========================
[.. ::] [INFO ]  [dataListenerContainer-return- com.indigo.esb.ReturnMessage: ] - 템플릿 메세지 ..
[.. ::] [INFO ]  [dataListenerContainer-return- com.indigo.esb.ReturnMessage: ] - Property Used Process ...
[.. ::] [DEBUG]  [dataListenerContainer-return- com.indigo.esb.ReturnMessage: ] - ReturnMessage Message Header {reply_queue=KAI.MQ.DB.SND.RPL, esb_source_table_name=SITTN_RDOWAV_MSNGR_LOG, count=, init_time=, rcv_time=, log_state=S, if_id=IF_KAI_MPSS_, INSERT_ROW=, dest_id=IF_DEST_MPSS_, if_data_type=RESULT, ESB_POLL_TYPE=NORMAL, batch_query_type=I, CryptoType=SEED, snd_srv_cd=KAI, esb_target_destination=KAI.MQ.DB.RCV.RPL, tx_id=IF_KAI_MPSS___, esb_target_table_name=TOB_SITTN_RDOWAV_MSNGR_LOG, rcv_srv_cd=MPS, if_type=DB}
[.. ::] [DEBUG]  [dataListenerContainer-return- com.indigo.esb.ReturnMessage: ] - [RQU-OTO] PropertiesMap :{reply_queue=KAI.MQ.DB.SND.RPL, esb_source_table_name=SITTN_RDOWAV_MSNGR_LOG, count=, init_time=, rcv_time=, log_state=S, if_id=IF_KAI_MPSS_, INSERT_ROW=, dest_id=IF_DEST_MPSS_, log=Y, if_data_type=RESULT, ESB_POLL_TYPE=NORMAL, batch_query_type=I, CryptoType=SEED, snd_srv_cd=KAI, esb_target_destination=KAI.MQ.DB.RCV.RPL, tx_id=IF_KAI_MPSS___, esb_target_table_name=TOB_SITTN_RDOWAV_MSNGR_LOG, rcv_srv_cd=MPS, if_type=DB}
[.. ::] [DEBUG]  [dataListenerContainer-return- com.indigo.esb.ReturnMessage: ] - [RQU-OTO] HeaderMap :{reply_queue=KAI.MQ.DB.SND.RPL, esb_source_table_name=SITTN_RDOWAV_MSNGR_LOG, count=, init_time=, rcv_time=, log_state=S, if_id=IF_KAI_MPSS_, INSERT_ROW=, dest_id=IF_DEST_MPSS_, log=Y, if_data_type=RESULT, ESB_POLL_TYPE=NORMAL, batch_query_type=I, CryptoType=SEED, snd_srv_cd=KAI, esb_target_destination=KAI.MQ.DB.RCV.RPL, tx_id=IF_KAI_MPSS___, esb_target_table_name=TOB_SITTN_RDOWAV_MSNGR_LOG, rcv_srv_cd=MPS, if_type=DB}
[.. ::] [INFO ]  [dataListenerContainer-return- com.indigo.esb.ReturnMessage: ] - [RQU-OTO] Reply Queue Name :KAI.MQ.DB.SND.RPL
[.. ::] [INFO ]  [dataListenerContainer-return- com.indigo.esb.ReturnMessage: ] - Send Message Success !! {reply_queue=KAI.MQ.DB.SND.RPL, esb_source_table_name=SITTN_RDOWAV_MSNGR_LOG, count=, init_time=, rcv_time=, log_state=S, if_id=IF_KAI_MPSS_, INSERT_ROW=, dest_id=IF_DEST_MPSS_, log=Y, if_data_type=RESULT, ESB_POLL_TYPE=NORMAL, batch_query_type=I, CryptoType=SEED, snd_srv_cd=KAI, esb_target_destination=KAI.MQ.DB.RCV.RPL, tx_id=IF_KAI_MPSS___, esb_target_table_name=TOB_SITTN_RDOWAV_MSNGR_LOG, rcv_srv_cd=MPS, if_type=DB}
[.. ::] [INFO ]  [dataListenerContainer-return- com.indigo.esb.ReturnMessage: ] - =========================RQU-OTO Bean END=========================
[.. ::] [INFO ]  [dataListenerContainer-return- com.indigo.esb.ReturnMessage: ] - =========================RQU-OTO Bean SU Start=========================
[.. ::] [INFO ]  [dataListenerContainer-return- com.indigo.esb.ReturnMessage: ] - 템플릿 메세지 ..
[.. ::] [INFO ]  [dataListenerContainer-return- com.indigo.esb.ReturnMessage: ] - Property Used Process ...
[.. ::] [DEBUG]  [dataListenerContainer-return- com.indigo.esb.ReturnMessage: ] - ReturnMessage Message Header {reply_queue=MAW.DB.SND.RPL, esb_source_table_name=TCO_EMC_HOSP_MAX_VAR_INFO, count=, init_time=, rcv_time=, log_state=S, if_id=IF_MAW_MPSS_, INSERT_ROW=, dest_id=IF_DEST_MPSS_, if_data_type=RESULT, ESB_POLL_TYPE=NORMAL, batch_query_type=I, snd_srv_cd=MAW, esb_target_destination=MAW.MQ.DB.RCV.RPL, tx_id=IF_MAW_MPSS___, esb_target_table_name=TCO_EMC_HOSP_MAX_VAR_INFO, rcv_srv_cd=MPS, if_type=DB}
[.. ::] [DEBUG]  [dataListenerContainer-return- com.indigo.esb.ReturnMessage: ] - [RQU-OTO] PropertiesMap :{reply_queue=MAW.DB.SND.RPL, esb_source_table_name=TCO_EMC_HOSP_MAX_VAR_INFO, count=, init_time=, rcv_time=, log_state=S, if_id=IF_MAW_MPSS_, INSERT_ROW=, dest_id=IF_DEST_MPSS_, log=Y, if_data_type=RESULT, ESB_POLL_TYPE=NORMAL, batch_query_type=I, snd_srv_cd=MAW, esb_target_destination=MAW.MQ.DB.RCV.RPL, tx_id=IF_MAW_MPSS___, esb_target_table_name=TCO_EMC_HOSP_MAX_VAR_INFO, rcv_srv_cd=MPS, if_type=DB}
[.. ::] [DEBUG]  [dataListenerContainer-return- com.indigo.esb.ReturnMessage: ] - [RQU-OTO] HeaderMap :{reply_queue=MAW.DB.SND.RPL, esb_source_table_name=TCO_EMC_HOSP_MAX_VAR_INFO, count=, init_time=, rcv_time=, log_state=S, if_id=IF_MAW_MPSS_, INSERT_ROW=, dest_id=IF_DEST_MPSS_, log=Y, if_data_type=RESULT, ESB_POLL_TYPE=NORMAL, batch_query_type=I, snd_srv_cd=MAW, esb_target_destination=MAW.MQ.DB.RCV.RPL, tx_id=IF_MAW_MPSS___, esb_target_table_name=TCO_EMC_HOSP_MAX_VAR_INFO, rcv_srv_cd=MPS, if_type=DB}
[.. ::] [INFO ]  [dataListenerContainer-return- com.indigo.esb.ReturnMessage: ] - [RQU-OTO] Reply Queue Name :MAW.DB.SND.RPL
[.. ::] [INFO ]  [dataListenerContainer-return- com.indigo.esb.ReturnMessage: ] - Send Message Success !! {reply_queue=MAW.DB.SND.RPL, esb_source_table_name=TCO_EMC_HOSP_MAX_VAR_INFO, count=, init_time=, rcv_time=, log_state=S, if_id=IF_MAW_MPSS_, INSERT_ROW=, dest_id=IF_DEST_MPSS_, log=Y, if_data_type=RESULT, ESB_POLL_TYPE=NORMAL, batch_query_type=I, snd_srv_cd=MAW, esb_target_destination=MAW.MQ.DB.RCV.RPL, tx_id=IF_MAW_MPSS___, esb_target_table_name=TCO_EMC_HOSP_MAX_VAR_INFO, rcv_srv_cd=MPS, if_type=DB}
[.. ::] [INFO ]  [dataListenerContainer-return- com.indigo.esb.ReturnMessage: ] - =========================RQU-OTO Bean END=========================
[.. ::] [INFO ]  [New I/O server boss # ([id: xeaf, /::::::::]) com.indigo.fileserver.codec.IndigoFileDecoder: ] - Repository Path:/DATA/esb_file/socket_server
[.. ::] [INFO ]  [New I/O server boss # ([id: xeaf, /::::::::]) com.indigo.fileserver.codec.IndigoFileDecoder: ] - Chunck Size:
[.. ::] [INFO ]  [New I/O server boss # ([id: xeaf, /::::::::]) com.indigo.fileserver.codec.IndigoFileDecoder: ] - Set Event:com.indigo.fileserver.event.SimpleEvent@ebbd
[.. ::] [INFO ]  [New I/O  worker # com.indigo.fileserver.IndigoFileServerHandler: ] - server connected : [id: xdabebd, /...: => /...:] CONNECTED: /...:
[.. ::] [INFO ]  [New I/O  worker # com.indigo.fileserver.codec.IndigoFileDecoder: ] - RECEIVE MSG:<root><metaHeader><id></id><action>PUT</action><fileName>IF_KWR_MPSS___.zip</fileName><fileLength></fileLength></metaHeader></root>
[.. ::] [INFO ]  [New I/O  worker # com.indigo.fileserver.codec.IndigoFileDecoder: ] - RECEIVE CONVERT MSG:Header:{id=, fileLength=, fileName=IF_KWR_MPSS___.zip, action=PUT}, Body:{}
[.. ::] [INFO ]  [New I/O  worker # com.indigo.fileserver.event.SimpleEvent: ] - File Receive Start : Header:{id=, fileLength=, fileName=IF_KWR_MPSS___.zip, action=PUT}, Body:{}
[.. ::] [INFO ]  [New I/O  worker # com.indigo.fileserver.codec.ReceiveFileBiz: ] - save sucess : /DATA/esb_file/socket_server//IF_KWR_MPSS___.zip
[.. ::] [INFO ]  [New I/O  worker # com.indigo.fileserver.event.SimpleEvent: ] - File Receive Done : Header:{id=, fileLength=, fileName=IF_KWR_MPSS___.zip, action=PUT}, Body:{}
[.. ::] [INFO ]  [New I/O  worker # com.indigo.fileserver.IndigoFileServerHandler: ] - server closed : [id: xdabebd, /...: :> /...:] DISCONNECTED
[.. ::] [INFO ]  [New I/O server boss # ([id: xeaf, /::::::::]) com.indigo.fileserver.codec.IndigoFileDecoder: ] - Repository Path:/DATA/esb_file/socket_server
[.. ::] [INFO ]  [New I/O server boss # ([id: xeaf, /::::::::]) com.indigo.fileserver.codec.IndigoFileDecoder: ] - Chunck Size:
[.. ::] [INFO ]  [New I/O server boss # ([id: xeaf, /::::::::]) com.indigo.fileserver.codec.IndigoFileDecoder: ] - Set Event:com.indigo.fileserver.event.SimpleEvent@ebbd
[.. ::] [INFO ]  [New I/O  worker # com.indigo.fileserver.IndigoFileServerHandler: ] - server connected : [id: xcbb, /...: => /...:] CONNECTED: /...:
[.. ::] [INFO ]  [New I/O  worker # com.indigo.fileserver.codec.IndigoFileDecoder: ] - RECEIVE MSG:<root><metaHeader><id></id><action>GET</action><fileName>IF_KWR_MPSS___.zip</fileName></metaHeader></root>
[.. ::] [INFO ]  [New I/O  worker # com.indigo.fileserver.codec.IndigoFileDecoder: ] - RECEIVE CONVERT MSG:Header:{id=, fileName=IF_KWR_MPSS___.zip, action=GET}, Body:{}
[.. ::] [INFO ]  [New I/O  worker # com.indigo.fileserver.event.SimpleEvent: ] - File Send Start : Header:{id=, fileName=IF_KWR_MPSS___.zip, action=GET}, Body:{}
[.. ::] [INFO ]  [New I/O  worker # com.indigo.fileserver.codec.SendFileBiz$: ] - FILE SEND OK:/DATA/esb_file/socket_server/IF_KWR_MPSS___.zip
[.. ::] [INFO ]  [New I/O  worker # com.indigo.fileserver.event.SimpleEvent: ] - File Send Done : Header:{id=, fileName=IF_KWR_MPSS___.zip, action=GET}, Body:{}
[.. ::] [INFO ]  [New I/O  worker # com.indigo.fileserver.IndigoFileServerHandler: ] - server closed : [id: xcbb, /...: :> /...:] DISCONNECTED
[.. ::] [INFO ]  [dataListenerContainer-route- com.indigo.esb.MessageRoute: ] - =========================SQU-OTO Bean SU Start=========================
[.. ::] [INFO ]  [dataListenerContainer-route- com.indigo.esb.MessageRoute: ] - Template Message ..
[.. ::] [INFO ]  [dataListenerContainer-route- com.indigo.esb.MessageRoute: ] - Property Used Process ...
[.. ::] [DEBUG]  [dataListenerContainer-route- com.indigo.esb.MessageRoute: ] - MessageRoute Message Header {file_size(byte)=, reply_queue=MPS.MQ.DB.SND.RPL, count=, init_time=, log_state=S, rcv_time=, if_id=IF_MPS_KAI_, dest_id=IF_DEST_MPSS_, file_name=_kwater.dam, if_data_type=RESULT, ESB_POLL_TYPE=NORMAL, snd_srv_cd=KWR, esb_target_destination=MPS.MQ.DB.SND, tx_id=IF_MPS_KAI___, rcv_srv_cd=MPS, if_type=FILE}
[.. ::] [INFO ]  [dataListenerContainer-route- com.indigo.esb.MessageRoute: ] - #### routeData : {DATA_DEST_QUEUE=MPS.MQ.DB.RCV, USE_YN=Y, RCV_CD=KAI, IF_ID=IF_MPS_KAI_, DESCRIPTION=풍수해피해예측(한국수자원공사_시댐정보[SICNEW.TOB_KOW_DUBHRDAMIF]), DEST_ID=IF_DEST_MPSS_, USING_IP=..., CHANGE_DATE=, SND_CD=MPS, RESULT_DEST_QUEUE=MPS.MQ.DB.SND.RPL, RESULT_ARR_QUEUE=MPS.MQ.DB.RCV.RPL, DATA_ARR_QUEUE=MPS.MQ.DB.SND, REMOTE_YN=N}
[.. ::] [INFO ]  [dataListenerContainer-route- com.indigo.esb.MessageRoute: ] - [SQU-OTO] IF ID :IF_MPS_KAI_, Queue Name :MPS.MQ.DB.RCV, Reply_Queue Name :MPS.MQ.DB.SND.RPL, Dest ID :IF_DEST_MPSS_
[.. ::] [INFO ]  [dataListenerContainer-route- com.indigo.esb.MessageRoute: ] - =========================SQU-OTO Bean END=========================
[.. ::] [INFO ]  [dataListenerContainer-return- com.indigo.esb.ReturnMessage: ] - =========================RQU-OTO Bean SU Start=========================
[.. ::] [INFO ]  [dataListenerContainer-return- com.indigo.esb.ReturnMessage: ] - 템플릿 메세지 ..
[.. ::] [INFO ]  [dataListenerContainer-return- com.indigo.esb.ReturnMessage: ] - Property Used Process ...
[.. ::] [DEBUG]  [dataListenerContainer-return- com.indigo.esb.ReturnMessage: ] - ReturnMessage Message Header {file_size(byte)=, reply_queue=MPS.MQ.DB.SND.RPL, count=, init_time=, log_state=S, rcv_time=, if_id=IF_MPS_KAI_, INSERT_ROW=, dest_id=IF_DEST_MPSS_, file_name=_kwater.dam, if_data_type=RESULT, ESB_POLL_TYPE=NORMAL, esb_target_destination=MPS.MQ.DB.RCV.RPL, snd_srv_cd=MPS, tx_id=IF_MPS_KAI___, rcv_srv_cd=KAI, if_type=FILE}
[.. ::] [DEBUG]  [dataListenerContainer-return- com.indigo.esb.ReturnMessage: ] - [RQU-OTO] PropertiesMap :{file_size(byte)=, reply_queue=MPS.MQ.DB.SND.RPL, count=, init_time=, log_state=S, rcv_time=, if_id=IF_MPS_KAI_, INSERT_ROW=, dest_id=IF_DEST_MPSS_, file_name=_kwater.dam, log=Y, if_data_type=RESULT, ESB_POLL_TYPE=NORMAL, esb_target_destination=MPS.MQ.DB.RCV.RPL, snd_srv_cd=MPS, tx_id=IF_MPS_KAI___, rcv_srv_cd=KAI, if_type=FILE}
[.. ::] [DEBUG]  [dataListenerContainer-return- com.indigo.esb.ReturnMessage: ] - [RQU-OTO] HeaderMap :{file_size(byte)=, reply_queue=MPS.MQ.DB.SND.RPL, count=, init_time=, log_state=S, rcv_time=, if_id=IF_MPS_KAI_, INSERT_ROW=, dest_id=IF_DEST_MPSS_, file_name=_kwater.dam, log=Y, if_data_type=RESULT, ESB_POLL_TYPE=NORMAL, esb_target_destination=MPS.MQ.DB.RCV.RPL, snd_srv_cd=MPS, tx_id=IF_MPS_KAI___, rcv_srv_cd=KAI, if_type=FILE}
[.. ::] [INFO ]  [dataListenerContainer-return- com.indigo.esb.ReturnMessage: ] - [RQU-OTO] Reply Queue Name :MPS.MQ.DB.SND.RPL
[.. ::] [INFO ]  [dataListenerContainer-return- com.indigo.esb.ReturnMessage: ] - Send Message Success !! {file_size(byte)=, reply_queue=MPS.MQ.DB.SND.RPL, count=, init_time=, log_state=S, rcv_time=, if_id=IF_MPS_KAI_, INSERT_ROW=, dest_id=IF_DEST_MPSS_, file_name=_kwater.dam, log=Y, if_data_type=RESULT, ESB_POLL_TYPE=NORMAL, esb_target_destination=MPS.MQ.DB.RCV.RPL, snd_srv_cd=MPS, tx_id=IF_MPS_KAI___, rcv_srv_cd=KAI, if_type=FILE}
[.. ::] [INFO ]  [dataListenerContainer-return- com.indigo.esb.ReturnMessage: ] - =========================RQU-OTO Bean END=========================
[.. ::] [INFO ]  [dataListenerContainer-route- com.indigo.esb.MessageRoute: ] - =========================SQU-OTO Bean SU Start=========================
[.. ::] [INFO ]  [dataListenerContainer-route- com.indigo.esb.MessageRoute: ] - Template Message ..
[.. ::] [INFO ]  [dataListenerContainer-route- com.indigo.esb.MessageRoute: ] - Property Used Process ...
[.. ::] [DEBUG]  [dataListenerContainer-route- com.indigo.esb.MessageRoute: ] - MessageRoute Message Header {if_data_type=DATA, esb_source_table_name=TCO_IIA_DEP, ESB_POLL_TYPE=NORMAL, batch_query_type=I, count=, init_time=, snd_srv_cd=DIJ, log_state=S, if_id=IF_DIJ_EMR_, tx_id=IF_DIJ_EMR___, esb_target_table_name=IF_EMR_TCO_IIA_DEP, rcv_srv_cd=EMR, if_type=DB}
[.. ::] [INFO ]  [dataListenerContainer-route- com.indigo.esb.MessageRoute: ] - #### routeData : {DATA_DEST_QUEUE=DIJ.EMR.DB.RCV, USE_YN=Y, RCV_CD=EMR, IF_ID=IF_DIJ_EMR_, DESCRIPTION=긴급이송망_통합재난소방연계(항공기 출발정보), DEST_ID=IF_DEST_DIJ_EMR, USING_IP=..., CHANGE_DATE=, SND_CD=DIJ, RESULT_DEST_QUEUE=DIJ.EMR.DB.SND.RPL, RESULT_ARR_QUEUE=DIJ.EMR.DB.RCV.RPL, DATA_ARR_QUEUE=DIJ.EMR.DB.SND, REMOTE_YN=N}
[.. ::] [INFO ]  [dataListenerContainer-route- com.indigo.esb.MessageRoute: ] - [SQU-OTO] IF ID :IF_DIJ_EMR_, Queue Name :DIJ.EMR.DB.RCV, Reply_Queue Name :DIJ.EMR.DB.SND.RPL, Dest ID :IF_DEST_DIJ_EMR
[.. ::] [INFO ]  [dataListenerContainer-route- com.indigo.esb.MessageRoute: ] - =========================SQU-OTO Bean SU Start=========================
[.. ::] [INFO ]  [dataListenerContainer-route- com.indigo.esb.MessageRoute: ] - =========================SQU-OTO Bean END=========================
[.. ::] [INFO ]  [dataListenerContainer-route- com.indigo.esb.MessageRoute: ] - Template Message ..
[.. ::] [INFO ]  [dataListenerContainer-route- com.indigo.esb.MessageRoute: ] - Property Used Process ...
[.. ::] [DEBUG]  [dataListenerContainer-route- com.indigo.esb.MessageRoute: ] - MessageRoute Message Header {if_data_type=DATA, esb_source_table_name=TCO_IIA_ARR, ESB_POLL_TYPE=NORMAL, batch_query_type=I, count=, init_time=, snd_srv_cd=DIJ, log_state=S, if_id=IF_DIJ_EMR_, tx_id=IF_DIJ_EMR___, esb_target_table_name=IF_EMR_TCO_IIA_ARR, rcv_srv_cd=EMR, if_type=DB}
[.. ::] [INFO ]  [dataListenerContainer-route- com.indigo.esb.MessageRoute: ] - =========================SQU-OTO Bean SU Start=========================
[.. ::] [INFO ]  [dataListenerContainer-route- com.indigo.esb.MessageRoute: ] - #### routeData : {DATA_DEST_QUEUE=DIJ.EMR.DB.RCV, USE_YN=Y, RCV_CD=EMR, IF_ID=IF_DIJ_EMR_, DESCRIPTION=긴급이송망_통합재난소방연계(항공기 도착정보), DEST_ID=IF_DEST_DIJ_EMR, USING_IP=..., CHANGE_DATE=, SND_CD=DIJ, RESULT_DEST_QUEUE=DIJ.EMR.DB.SND.RPL, RESULT_ARR_QUEUE=DIJ.EMR.DB.RCV.RPL, DATA_ARR_QUEUE=DIJ.EMR.DB.SND, REMOTE_YN=N}
[.. ::] [INFO ]  [dataListenerContainer-route- com.indigo.esb.MessageRoute: ] - Template Message ..
[.. ::] [INFO ]  [dataListenerContainer-route- com.indigo.esb.MessageRoute: ] - Property Used Process ...
[.. ::] [INFO ]  [dataListenerContainer-route- com.indigo.esb.MessageRoute: ] - [SQU-OTO] IF ID :IF_DIJ_EMR_, Queue Name :DIJ.EMR.DB.RCV, Reply_Queue Name :DIJ.EMR.DB.SND.RPL, Dest ID :IF_DEST_DIJ_EMR
[.. ::] [DEBUG]  [dataListenerContainer-route- com.indigo.esb.MessageRoute: ] - MessageRoute Message Header {if_data_type=DATA, esb_source_table_name=TCO_EMC_HOSP_MAX_VAR_INFO_, ESB_POLL_TYPE=NORMAL, batch_query_type=I, count=, CryptoType=SEED, init_time=, snd_srv_cd=ILD, log_state=S, if_id=IF_DMI_FT_, tx_id=IF_DMI_FT___, msg_id=IF_DMI_FT____MSG_, esb_target_table_name=TCO_EMC_HOSP_MAX_VAR_INFO_, rcv_srv_cd=MPS, if_type=DB}
[.. ::] [INFO ]  [dataListenerContainer-route- com.indigo.esb.MessageRoute: ] - =========================SQU-OTO Bean SU Start=========================
[.. ::] [INFO ]  [dataListenerContainer-route- com.indigo.esb.MessageRoute: ] - #### routeData : {DATA_DEST_QUEUE=ILD.DB.RCV, USE_YN=Y, RCV_CD=SSS, IF_ID=IF_DMI_FT_, DESCRIPTION=지진재해대응시스템[](의료기관 실시간 병상정보), DEST_ID=IF_DEST_ILD_, USING_IP=..., CHANGE_DATE=, SND_CD=ILD, RESULT_DEST_QUEUE=ILD.DB.SND.RPL, RESULT_ARR_QUEUE=ILD.DB.RCV.RPL, DATA_ARR_QUEUE=ILD.DB.SND, REMOTE_YN=N}
[.. ::] [INFO ]  [dataListenerContainer-route- com.indigo.esb.MessageRoute: ] - [SQU-OTO] IF ID :IF_DMI_FT_, Queue Name :ILD.DB.RCV, Reply_Queue Name :ILD.DB.SND.RPL, Dest ID :IF_DEST_ILD_
[.. ::] [INFO ]  [dataListenerContainer-route- com.indigo.esb.MessageRoute: ] - Template Message ..
[.. ::] [INFO ]  [dataListenerContainer-route- com.indigo.esb.MessageRoute: ] - Property Used Process ...
[.. ::] [DEBUG]  [dataListenerContainer-route- com.indigo.esb.MessageRoute: ] - MessageRoute Message Header {if_data_type=DATA, esb_source_table_name=TCM_USR_, ESB_POLL_TYPE=NORMAL, batch_query_type=I, count=, CryptoType=SEED, init_time=, snd_srv_cd=ILA, log_state=S, if_id=IF_DIJ_SFK_, tx_id=IF_DIJ_SFK___, msg_id=IF_DIJ_SFK____MSG_, esb_target_table_name=TFK_USR_, rcv_srv_cd=IDB, if_type=DB}
[.. ::] [INFO ]  [dataListenerContainer-route- com.indigo.esb.MessageRoute: ] - #### routeData : {DATA_DEST_QUEUE=ILA.DB.RCV, USE_YN=Y, RCV_CD=IDB, IF_ID=IF_DIJ_SFK_, DESCRIPTION=대국민재난안전포털[](사용자), DEST_ID=IF_DEST_ILA_, USING_IP=..., CHANGE_DATE=, SND_CD=ILA, RESULT_DEST_QUEUE=ILA.DB.SND.RPL, RESULT_ARR_QUEUE=ILA.DB.RCV.RPL, DATA_ARR_QUEUE=ILA.DB.SND, REMOTE_YN=N}
[.. ::] [INFO ]  [dataListenerContainer-route- com.indigo.esb.MessageRoute: ] - [SQU-OTO] IF ID :IF_DIJ_SFK_, Queue Name :ILA.DB.RCV, Reply_Queue Name :ILA.DB.SND.RPL, Dest ID :IF_DEST_ILA_
[.. ::] [INFO ]  [dataListenerContainer-route- com.indigo.esb.MessageRoute: ] - =========================SQU-OTO Bean END=========================
[.. ::] [INFO ]  [dataListenerContainer-route- com.indigo.esb.MessageRoute: ] - =========================SQU-OTO Bean END=========================
[.. ::] [INFO ]  [dataListenerContainer-route- com.indigo.esb.MessageRoute: ] - =========================SQU-OTO Bean END=========================
[.. ::] [INFO ]  [dataListenerContainer-return- com.indigo.esb.ReturnMessage: ] - =========================RQU-OTO Bean SU Start=========================
[.. ::] [INFO ]  [dataListenerContainer-return- com.indigo.esb.ReturnMessage: ] - 템플릿 메세지 ..
[.. ::] [INFO ]  [dataListenerContainer-return- com.indigo.esb.ReturnMessage: ] - Property Used Process ...
[.. ::] [DEBUG]  [dataListenerContainer-return- com.indigo.esb.ReturnMessage: ] - ReturnMessage Message Header {reply_queue=ILD.DB.SND.RPL, esb_source_table_name=TCO_EMC_HOSP_MAX_VAR_INFO_, count=, init_time=, rcv_time=, log_state=S, if_id=IF_DMI_FT_, dest_id=IF_DEST_ILD_, if_data_type=RESULT, batch_query_type=I, ESB_POLL_TYPE=NORMAL, CryptoType=SEED, snd_srv_cd=ILD, esb_target_destination=ILD.DB.RCV.RPL, tx_id=IF_DMI_FT___, msg_id=IF_DMI_FT____MSG_, esb_target_table_name=TCO_EMC_HOSP_MAX_VAR_INFO_, ESB_DATA_SIZE=, rcv_srv_cd=SSS, if_type=DB, ESB_DATA_CNT=}
[.. ::] [DEBUG]  [dataListenerContainer-return- com.indigo.esb.ReturnMessage: ] - [RQU-OTO] PropertiesMap :{reply_queue=ILD.DB.SND.RPL, esb_source_table_name=TCO_EMC_HOSP_MAX_VAR_INFO_, count=, init_time=, rcv_time=, log_state=S, if_id=IF_DMI_FT_, dest_id=IF_DEST_ILD_, log=Y, if_data_type=RESULT, batch_query_type=I, ESB_POLL_TYPE=NORMAL, CryptoType=SEED, snd_srv_cd=ILD, esb_target_destination=ILD.DB.RCV.RPL, tx_id=IF_DMI_FT___, msg_id=IF_DMI_FT____MSG_, esb_target_table_name=TCO_EMC_HOSP_MAX_VAR_INFO_, ESB_DATA_SIZE=, rcv_srv_cd=SSS, if_type=DB, ESB_DATA_CNT=}
[.. ::] [DEBUG]  [dataListenerContainer-return- com.indigo.esb.ReturnMessage: ] - [RQU-OTO] HeaderMap :{reply_queue=ILD.DB.SND.RPL, esb_source_table_name=TCO_EMC_HOSP_MAX_VAR_INFO_, count=, init_time=, rcv_time=, log_state=S, if_id=IF_DMI_FT_, dest_id=IF_DEST_ILD_, log=Y, if_data_type=RESULT, batch_query_type=I, ESB_POLL_TYPE=NORMAL, CryptoType=SEED, snd_srv_cd=ILD, esb_target_destination=ILD.DB.RCV.RPL, tx_id=IF_DMI_FT___, msg_id=IF_DMI_FT____MSG_, esb_target_table_name=TCO_EMC_HOSP_MAX_VAR_INFO_, ESB_DATA_SIZE=, rcv_srv_cd=SSS, if_type=DB, ESB_DATA_CNT=}
[.. ::] [INFO ]  [dataListenerContainer-return- com.indigo.esb.ReturnMessage: ] - [RQU-OTO] Reply Queue Name :ILD.DB.SND.RPL
[.. ::] [INFO ]  [dataListenerContainer-return- com.indigo.esb.ReturnMessage: ] - Send Message Success !! {reply_queue=ILD.DB.SND.RPL, esb_source_table_name=TCO_EMC_HOSP_MAX_VAR_INFO_, count=, init_time=, rcv_time=, log_state=S, if_id=IF_DMI_FT_, dest_id=IF_DEST_ILD_, log=Y, if_data_type=RESULT, batch_query_type=I, ESB_POLL_TYPE=NORMAL, CryptoType=SEED, snd_srv_cd=ILD, esb_target_destination=ILD.DB.RCV.RPL, tx_id=IF_DMI_FT___, msg_id=IF_DMI_FT____MSG_, esb_target_table_name=TCO_EMC_HOSP_MAX_VAR_INFO_, ESB_DATA_SIZE=, rcv_srv_cd=SSS, if_type=DB, ESB_DATA_CNT=}
[.. ::] [INFO ]  [dataListenerContainer-return- com.indigo.esb.ReturnMessage: ] - =========================RQU-OTO Bean END=========================
[.. ::] [INFO ]  [Timer- com.indigo.esb.dashboard.notify.IndigoNotifyMonitor: ] - Indigo schedule notify monitor.
[.. ::] [DEBUG]  [Timer- com.indigo.esb.dashboard.notify.IndigoNotifyMonitor: ] - [ServiceMonitor] monitoring...
[.. ::] [DEBUG]  [Timer- com.indigo.esb.dashboard.notify.IndigoNotifyMonitor: ] - [QueueMonitor] monitoring...
[.. ::] [INFO ]  [Timer- com.indigo.esb.dashboard.notify.IndigoNotifyMonitor: ] - Indigo schedule notify monitor end.  ms
[.. ::] [INFO ]  [New I/O server boss # ([id: xeaf, /::::::::]) com.indigo.fileserver.codec.IndigoFileDecoder: ] - Repository Path:/DATA/esb_file/socket_server
[.. ::] [INFO ]  [New I/O server boss # ([id: xeaf, /::::::::]) com.indigo.fileserver.codec.IndigoFileDecoder: ] - Chunck Size:
[.. ::] [INFO ]  [New I/O server boss # ([id: xeaf, /::::::::]) com.indigo.fileserver.codec.IndigoFileDecoder: ] - Set Event:com.indigo.fileserver.event.SimpleEvent@ebbd
[.. ::] [INFO ]  [New I/O  worker # com.indigo.fileserver.IndigoFileServerHandler: ] - server connected : [id: xbcdff, /...: => /...:] CONNECTED: /...:
[.. ::] [INFO ]  [New I/O  worker # com.indigo.fileserver.codec.IndigoFileDecoder: ] - RECEIVE MSG:<root><metaHeader><id></id><action>PUT</action><fileName>IF_KWR_MPSS___.zip</fileName><fileLength></fileLength></metaHeader></root>
[.. ::] [INFO ]  [New I/O  worker # com.indigo.fileserver.codec.IndigoFileDecoder: ] - RECEIVE CONVERT MSG:Header:{id=, fileLength=, fileName=IF_KWR_MPSS___.zip, action=PUT}, Body:{}
[.. ::] [INFO ]  [New I/O  worker # com.indigo.fileserver.event.SimpleEvent: ] - File Receive Start : Header:{id=, fileLength=, fileName=IF_KWR_MPSS___.zip, action=PUT}, Body:{}
[.. ::] [INFO ]  [New I/O  worker # com.indigo.fileserver.codec.ReceiveFileBiz: ] - save sucess : /DATA/esb_file/socket_server//IF_KWR_MPSS___.zip
[.. ::] [INFO ]  [New I/O  worker # com.indigo.fileserver.event.SimpleEvent: ] - File Receive Done : Header:{id=, fileLength=, fileName=IF_KWR_MPSS___.zip, action=PUT}, Body:{}
[.. ::] [INFO ]  [New I/O  worker # com.indigo.fileserver.IndigoFileServerHandler: ] - server closed : [id: xbcdff, /...: :> /...:] DISCONNECTED
[.. ::] [INFO ]  [New I/O server boss # ([id: xeaf, /::::::::]) com.indigo.fileserver.codec.IndigoFileDecoder: ] - Repository Path:/DATA/esb_file/socket_server
[.. ::] [INFO ]  [New I/O server boss # ([id: xeaf, /::::::::]) com.indigo.fileserver.codec.IndigoFileDecoder: ] - Chunck Size:
[.. ::] [INFO ]  [New I/O server boss # ([id: xeaf, /::::::::]) com.indigo.fileserver.codec.IndigoFileDecoder: ] - Set Event:com.indigo.fileserver.event.SimpleEvent@ebbd
[.. ::] [INFO ]  [New I/O  worker # com.indigo.fileserver.IndigoFileServerHandler: ] - server connected : [id: xdee, /...: => /...:] CONNECTED: /...:
[.. ::] [INFO ]  [New I/O  worker # com.indigo.fileserver.codec.IndigoFileDecoder: ] - RECEIVE MSG:<root><metaHeader><id></id><action>GET</action><fileName>IF_KWR_MPSS___.zip</fileName></metaHeader></root>
[.. ::] [INFO ]  [New I/O  worker # com.indigo.fileserver.codec.IndigoFileDecoder: ] - RECEIVE CONVERT MSG:Header:{id=, fileName=IF_KWR_MPSS___.zip, action=GET}, Body:{}
[.. ::] [INFO ]  [New I/O  worker # com.indigo.fileserver.event.SimpleEvent: ] - File Send Start : Header:{id=, fileName=IF_KWR_MPSS___.zip, action=GET}, Body:{}
[.. ::] [INFO ]  [New I/O  worker # com.indigo.fileserver.codec.SendFileBiz$: ] - FILE SEND OK:/DATA/esb_file/socket_server/IF_KWR_MPSS___.zip
[.. ::] [INFO ]  [New I/O  worker # com.indigo.fileserver.event.SimpleEvent: ] - File Send Done : Header:{id=, fileName=IF_KWR_MPSS___.zip, action=GET}, Body:{}
[.. ::] [INFO ]  [New I/O  worker # com.indigo.fileserver.IndigoFileServerHandler: ] - server closed : [id: xdee, /...: :> /...:] DISCONNECTED
[.. ::] [INFO ]  [dataListenerContainer-route- com.indigo.esb.MessageRoute: ] - =========================SQU-OTO Bean SU Start=========================
[.. ::] [INFO ]  [dataListenerContainer-route- com.indigo.esb.MessageRoute: ] - Template Message ..
[.. ::] [INFO ]  [dataListenerContainer-route- com.indigo.esb.MessageRoute: ] - Property Used Process ...
[.. ::] [DEBUG]  [dataListenerContainer-route- com.indigo.esb.MessageRoute: ] - MessageRoute Message Header {file_size(byte)=, reply_queue=MPS.MQ.DB.SND.RPL, count=, init_time=, log_state=S, rcv_time=, if_id=IF_MPS_KAI_, dest_id=IF_DEST_MPSS_, file_name=_kwater.wl, if_data_type=RESULT, ESB_POLL_TYPE=NORMAL, snd_srv_cd=KWR, esb_target_destination=MPS.MQ.DB.SND, tx_id=IF_MPS_KAI___, rcv_srv_cd=MPS, if_type=FILE}
[.. ::] [INFO ]  [dataListenerContainer-route- com.indigo.esb.MessageRoute: ] - #### routeData : {DATA_DEST_QUEUE=MPS.MQ.DB.RCV, USE_YN=Y, RCV_CD=KAI, IF_ID=IF_MPS_KAI_, DESCRIPTION=풍수해피해예측(한국수자원공사_시수위[SICNEW.TOB_KOW_DUBHRWLIF]), DEST_ID=IF_DEST_MPSS_, USING_IP=..., CHANGE_DATE=, SND_CD=MPS, RESULT_DEST_QUEUE=MPS.MQ.DB.SND.RPL, RESULT_ARR_QUEUE=MPS.MQ.DB.RCV.RPL, DATA_ARR_QUEUE=MPS.MQ.DB.SND, REMOTE_YN=N}
[.. ::] [INFO ]  [dataListenerContainer-route- com.indigo.esb.MessageRoute: ] - [SQU-OTO] IF ID :IF_MPS_KAI_, Queue Name :MPS.MQ.DB.RCV, Reply_Queue Name :MPS.MQ.DB.SND.RPL, Dest ID :IF_DEST_MPSS_
[.. ::] [INFO ]  [dataListenerContainer-route- com.indigo.esb.MessageRoute: ] - =========================SQU-OTO Bean END=========================
[.. ::] [INFO ]  [dataListenerContainer-return- com.indigo.esb.ReturnMessage: ] - =========================RQU-OTO Bean SU Start=========================
[.. ::] [INFO ]  [dataListenerContainer-return- com.indigo.esb.ReturnMessage: ] - 템플릿 메세지 ..
[.. ::] [INFO ]  [dataListenerContainer-return- com.indigo.esb.ReturnMessage: ] - Property Used Process ...
[.. ::] [DEBUG]  [dataListenerContainer-return- com.indigo.esb.ReturnMessage: ] - ReturnMessage Message Header {file_size(byte)=, reply_queue=MPS.MQ.DB.SND.RPL, count=, init_time=, log_state=S, rcv_time=, if_id=IF_MPS_KAI_, INSERT_ROW=, dest_id=IF_DEST_MPSS_, file_name=_kwater.wl, if_data_type=RESULT, ESB_POLL_TYPE=NORMAL, esb_target_destination=MPS.MQ.DB.RCV.RPL, snd_srv_cd=MPS, tx_id=IF_MPS_KAI___, rcv_srv_cd=KAI, if_type=FILE}
[.. ::] [DEBUG]  [dataListenerContainer-return- com.indigo.esb.ReturnMessage: ] - [RQU-OTO] PropertiesMap :{file_size(byte)=, reply_queue=MPS.MQ.DB.SND.RPL, count=, init_time=, log_state=S, rcv_time=, if_id=IF_MPS_KAI_, INSERT_ROW=, dest_id=IF_DEST_MPSS_, file_name=_kwater.wl, log=Y, if_data_type=RESULT, ESB_POLL_TYPE=NORMAL, esb_target_destination=MPS.MQ.DB.RCV.RPL, snd_srv_cd=MPS, tx_id=IF_MPS_KAI___, rcv_srv_cd=KAI, if_type=FILE}
[.. ::] [DEBUG]  [dataListenerContainer-return- com.indigo.esb.ReturnMessage: ] - [RQU-OTO] HeaderMap :{file_size(byte)=, reply_queue=MPS.MQ.DB.SND.RPL, count=, init_time=, log_state=S, rcv_time=, if_id=IF_MPS_KAI_, INSERT_ROW=, dest_id=IF_DEST_MPSS_, file_name=_kwater.wl, log=Y, if_data_type=RESULT, ESB_POLL_TYPE=NORMAL, esb_target_destination=MPS.MQ.DB.RCV.RPL, snd_srv_cd=MPS, tx_id=IF_MPS_KAI___, rcv_srv_cd=KAI, if_type=FILE}
[.. ::] [INFO ]  [dataListenerContainer-return- com.indigo.esb.ReturnMessage: ] - [RQU-OTO] Reply Queue Name :MPS.MQ.DB.SND.RPL
[.. ::] [INFO ]  [dataListenerContainer-return- com.indigo.esb.ReturnMessage: ] - Send Message Success !! {file_size(byte)=, reply_queue=MPS.MQ.DB.SND.RPL, count=, init_time=, log_state=S, rcv_time=, if_id=IF_MPS_KAI_, INSERT_ROW=, dest_id=IF_DEST_MPSS_, file_name=_kwater.wl, log=Y, if_data_type=RESULT, ESB_POLL_TYPE=NORMAL, esb_target_destination=MPS.MQ.DB.RCV.RPL, snd_srv_cd=MPS, tx_id=IF_MPS_KAI___, rcv_srv_cd=KAI, if_type=FILE}
[.. ::] [INFO ]  [dataListenerContainer-return- com.indigo.esb.ReturnMessage: ] - =========================RQU-OTO Bean END=========================
[.. ::] [INFO ]  [dataListenerContainer-return- com.indigo.esb.ReturnMessage: ] - =========================RQU-OTO Bean SU Start=========================
[.. ::] [INFO ]  [dataListenerContainer-return- com.indigo.esb.ReturnMessage: ] - 템플릿 메세지 ..
[.. ::] [INFO ]  [dataListenerContainer-return- com.indigo.esb.ReturnMessage: ] - Property Used Process ...
[.. ::] [DEBUG]  [dataListenerContainer-return- com.indigo.esb.ReturnMessage: ] - ReturnMessage Message Header {reply_queue=MAW.DB.SND.RPL, esb_source_table_name=TCO_EMC_HOSP_MAX_VAR_INFO, count=, init_time=, rcv_time=, log_state=S, if_id=IF_MAW_MPSS_, INSERT_ROW=, dest_id=IF_DEST_MPSS_, if_data_type=RESULT, ESB_POLL_TYPE=NORMAL, batch_query_type=I, snd_srv_cd=MAW, esb_target_destination=MAW.MQ.DB.RCV.RPL, tx_id=IF_MAW_MPSS___, esb_target_table_name=TCO_EMC_HOSP_MAX_VAR_INFO, rcv_srv_cd=MPS, if_type=DB}
[.. ::] [DEBUG]  [dataListenerContainer-return- com.indigo.esb.ReturnMessage: ] - [RQU-OTO] PropertiesMap :{reply_queue=MAW.DB.SND.RPL, esb_source_table_name=TCO_EMC_HOSP_MAX_VAR_INFO, count=, init_time=, rcv_time=, log_state=S, if_id=IF_MAW_MPSS_, INSERT_ROW=, dest_id=IF_DEST_MPSS_, log=Y, if_data_type=RESULT, ESB_POLL_TYPE=NORMAL, batch_query_type=I, snd_srv_cd=MAW, esb_target_destination=MAW.MQ.DB.RCV.RPL, tx_id=IF_MAW_MPSS___, esb_target_table_name=TCO_EMC_HOSP_MAX_VAR_INFO, rcv_srv_cd=MPS, if_type=DB}
[.. ::] [DEBUG]  [dataListenerContainer-return- com.indigo.esb.ReturnMessage: ] - [RQU-OTO] HeaderMap :{reply_queue=MAW.DB.SND.RPL, esb_source_table_name=TCO_EMC_HOSP_MAX_VAR_INFO, count=, init_time=, rcv_time=, log_state=S, if_id=IF_MAW_MPSS_, INSERT_ROW=, dest_id=IF_DEST_MPSS_, log=Y, if_data_type=RESULT, ESB_POLL_TYPE=NORMAL, batch_query_type=I, snd_srv_cd=MAW, esb_target_destination=MAW.MQ.DB.RCV.RPL, tx_id=IF_MAW_MPSS___, esb_target_table_name=TCO_EMC_HOSP_MAX_VAR_INFO, rcv_srv_cd=MPS, if_type=DB}
[.. ::] [INFO ]  [dataListenerContainer-return- com.indigo.esb.ReturnMessage: ] - [RQU-OTO] Reply Queue Name :MAW.DB.SND.RPL
[.. ::] [INFO ]  [dataListenerContainer-return- com.indigo.esb.ReturnMessage: ] - Send Message Success !! {reply_queue=MAW.DB.SND.RPL, esb_source_table_name=TCO_EMC_HOSP_MAX_VAR_INFO, count=, init_time=, rcv_time=, log_state=S, if_id=IF_MAW_MPSS_, INSERT_ROW=, dest_id=IF_DEST_MPSS_, log=Y, if_data_type=RESULT, ESB_POLL_TYPE=NORMAL, batch_query_type=I, snd_srv_cd=MAW, esb_target_destination=MAW.MQ.DB.RCV.RPL, tx_id=IF_MAW_MPSS___, esb_target_table_name=TCO_EMC_HOSP_MAX_VAR_INFO, rcv_srv_cd=MPS, if_type=DB}
[.. ::] [INFO ]  [dataListenerContainer-return- com.indigo.esb.ReturnMessage: ] - =========================RQU-OTO Bean END=========================
[.. ::] [INFO ]  [New I/O server boss # ([id: xeaf, /::::::::]) com.indigo.fileserver.codec.IndigoFileDecoder: ] - Repository Path:/DATA/esb_file/socket_server
[.. ::] [INFO ]  [New I/O server boss # ([id: xeaf, /::::::::]) com.indigo.fileserver.codec.IndigoFileDecoder: ] - Chunck Size:
[.. ::] [INFO ]  [New I/O server boss # ([id: xeaf, /::::::::]) com.indigo.fileserver.codec.IndigoFileDecoder: ] - Set Event:com.indigo.fileserver.event.SimpleEvent@ebbd
[.. ::] [INFO ]  [New I/O  worker # com.indigo.fileserver.IndigoFileServerHandler: ] - server connected : [id: xde, /...: => /...:] CONNECTED: /...:
[.. ::] [INFO ]  [New I/O  worker # com.indigo.fileserver.codec.IndigoFileDecoder: ] - RECEIVE MSG:<root><metaHeader><id></id><action>PUT</action><fileName>IF_KWR_MPSS_STS__.zip</fileName><fileLength></fileLength></metaHeader></root>
[.. ::] [INFO ]  [New I/O  worker # com.indigo.fileserver.codec.IndigoFileDecoder: ] - RECEIVE CONVERT MSG:Header:{id=, fileLength=, fileName=IF_KWR_MPSS_STS__.zip, action=PUT}, Body:{}
[.. ::] [INFO ]  [New I/O  worker # com.indigo.fileserver.event.SimpleEvent: ] - File Receive Start : Header:{id=, fileLength=, fileName=IF_KWR_MPSS_STS__.zip, action=PUT}, Body:{}
[.. ::] [INFO ]  [New I/O  worker # com.indigo.fileserver.codec.ReceiveFileBiz: ] - save sucess : /DATA/esb_file/socket_server//IF_KWR_MPSS_STS__.zip
[.. ::] [INFO ]  [New I/O  worker # com.indigo.fileserver.event.SimpleEvent: ] - File Receive Done : Header:{id=, fileLength=, fileName=IF_KWR_MPSS_STS__.zip, action=PUT}, Body:{}
[.. ::] [INFO ]  [New I/O  worker # com.indigo.fileserver.IndigoFileServerHandler: ] - server closed : [id: xde, /...: :> /...:] DISCONNECTED
