[.. ::] [INFO ]  [dataListenerContainer-route- com.indigo.esb.MessageRoute: ] - =========================SQU-OTO Bean SU Start=========================
[.. ::] [INFO ]  [dataListenerContainer-route- com.indigo.esb.MessageRoute: ] - Template Message ..
[.. ::] [INFO ]  [dataListenerContainer-route- com.indigo.esb.MessageRoute: ] - Property Used Process ...
[.. ::] [DEBUG]  [dataListenerContainer-route- com.indigo.esb.MessageRoute: ] - MessageRoute Message Header {if_data_type=DATA, esb_source_table_name=TCO_EMC_HOSP_MAX_VAR_INFO_, ESB_POLL_TYPE=NORMAL, batch_query_type=I, count=, CryptoType=SEED, init_time=, snd_srv_cd=ILD, log_state=S, if_id=IF_DMI_FT_, tx_id=IF_DMI_FT___, msg_id=IF_DMI_FT____MSG_, esb_target_table_name=TCO_EMC_HOSP_MAX_VAR_INFO_, rcv_srv_cd=MPS, if_type=DB}
[.. ::] [INFO ]  [dataListenerContainer-route- com.indigo.esb.MessageRoute: ] - #### routeData : {DATA_DEST_QUEUE=ILD.DB.RCV, USE_YN=Y, RCV_CD=SSS, IF_ID=IF_DMI_FT_, DESCRIPTION=지진재해대응시스템[](의료기관 실시간 병상정보), DEST_ID=IF_DEST_ILD_, USING_IP=..., CHANGE_DATE=, SND_CD=ILD, RESULT_DEST_QUEUE=ILD.DB.SND.RPL, RESULT_ARR_QUEUE=ILD.DB.RCV.RPL, DATA_ARR_QUEUE=ILD.DB.SND, REMOTE_YN=N}
[.. ::] [INFO ]  [dataListenerContainer-route- com.indigo.esb.MessageRoute: ] - [SQU-OTO] IF ID :IF_DMI_FT_, Queue Name :ILD.DB.RCV, Reply_Queue Name :ILD.DB.SND.RPL, Dest ID :IF_DEST_ILD_
[.. ::] [INFO ]  [dataListenerContainer-route- com.indigo.esb.MessageRoute: ] - =========================SQU-OTO Bean END=========================
[.. ::] [INFO ]  [dataListenerContainer-route- com.indigo.esb.MessageRoute: ] - =========================SQU-OTO Bean SU Start=========================
[.. ::] [INFO ]  [dataListenerContainer-route- com.indigo.esb.MessageRoute: ] - Template Message ..
[.. ::] [INFO ]  [dataListenerContainer-route- com.indigo.esb.MessageRoute: ] - Property Used Process ...
[.. ::] [DEBUG]  [dataListenerContainer-route- com.indigo.esb.MessageRoute: ] - MessageRoute Message Header {if_data_type=DATA, ESB_POLL_TYPE=NORMAL, batch_query_type=I, esb_source_table_name=SITTN_RDOWAV_MSNGR_LOG, CryptoType=SEED, count=, snd_srv_cd=KAI, init_time=, log_state=S, tx_id=IF_KAI_MPSS___, if_id=IF_KAI_MPSS_, esb_target_table_name=TOB_SITTN_RDOWAV_MSNGR_LOG, rcv_srv_cd=MPS, if_type=DB}
[.. ::] [INFO ]  [dataListenerContainer-route- com.indigo.esb.MessageRoute: ] - #### routeData : {DATA_DEST_QUEUE=KAI.MQ.DB.RCV, USE_YN=Y, RCV_CD=MPS, IF_ID=IF_KAI_MPSS_, DESCRIPTION=풍수해피해예측(상황전파 메신저 로그), DEST_ID=IF_DEST_MPSS_, USING_IP=..., CHANGE_DATE=, SND_CD=KAI, RESULT_DEST_QUEUE=KAI.MQ.DB.SND.RPL, RESULT_ARR_QUEUE=KAI.MQ.DB.RCV.RPL, DATA_ARR_QUEUE=KAI.MQ.DB.SND, REMOTE_YN=N}
[.. ::] [INFO ]  [dataListenerContainer-route- com.indigo.esb.MessageRoute: ] - [SQU-OTO] IF ID :IF_KAI_MPSS_, Queue Name :KAI.MQ.DB.RCV, Reply_Queue Name :KAI.MQ.DB.SND.RPL, Dest ID :IF_DEST_MPSS_
[.. ::] [INFO ]  [dataListenerContainer-route- com.indigo.esb.MessageRoute: ] - =========================SQU-OTO Bean END=========================
[.. ::] [INFO ]  [Timer- com.indigo.esb.dashboard.notify.IndigoNotifyMonitor: ] - Indigo schedule notify monitor.
[.. ::] [DEBUG]  [Timer- com.indigo.esb.dashboard.notify.IndigoNotifyMonitor: ] - [ServiceMonitor] monitoring...
[.. ::] [DEBUG]  [Timer- com.indigo.esb.dashboard.notify.IndigoNotifyMonitor: ] - [QueueMonitor] monitoring...
[.. ::] [INFO ]  [Timer- com.indigo.esb.dashboard.notify.IndigoNotifyMonitor: ] - Indigo schedule notify monitor end.  ms
[.. ::] [INFO ]  [dataListenerContainer-route- com.indigo.esb.MessageRoute: ] - =========================SQU-OTO Bean SU Start=========================
[.. ::] [INFO ]  [dataListenerContainer-route- com.indigo.esb.MessageRoute: ] - Template Message ..
[.. ::] [INFO ]  [dataListenerContainer-route- com.indigo.esb.MessageRoute: ] - Property Used Process ...
[.. ::] [DEBUG]  [dataListenerContainer-route- com.indigo.esb.MessageRoute: ] - MessageRoute Message Header {if_data_type=DATA, ESB_POLL_TYPE=NORMAL, batch_query_type=I, esb_source_table_name=SITTN_RDOWAV_MSNGR_LOG, CryptoType=SEED, count=, snd_srv_cd=KAI, init_time=, log_state=S, tx_id=IF_KAI_MPSS___, if_id=IF_KAI_MPSS_, esb_target_table_name=TOB_SITTN_RDOWAV_MSNGR_LOG, rcv_srv_cd=MPS, if_type=DB}
[.. ::] [INFO ]  [dataListenerContainer-route- com.indigo.esb.MessageRoute: ] - #### routeData : {DATA_DEST_QUEUE=KAI.MQ.DB.RCV, USE_YN=Y, RCV_CD=MPS, IF_ID=IF_KAI_MPSS_, DESCRIPTION=풍수해피해예측(상황전파 메신저 로그), DEST_ID=IF_DEST_MPSS_, USING_IP=..., CHANGE_DATE=, SND_CD=KAI, RESULT_DEST_QUEUE=KAI.MQ.DB.SND.RPL, RESULT_ARR_QUEUE=KAI.MQ.DB.RCV.RPL, DATA_ARR_QUEUE=KAI.MQ.DB.SND, REMOTE_YN=N}
[.. ::] [INFO ]  [dataListenerContainer-route- com.indigo.esb.MessageRoute: ] - [SQU-OTO] IF ID :IF_KAI_MPSS_, Queue Name :KAI.MQ.DB.RCV, Reply_Queue Name :KAI.MQ.DB.SND.RPL, Dest ID :IF_DEST_MPSS_
[.. ::] [INFO ]  [dataListenerContainer-route- com.indigo.esb.MessageRoute: ] - =========================SQU-OTO Bean END=========================
[.. ::] [INFO ]  [dataListenerContainer-return- com.indigo.esb.ReturnMessage: ] - =========================RQU-OTO Bean SU Start=========================
[.. ::] [INFO ]  [dataListenerContainer-return- com.indigo.esb.ReturnMessage: ] - 템플릿 메세지 ..
[.. ::] [INFO ]  [dataListenerContainer-return- com.indigo.esb.ReturnMessage: ] - Property Used Process ...
[.. ::] [DEBUG]  [dataListenerContainer-return- com.indigo.esb.ReturnMessage: ] - ReturnMessage Message Header {reply_queue=POL.MQ.DB.SND.RPL, esb_source_table_name=CURLINKST_POLICE_LOG, count=, init_time=, rcv_time=, log_state=S, if_id=IF_POL_MPSS_, INSERT_ROW=, dest_id=IF_DEST_MPSS_, if_data_type=RESULT, ESB_POLL_TYPE=NORMAL, batch_query_type=I, snd_srv_cd=POL, esb_target_destination=POL.MQ.DB.RCV.RPL, tx_id=IF_POL_MPSS___, esb_target_table_name=TOB_RTSA_CURLINKST, rcv_srv_cd=MPS, if_type=DB}
[.. ::] [DEBUG]  [dataListenerContainer-return- com.indigo.esb.ReturnMessage: ] - [RQU-OTO] PropertiesMap :{reply_queue=POL.MQ.DB.SND.RPL, esb_source_table_name=CURLINKST_POLICE_LOG, count=, init_time=, rcv_time=, log_state=S, if_id=IF_POL_MPSS_, INSERT_ROW=, dest_id=IF_DEST_MPSS_, log=Y, if_data_type=RESULT, ESB_POLL_TYPE=NORMAL, batch_query_type=I, snd_srv_cd=POL, esb_target_destination=POL.MQ.DB.RCV.RPL, tx_id=IF_POL_MPSS___, esb_target_table_name=TOB_RTSA_CURLINKST, rcv_srv_cd=MPS, if_type=DB}
[.. ::] [DEBUG]  [dataListenerContainer-return- com.indigo.esb.ReturnMessage: ] - [RQU-OTO] HeaderMap :{reply_queue=POL.MQ.DB.SND.RPL, esb_source_table_name=CURLINKST_POLICE_LOG, count=, init_time=, rcv_time=, log_state=S, if_id=IF_POL_MPSS_, INSERT_ROW=, dest_id=IF_DEST_MPSS_, log=Y, if_data_type=RESULT, ESB_POLL_TYPE=NORMAL, batch_query_type=I, snd_srv_cd=POL, esb_target_destination=POL.MQ.DB.RCV.RPL, tx_id=IF_POL_MPSS___, esb_target_table_name=TOB_RTSA_CURLINKST, rcv_srv_cd=MPS, if_type=DB}
[.. ::] [INFO ]  [dataListenerContainer-return- com.indigo.esb.ReturnMessage: ] - [RQU-OTO] Reply Queue Name :POL.MQ.DB.SND.RPL
[.. ::] [INFO ]  [dataListenerContainer-return- com.indigo.esb.ReturnMessage: ] - Send Message Success !! {reply_queue=POL.MQ.DB.SND.RPL, esb_source_table_name=CURLINKST_POLICE_LOG, count=, init_time=, rcv_time=, log_state=S, if_id=IF_POL_MPSS_, INSERT_ROW=, dest_id=IF_DEST_MPSS_, log=Y, if_data_type=RESULT, ESB_POLL_TYPE=NORMAL, batch_query_type=I, snd_srv_cd=POL, esb_target_destination=POL.MQ.DB.RCV.RPL, tx_id=IF_POL_MPSS___, esb_target_table_name=TOB_RTSA_CURLINKST, rcv_srv_cd=MPS, if_type=DB}
[.. ::] [INFO ]  [dataListenerContainer-return- com.indigo.esb.ReturnMessage: ] - =========================RQU-OTO Bean END=========================
[.. ::] [INFO ]  [dataListenerContainer-route- com.indigo.esb.MessageRoute: ] - =========================SQU-OTO Bean SU Start=========================
[.. ::] [INFO ]  [dataListenerContainer-route- com.indigo.esb.MessageRoute: ] - Template Message ..
[.. ::] [INFO ]  [dataListenerContainer-route- com.indigo.esb.MessageRoute: ] - Property Used Process ...
[.. ::] [DEBUG]  [dataListenerContainer-route- com.indigo.esb.MessageRoute: ] - MessageRoute Message Header {if_data_type=DATA, esb_source_table_name=TCO_EMC_HOSP_MAX_VAR_INFO_, ESB_POLL_TYPE=NORMAL, batch_query_type=I, count=, CryptoType=SEED, init_time=, snd_srv_cd=ILD, log_state=S, if_id=IF_DMI_FT_, tx_id=IF_DMI_FT___, msg_id=IF_DMI_FT____MSG_, esb_target_table_name=TCO_EMC_HOSP_MAX_VAR_INFO_, rcv_srv_cd=MPS, if_type=DB}
[.. ::] [INFO ]  [dataListenerContainer-route- com.indigo.esb.MessageRoute: ] - #### routeData : {DATA_DEST_QUEUE=ILD.DB.RCV, USE_YN=Y, RCV_CD=SSS, IF_ID=IF_DMI_FT_, DESCRIPTION=지진재해대응시스템[](의료기관 실시간 병상정보), DEST_ID=IF_DEST_ILD_, USING_IP=..., CHANGE_DATE=, SND_CD=ILD, RESULT_DEST_QUEUE=ILD.DB.SND.RPL, RESULT_ARR_QUEUE=ILD.DB.RCV.RPL, DATA_ARR_QUEUE=ILD.DB.SND, REMOTE_YN=N}
[.. ::] [INFO ]  [dataListenerContainer-route- com.indigo.esb.MessageRoute: ] - [SQU-OTO] IF ID :IF_DMI_FT_, Queue Name :ILD.DB.RCV, Reply_Queue Name :ILD.DB.SND.RPL, Dest ID :IF_DEST_ILD_
[.. ::] [INFO ]  [dataListenerContainer-route- com.indigo.esb.MessageRoute: ] - =========================SQU-OTO Bean END=========================
[.. ::] [INFO ]  [dataListenerContainer-route- com.indigo.esb.MessageRoute: ] - =========================SQU-OTO Bean SU Start=========================
[.. ::] [INFO ]  [dataListenerContainer-route- com.indigo.esb.MessageRoute: ] - Template Message ..
[.. ::] [INFO ]  [dataListenerContainer-route- com.indigo.esb.MessageRoute: ] - Property Used Process ...
[.. ::] [DEBUG]  [dataListenerContainer-route- com.indigo.esb.MessageRoute: ] - MessageRoute Message Header {if_data_type=DATA, ESB_POLL_TYPE=NORMAL, batch_query_type=I, esb_source_table_name=SITTN_RDOWAV_MSNGR_LOG, CryptoType=SEED, count=, snd_srv_cd=KAI, init_time=, log_state=S, tx_id=IF_KAI_MPSS___, if_id=IF_KAI_MPSS_, esb_target_table_name=TOB_SITTN_RDOWAV_MSNGR_LOG, rcv_srv_cd=MPS, if_type=DB}
[.. ::] [INFO ]  [dataListenerContainer-route- com.indigo.esb.MessageRoute: ] - #### routeData : {DATA_DEST_QUEUE=KAI.MQ.DB.RCV, USE_YN=Y, RCV_CD=MPS, IF_ID=IF_KAI_MPSS_, DESCRIPTION=풍수해피해예측(상황전파 메신저 로그), DEST_ID=IF_DEST_MPSS_, USING_IP=..., CHANGE_DATE=, SND_CD=KAI, RESULT_DEST_QUEUE=KAI.MQ.DB.SND.RPL, RESULT_ARR_QUEUE=KAI.MQ.DB.RCV.RPL, DATA_ARR_QUEUE=KAI.MQ.DB.SND, REMOTE_YN=N}
[.. ::] [INFO ]  [dataListenerContainer-route- com.indigo.esb.MessageRoute: ] - [SQU-OTO] IF ID :IF_KAI_MPSS_, Queue Name :KAI.MQ.DB.RCV, Reply_Queue Name :KAI.MQ.DB.SND.RPL, Dest ID :IF_DEST_MPSS_
[.. ::] [INFO ]  [dataListenerContainer-route- com.indigo.esb.MessageRoute: ] - =========================SQU-OTO Bean END=========================
[.. ::] [INFO ]  [dataListenerContainer-return- com.indigo.esb.ReturnMessage: ] - =========================RQU-OTO Bean SU Start=========================
[.. ::] [INFO ]  [dataListenerContainer-return- com.indigo.esb.ReturnMessage: ] - 템플릿 메세지 ..
[.. ::] [INFO ]  [dataListenerContainer-return- com.indigo.esb.ReturnMessage: ] - Property Used Process ...
[.. ::] [DEBUG]  [dataListenerContainer-return- com.indigo.esb.ReturnMessage: ] - ReturnMessage Message Header {reply_queue=ENT.MQ.DB.SND.RPL, esb_source_table_name=TSI_INF__JOIN, count=, init_time=, rcv_time=, log_state=S, if_id=IF_ENT_MPSS_, INSERT_ROW=, dest_id=IF_DEST_MPSS_, if_data_type=RESULT, ESB_POLL_TYPE=NORMAL, batch_query_type=I, snd_srv_cd=MPS, esb_target_destination=ENT.MQ.DB.RCV.RPL, tx_id=IF_ENT_MPSS___, esb_target_table_name=TSI_INF__MSTR_, rcv_srv_cd=MPS, if_type=DB}
[.. ::] [DEBUG]  [dataListenerContainer-return- com.indigo.esb.ReturnMessage: ] - [RQU-OTO] PropertiesMap :{reply_queue=ENT.MQ.DB.SND.RPL, esb_source_table_name=TSI_INF__JOIN, count=, init_time=, rcv_time=, log_state=S, if_id=IF_ENT_MPSS_, INSERT_ROW=, dest_id=IF_DEST_MPSS_, log=Y, if_data_type=RESULT, ESB_POLL_TYPE=NORMAL, batch_query_type=I, snd_srv_cd=MPS, esb_target_destination=ENT.MQ.DB.RCV.RPL, tx_id=IF_ENT_MPSS___, esb_target_table_name=TSI_INF__MSTR_, rcv_srv_cd=MPS, if_type=DB}
[.. ::] [DEBUG]  [dataListenerContainer-return- com.indigo.esb.ReturnMessage: ] - [RQU-OTO] HeaderMap :{reply_queue=ENT.MQ.DB.SND.RPL, esb_source_table_name=TSI_INF__JOIN, count=, init_time=, rcv_time=, log_state=S, if_id=IF_ENT_MPSS_, INSERT_ROW=, dest_id=IF_DEST_MPSS_, log=Y, if_data_type=RESULT, ESB_POLL_TYPE=NORMAL, batch_query_type=I, snd_srv_cd=MPS, esb_target_destination=ENT.MQ.DB.RCV.RPL, tx_id=IF_ENT_MPSS___, esb_target_table_name=TSI_INF__MSTR_, rcv_srv_cd=MPS, if_type=DB}
[.. ::] [INFO ]  [dataListenerContainer-return- com.indigo.esb.ReturnMessage: ] - [RQU-OTO] Reply Queue Name :ENT.MQ.DB.SND.RPL
[.. ::] [INFO ]  [dataListenerContainer-return- com.indigo.esb.ReturnMessage: ] - Send Message Success !! {reply_queue=ENT.MQ.DB.SND.RPL, esb_source_table_name=TSI_INF__JOIN, count=, init_time=, rcv_time=, log_state=S, if_id=IF_ENT_MPSS_, INSERT_ROW=, dest_id=IF_DEST_MPSS_, log=Y, if_data_type=RESULT, ESB_POLL_TYPE=NORMAL, batch_query_type=I, snd_srv_cd=MPS, esb_target_destination=ENT.MQ.DB.RCV.RPL, tx_id=IF_ENT_MPSS___, esb_target_table_name=TSI_INF__MSTR_, rcv_srv_cd=MPS, if_type=DB}
[.. ::] [INFO ]  [dataListenerContainer-return- com.indigo.esb.ReturnMessage: ] - =========================RQU-OTO Bean END=========================
[.. ::] [INFO ]  [Timer- com.indigo.esb.dashboard.notify.IndigoNotifyMonitor: ] - Indigo schedule notify monitor.
[.. ::] [DEBUG]  [Timer- com.indigo.esb.dashboard.notify.IndigoNotifyMonitor: ] - [ServiceMonitor] monitoring...
[.. ::] [DEBUG]  [Timer- com.indigo.esb.dashboard.notify.IndigoNotifyMonitor: ] - [QueueMonitor] monitoring...
[.. ::] [INFO ]  [Timer- com.indigo.esb.dashboard.notify.IndigoNotifyMonitor: ] - Indigo schedule notify monitor end.  ms
[.. ::] [INFO ]  [dataListenerContainer-route- com.indigo.esb.MessageRoute: ] - =========================SQU-OTO Bean SU Start=========================
[.. ::] [INFO ]  [dataListenerContainer-route- com.indigo.esb.MessageRoute: ] - Template Message ..
[.. ::] [INFO ]  [dataListenerContainer-route- com.indigo.esb.MessageRoute: ] - Property Used Process ...
[.. ::] [DEBUG]  [dataListenerContainer-route- com.indigo.esb.MessageRoute: ] - MessageRoute Message Header {if_data_type=DATA, ESB_POLL_TYPE=NORMAL, batch_query_type=I, esb_source_table_name=CM_DSR, count=, snd_srv_cd=DIJ, init_time=, log_state=S, tx_id=IF_DIJ_PHJ___, if_id=IF_DIJ_PHJ_, esb_target_table_name=THP_IF_CM_DSR, rcv_srv_cd=PHJ, if_type=DB}
[.. ::] [INFO ]  [dataListenerContainer-route- com.indigo.esb.MessageRoute: ] - #### routeData : {DATA_DEST_QUEUE=PHJ.MQ.DB.RCV, USE_YN=Y, RCV_CD=PHJ, IF_ID=IF_DIJ_PHJ_, DESCRIPTION=통합연계-공공헬기(소방 출동차량상태), DEST_ID=IF_DEST_PHJ, USING_IP=..., CHANGE_DATE=, SND_CD=DIJ, RESULT_DEST_QUEUE=DIJ.MQ.DB.SND.RPL, RESULT_ARR_QUEUE=RETURN.IN.OTO, DATA_ARR_QUEUE=ROUTE.IN.OTO, REMOTE_YN=N}
[.. ::] [INFO ]  [dataListenerContainer-route- com.indigo.esb.MessageRoute: ] - [SQU-OTO] IF ID :IF_DIJ_PHJ_, Queue Name :PHJ.MQ.DB.RCV, Reply_Queue Name :DIJ.MQ.DB.SND.RPL, Dest ID :IF_DEST_PHJ
[.. ::] [INFO ]  [dataListenerContainer-route- com.indigo.esb.MessageRoute: ] - =========================SQU-OTO Bean END=========================
[.. ::] [INFO ]  [dataListenerContainer-return- com.indigo.esb.ReturnMessage: ] - =========================RQU-OTO Bean SU Start=========================
[.. ::] [INFO ]  [dataListenerContainer-return- com.indigo.esb.ReturnMessage: ] - 템플릿 메세지 ..
[.. ::] [INFO ]  [dataListenerContainer-return- com.indigo.esb.ReturnMessage: ] - Property Used Process ...
[.. ::] [DEBUG]  [dataListenerContainer-return- com.indigo.esb.ReturnMessage: ] - ReturnMessage Message Header {reply_queue=DIJ.MQ.DB.SND.RPL, esb_source_table_name=CM_DSR, count=, init_time=, rcv_time=, log_state=S, if_id=IF_DIJ_PHJ_, INSERT_ROW=, dest_id=IF_DEST_PHJ, if_data_type=RESULT, ESB_POLL_TYPE=NORMAL, batch_query_type=I, snd_srv_cd=DIJ, esb_target_destination=RETURN.IN.OTO, tx_id=IF_DIJ_PHJ___, esb_target_table_name=THP_IF_CM_DSR, rcv_srv_cd=PHJ, if_type=DB}
[.. ::] [DEBUG]  [dataListenerContainer-return- com.indigo.esb.ReturnMessage: ] - [RQU-OTO] PropertiesMap :{reply_queue=DIJ.MQ.DB.SND.RPL, esb_source_table_name=CM_DSR, count=, init_time=, rcv_time=, log_state=S, if_id=IF_DIJ_PHJ_, INSERT_ROW=, dest_id=IF_DEST_PHJ, log=Y, if_data_type=RESULT, ESB_POLL_TYPE=NORMAL, batch_query_type=I, snd_srv_cd=DIJ, esb_target_destination=RETURN.IN.OTO, tx_id=IF_DIJ_PHJ___, esb_target_table_name=THP_IF_CM_DSR, rcv_srv_cd=PHJ, if_type=DB}
[.. ::] [DEBUG]  [dataListenerContainer-return- com.indigo.esb.ReturnMessage: ] - [RQU-OTO] HeaderMap :{reply_queue=DIJ.MQ.DB.SND.RPL, esb_source_table_name=CM_DSR, count=, init_time=, rcv_time=, log_state=S, if_id=IF_DIJ_PHJ_, INSERT_ROW=, dest_id=IF_DEST_PHJ, log=Y, if_data_type=RESULT, ESB_POLL_TYPE=NORMAL, batch_query_type=I, snd_srv_cd=DIJ, esb_target_destination=RETURN.IN.OTO, tx_id=IF_DIJ_PHJ___, esb_target_table_name=THP_IF_CM_DSR, rcv_srv_cd=PHJ, if_type=DB}
[.. ::] [INFO ]  [dataListenerContainer-return- com.indigo.esb.ReturnMessage: ] - [RQU-OTO] Reply Queue Name :DIJ.MQ.DB.SND.RPL
[.. ::] [INFO ]  [dataListenerContainer-return- com.indigo.esb.ReturnMessage: ] - Send Message Success !! {reply_queue=DIJ.MQ.DB.SND.RPL, esb_source_table_name=CM_DSR, count=, init_time=, rcv_time=, log_state=S, if_id=IF_DIJ_PHJ_, INSERT_ROW=, dest_id=IF_DEST_PHJ, log=Y, if_data_type=RESULT, ESB_POLL_TYPE=NORMAL, batch_query_type=I, snd_srv_cd=DIJ, esb_target_destination=RETURN.IN.OTO, tx_id=IF_DIJ_PHJ___, esb_target_table_name=THP_IF_CM_DSR, rcv_srv_cd=PHJ, if_type=DB}
[.. ::] [INFO ]  [dataListenerContainer-return- com.indigo.esb.ReturnMessage: ] - =========================RQU-OTO Bean END=========================
[.. ::] [INFO ]  [dataListenerContainer-route- com.indigo.esb.MessageRoute: ] - =========================SQU-OTO Bean SU Start=========================
[.. ::] [INFO ]  [dataListenerContainer-route- com.indigo.esb.MessageRoute: ] - Template Message ..
[.. ::] [INFO ]  [dataListenerContainer-route- com.indigo.esb.MessageRoute: ] - Property Used Process ...
[.. ::] [DEBUG]  [dataListenerContainer-route- com.indigo.esb.MessageRoute: ] - MessageRoute Message Header {if_data_type=DATA, ESB_POLL_TYPE=NORMAL, batch_query_type=I, esb_source_table_name=SITTN_RDOWAV_MSNGR_LOG, CryptoType=SEED, count=, snd_srv_cd=KAI, init_time=, log_state=S, tx_id=IF_KAI_MPSS___, if_id=IF_KAI_MPSS_, esb_target_table_name=TOB_SITTN_RDOWAV_MSNGR_LOG, rcv_srv_cd=MPS, if_type=DB}
[.. ::] [INFO ]  [dataListenerContainer-route- com.indigo.esb.MessageRoute: ] - #### routeData : {DATA_DEST_QUEUE=KAI.MQ.DB.RCV, USE_YN=Y, RCV_CD=MPS, IF_ID=IF_KAI_MPSS_, DESCRIPTION=풍수해피해예측(상황전파 메신저 로그), DEST_ID=IF_DEST_MPSS_, USING_IP=..., CHANGE_DATE=, SND_CD=KAI, RESULT_DEST_QUEUE=KAI.MQ.DB.SND.RPL, RESULT_ARR_QUEUE=KAI.MQ.DB.RCV.RPL, DATA_ARR_QUEUE=KAI.MQ.DB.SND, REMOTE_YN=N}
[.. ::] [INFO ]  [dataListenerContainer-route- com.indigo.esb.MessageRoute: ] - [SQU-OTO] IF ID :IF_KAI_MPSS_, Queue Name :KAI.MQ.DB.RCV, Reply_Queue Name :KAI.MQ.DB.SND.RPL, Dest ID :IF_DEST_MPSS_
[.. ::] [INFO ]  [dataListenerContainer-route- com.indigo.esb.MessageRoute: ] - =========================SQU-OTO Bean END=========================
[.. ::] [INFO ]  [dataListenerContainer-route- com.indigo.esb.MessageRoute: ] - =========================SQU-OTO Bean SU Start=========================
[.. ::] [INFO ]  [dataListenerContainer-route- com.indigo.esb.MessageRoute: ] - Template Message ..
[.. ::] [INFO ]  [dataListenerContainer-route- com.indigo.esb.MessageRoute: ] - Property Used Process ...
[.. ::] [DEBUG]  [dataListenerContainer-route- com.indigo.esb.MessageRoute: ] - MessageRoute Message Header {file_size(byte)=, if_data_type=DATA, ESB_POLL_TYPE=NORMAL, count=, init_time=, snd_srv_cd=KRC, log_state=S, if_id=IF_KRC_MPSS_, tx_id=IF_KRC_MPSS___, file_name=KOR_RDI_.txt, rcv_srv_cd=MPS, if_type=FILE}
[.. ::] [INFO ]  [dataListenerContainer-route- com.indigo.esb.MessageRoute: ] - #### routeData : {DATA_DEST_QUEUE=KRC.MQ.DB.RCV, USE_YN=Y, RCV_CD=MPS, IF_ID=IF_KRC_MPSS_, DESCRIPTION=한국철도공사(열차지연정보), DEST_ID=IF_DEST_MPSS_, USING_IP=..., CHANGE_DATE=, SND_CD=KRC, RESULT_DEST_QUEUE=KRC.MQ.FILE.SND.RPL, RESULT_ARR_QUEUE=KRC.MQ.DB.RCV.RPL, DATA_ARR_QUEUE=KRC.MQ.FILE.SND, REMOTE_YN=N}
[.. ::] [INFO ]  [dataListenerContainer-route- com.indigo.esb.MessageRoute: ] - [SQU-OTO] IF ID :IF_KRC_MPSS_, Queue Name :KRC.MQ.DB.RCV, Reply_Queue Name :KRC.MQ.FILE.SND.RPL, Dest ID :IF_DEST_MPSS_
[.. ::] [INFO ]  [dataListenerContainer-route- com.indigo.esb.MessageRoute: ] - =========================SQU-OTO Bean END=========================
[.. ::] [INFO ]  [New I/O server boss # ([id: xeaf, /::::::::]) com.indigo.fileserver.codec.IndigoFileDecoder: ] - Repository Path:/DATA/esb_file/socket_server
[.. ::] [INFO ]  [New I/O server boss # ([id: xeaf, /::::::::]) com.indigo.fileserver.codec.IndigoFileDecoder: ] - Chunck Size:
[.. ::] [INFO ]  [New I/O server boss # ([id: xeaf, /::::::::]) com.indigo.fileserver.codec.IndigoFileDecoder: ] - Set Event:com.indigo.fileserver.event.SimpleEvent@ebbd
[.. ::] [INFO ]  [New I/O  worker # com.indigo.fileserver.IndigoFileServerHandler: ] - server connected : [id: xfc, /...: => /...:] CONNECTED: /...:
[.. ::] [INFO ]  [New I/O  worker # com.indigo.fileserver.codec.IndigoFileDecoder: ] - RECEIVE MSG:<root><metaHeader><id></id><action>GET</action><fileName>IF_KRC_MPSS___.zip</fileName></metaHeader></root>
[.. ::] [INFO ]  [New I/O  worker # com.indigo.fileserver.codec.IndigoFileDecoder: ] - RECEIVE CONVERT MSG:Header:{id=, fileName=IF_KRC_MPSS___.zip, action=GET}, Body:{}
[.. ::] [INFO ]  [New I/O  worker # com.indigo.fileserver.event.SimpleEvent: ] - File Send Start : Header:{id=, fileName=IF_KRC_MPSS___.zip, action=GET}, Body:{}
[.. ::] [INFO ]  [New I/O  worker # com.indigo.fileserver.codec.SendFileBiz$: ] - FILE SEND OK:/DATA/esb_file/socket_server/IF_KRC_MPSS___.zip
[.. ::] [INFO ]  [New I/O  worker # com.indigo.fileserver.event.SimpleEvent: ] - File Send Done : Header:{id=, fileName=IF_KRC_MPSS___.zip, action=GET}, Body:{}
[.. ::] [INFO ]  [New I/O  worker # com.indigo.fileserver.IndigoFileServerHandler: ] - server closed : [id: xfc, /...: :> /...:] DISCONNECTED
[.. ::] [INFO ]  [dataListenerContainer-return- com.indigo.esb.ReturnMessage: ] - =========================RQU-OTO Bean SU Start=========================
[.. ::] [INFO ]  [dataListenerContainer-return- com.indigo.esb.ReturnMessage: ] - 템플릿 메세지 ..
[.. ::] [INFO ]  [dataListenerContainer-return- com.indigo.esb.ReturnMessage: ] - Property Used Process ...
[.. ::] [DEBUG]  [dataListenerContainer-return- com.indigo.esb.ReturnMessage: ] - ReturnMessage Message Header {file_size(byte)=, reply_queue=KRC.MQ.FILE.SND.RPL, count=, init_time=, rcv_time=, log_state=S, if_id=IF_KRC_MPSS_, INSERT_ROW=, file_name=KOR_RDI_.txt, dest_id=IF_DEST_MPSS_, if_data_type=RESULT, ESB_POLL_TYPE=NORMAL, snd_srv_cd=KRC, esb_target_destination=KRC.MQ.DB.RCV.RPL, tx_id=IF_KRC_MPSS___, esb_target_table_name=TSI_KOR_RDI, rcv_srv_cd=MPS, if_type=FILE}
[.. ::] [DEBUG]  [dataListenerContainer-return- com.indigo.esb.ReturnMessage: ] - [RQU-OTO] PropertiesMap :{file_size(byte)=, reply_queue=KRC.MQ.FILE.SND.RPL, count=, init_time=, rcv_time=, log_state=S, if_id=IF_KRC_MPSS_, INSERT_ROW=, file_name=KOR_RDI_.txt, dest_id=IF_DEST_MPSS_, log=Y, if_data_type=RESULT, ESB_POLL_TYPE=NORMAL, snd_srv_cd=KRC, esb_target_destination=KRC.MQ.DB.RCV.RPL, tx_id=IF_KRC_MPSS___, esb_target_table_name=TSI_KOR_RDI, rcv_srv_cd=MPS, if_type=FILE}
[.. ::] [DEBUG]  [dataListenerContainer-return- com.indigo.esb.ReturnMessage: ] - [RQU-OTO] HeaderMap :{file_size(byte)=, reply_queue=KRC.MQ.FILE.SND.RPL, count=, init_time=, rcv_time=, log_state=S, if_id=IF_KRC_MPSS_, INSERT_ROW=, file_name=KOR_RDI_.txt, dest_id=IF_DEST_MPSS_, log=Y, if_data_type=RESULT, ESB_POLL_TYPE=NORMAL, snd_srv_cd=KRC, esb_target_destination=KRC.MQ.DB.RCV.RPL, tx_id=IF_KRC_MPSS___, esb_target_table_name=TSI_KOR_RDI, rcv_srv_cd=MPS, if_type=FILE}
[.. ::] [INFO ]  [dataListenerContainer-return- com.indigo.esb.ReturnMessage: ] - [RQU-OTO] Reply Queue Name :KRC.MQ.FILE.SND.RPL
[.. ::] [INFO ]  [dataListenerContainer-return- com.indigo.esb.ReturnMessage: ] - Send Message Success !! {file_size(byte)=, reply_queue=KRC.MQ.FILE.SND.RPL, count=, init_time=, rcv_time=, log_state=S, if_id=IF_KRC_MPSS_, INSERT_ROW=, file_name=KOR_RDI_.txt, dest_id=IF_DEST_MPSS_, log=Y, if_data_type=RESULT, ESB_POLL_TYPE=NORMAL, snd_srv_cd=KRC, esb_target_destination=KRC.MQ.DB.RCV.RPL, tx_id=IF_KRC_MPSS___, esb_target_table_name=TSI_KOR_RDI, rcv_srv_cd=MPS, if_type=FILE}
[.. ::] [INFO ]  [dataListenerContainer-return- com.indigo.esb.ReturnMessage: ] - =========================RQU-OTO Bean END=========================
[.. ::] [INFO ]  [dataListenerContainer-route- com.indigo.esb.MessageRoute: ] - =========================SQU-OTO Bean SU Start=========================
[.. ::] [INFO ]  [dataListenerContainer-route- com.indigo.esb.MessageRoute: ] - Template Message ..
[.. ::] [INFO ]  [dataListenerContainer-route- com.indigo.esb.MessageRoute: ] - Property Used Process ...
[.. ::] [DEBUG]  [dataListenerContainer-route- com.indigo.esb.MessageRoute: ] - MessageRoute Message Header {if_data_type=DATA, ESB_POLL_TYPE=NORMAL, batch_query_type=I, esb_source_table_name=IS_WARDCAR, count=, snd_srv_cd=DIJ, init_time=, log_state=S, tx_id=IF_DIJ_PHJ___, if_id=IF_DIJ_PHJ_, esb_target_table_name=THP_IF_IS_WARDCAR, rcv_srv_cd=PHJ, if_type=DB}
[.. ::] [INFO ]  [dataListenerContainer-route- com.indigo.esb.MessageRoute: ] - #### routeData : {DATA_DEST_QUEUE=PHJ.MQ.DB.RCV, USE_YN=Y, RCV_CD=PHJ, IF_ID=IF_DIJ_PHJ_, DESCRIPTION=통합연계-공공헬기(소방 출동차량위치정보), DEST_ID=IF_DEST_PHJ, USING_IP=..., CHANGE_DATE=, SND_CD=DIJ, RESULT_DEST_QUEUE=DIJ.MQ.DB.SND.RPL, RESULT_ARR_QUEUE=RETURN.IN.OTO, DATA_ARR_QUEUE=ROUTE.IN.OTO, REMOTE_YN=N}
[.. ::] [INFO ]  [dataListenerContainer-route- com.indigo.esb.MessageRoute: ] - [SQU-OTO] IF ID :IF_DIJ_PHJ_, Queue Name :PHJ.MQ.DB.RCV, Reply_Queue Name :DIJ.MQ.DB.SND.RPL, Dest ID :IF_DEST_PHJ
[.. ::] [INFO ]  [dataListenerContainer-route- com.indigo.esb.MessageRoute: ] - =========================SQU-OTO Bean END=========================
[.. ::] [INFO ]  [dataListenerContainer-return- com.indigo.esb.ReturnMessage: ] - =========================RQU-OTO Bean SU Start=========================
[.. ::] [INFO ]  [dataListenerContainer-return- com.indigo.esb.ReturnMessage: ] - 템플릿 메세지 ..
[.. ::] [INFO ]  [dataListenerContainer-return- com.indigo.esb.ReturnMessage: ] - Property Used Process ...
[.. ::] [DEBUG]  [dataListenerContainer-return- com.indigo.esb.ReturnMessage: ] - ReturnMessage Message Header {reply_queue=DIJ.MQ.DB.SND.RPL, esb_source_table_name=IS_WARDCAR, count=, init_time=, rcv_time=, log_state=S, if_id=IF_DIJ_PHJ_, INSERT_ROW=, dest_id=IF_DEST_PHJ, if_data_type=RESULT, ESB_POLL_TYPE=NORMAL, batch_query_type=I, snd_srv_cd=DIJ, esb_target_destination=RETURN.IN.OTO, tx_id=IF_DIJ_PHJ___, esb_target_table_name=THP_IF_IS_WARDCAR, rcv_srv_cd=PHJ, if_type=DB}
[.. ::] [DEBUG]  [dataListenerContainer-return- com.indigo.esb.ReturnMessage: ] - [RQU-OTO] PropertiesMap :{reply_queue=DIJ.MQ.DB.SND.RPL, esb_source_table_name=IS_WARDCAR, count=, init_time=, rcv_time=, log_state=S, if_id=IF_DIJ_PHJ_, INSERT_ROW=, dest_id=IF_DEST_PHJ, log=Y, if_data_type=RESULT, ESB_POLL_TYPE=NORMAL, batch_query_type=I, snd_srv_cd=DIJ, esb_target_destination=RETURN.IN.OTO, tx_id=IF_DIJ_PHJ___, esb_target_table_name=THP_IF_IS_WARDCAR, rcv_srv_cd=PHJ, if_type=DB}
[.. ::] [DEBUG]  [dataListenerContainer-return- com.indigo.esb.ReturnMessage: ] - [RQU-OTO] HeaderMap :{reply_queue=DIJ.MQ.DB.SND.RPL, esb_source_table_name=IS_WARDCAR, count=, init_time=, rcv_time=, log_state=S, if_id=IF_DIJ_PHJ_, INSERT_ROW=, dest_id=IF_DEST_PHJ, log=Y, if_data_type=RESULT, ESB_POLL_TYPE=NORMAL, batch_query_type=I, snd_srv_cd=DIJ, esb_target_destination=RETURN.IN.OTO, tx_id=IF_DIJ_PHJ___, esb_target_table_name=THP_IF_IS_WARDCAR, rcv_srv_cd=PHJ, if_type=DB}
[.. ::] [INFO ]  [dataListenerContainer-return- com.indigo.esb.ReturnMessage: ] - [RQU-OTO] Reply Queue Name :DIJ.MQ.DB.SND.RPL
[.. ::] [INFO ]  [dataListenerContainer-return- com.indigo.esb.ReturnMessage: ] - Send Message Success !! {reply_queue=DIJ.MQ.DB.SND.RPL, esb_source_table_name=IS_WARDCAR, count=, init_time=, rcv_time=, log_state=S, if_id=IF_DIJ_PHJ_, INSERT_ROW=, dest_id=IF_DEST_PHJ, log=Y, if_data_type=RESULT, ESB_POLL_TYPE=NORMAL, batch_query_type=I, snd_srv_cd=DIJ, esb_target_destination=RETURN.IN.OTO, tx_id=IF_DIJ_PHJ___, esb_target_table_name=THP_IF_IS_WARDCAR, rcv_srv_cd=PHJ, if_type=DB}
[.. ::] [INFO ]  [dataListenerContainer-return- com.indigo.esb.ReturnMessage: ] - =========================RQU-OTO Bean END=========================
[.. ::] [INFO ]  [dataListenerContainer-return- com.indigo.esb.ReturnMessage: ] - =========================RQU-OTO Bean SU Start=========================
[.. ::] [INFO ]  [dataListenerContainer-return- com.indigo.esb.ReturnMessage: ] - 템플릿 메세지 ..
[.. ::] [INFO ]  [dataListenerContainer-return- com.indigo.esb.ReturnMessage: ] - Property Used Process ...
[.. ::] [DEBUG]  [dataListenerContainer-return- com.indigo.esb.ReturnMessage: ] - ReturnMessage Message Header {reply_queue=DIJ.MQ.DB.SND.RPL, esb_source_table_name=CM_DSPCMD, count=, init_time=, rcv_time=, log_state=S, if_id=IF_DIJ_PHJ_, INSERT_ROW=, dest_id=IF_DEST_PHJ, if_data_type=RESULT, ESB_POLL_TYPE=NORMAL, batch_query_type=I, snd_srv_cd=DIJ, esb_target_destination=RETURN.IN.OTO, tx_id=IF_DIJ_PHJ___, esb_target_table_name=THP_IF_CM_DSPCMD, rcv_srv_cd=PHJ, if_type=DB}
[.. ::] [DEBUG]  [dataListenerContainer-return- com.indigo.esb.ReturnMessage: ] - [RQU-OTO] PropertiesMap :{reply_queue=DIJ.MQ.DB.SND.RPL, esb_source_table_name=CM_DSPCMD, count=, init_time=, rcv_time=, log_state=S, if_id=IF_DIJ_PHJ_, INSERT_ROW=, dest_id=IF_DEST_PHJ, log=Y, if_data_type=RESULT, ESB_POLL_TYPE=NORMAL, batch_query_type=I, snd_srv_cd=DIJ, esb_target_destination=RETURN.IN.OTO, tx_id=IF_DIJ_PHJ___, esb_target_table_name=THP_IF_CM_DSPCMD, rcv_srv_cd=PHJ, if_type=DB}
[.. ::] [DEBUG]  [dataListenerContainer-return- com.indigo.esb.ReturnMessage: ] - [RQU-OTO] HeaderMap :{reply_queue=DIJ.MQ.DB.SND.RPL, esb_source_table_name=CM_DSPCMD, count=, init_time=, rcv_time=, log_state=S, if_id=IF_DIJ_PHJ_, INSERT_ROW=, dest_id=IF_DEST_PHJ, log=Y, if_data_type=RESULT, ESB_POLL_TYPE=NORMAL, batch_query_type=I, snd_srv_cd=DIJ, esb_target_destination=RETURN.IN.OTO, tx_id=IF_DIJ_PHJ___, esb_target_table_name=THP_IF_CM_DSPCMD, rcv_srv_cd=PHJ, if_type=DB}
[.. ::] [INFO ]  [dataListenerContainer-return- com.indigo.esb.ReturnMessage: ] - [RQU-OTO] Reply Queue Name :DIJ.MQ.DB.SND.RPL
[.. ::] [INFO ]  [dataListenerContainer-return- com.indigo.esb.ReturnMessage: ] - Send Message Success !! {reply_queue=DIJ.MQ.DB.SND.RPL, esb_source_table_name=CM_DSPCMD, count=, init_time=, rcv_time=, log_state=S, if_id=IF_DIJ_PHJ_, INSERT_ROW=, dest_id=IF_DEST_PHJ, log=Y, if_data_type=RESULT, ESB_POLL_TYPE=NORMAL, batch_query_type=I, snd_srv_cd=DIJ, esb_target_destination=RETURN.IN.OTO, tx_id=IF_DIJ_PHJ___, esb_target_table_name=THP_IF_CM_DSPCMD, rcv_srv_cd=PHJ, if_type=DB}
[.. ::] [INFO ]  [dataListenerContainer-return- com.indigo.esb.ReturnMessage: ] - =========================RQU-OTO Bean END=========================
[.. ::] [INFO ]  [dataListenerContainer-route- com.indigo.esb.MessageRoute: ] - =========================SQU-OTO Bean SU Start=========================
[.. ::] [INFO ]  [dataListenerContainer-route- com.indigo.esb.MessageRoute: ] - Template Message ..
[.. ::] [INFO ]  [dataListenerContainer-route- com.indigo.esb.MessageRoute: ] - Property Used Process ...
[.. ::] [DEBUG]  [dataListenerContainer-route- com.indigo.esb.MessageRoute: ] - MessageRoute Message Header {if_data_type=DATA, esb_source_table_name=TAC_KPX_SUPPLY_STAT, ESB_POLL_TYPE=NORMAL, batch_query_type=I, count=, init_time=, snd_srv_cd=MPS, log_state=S, if_id=IF_DDD_MPSS_, tx_id=IF_DDD_MPSS___, esb_target_table_name=ML, rcv_srv_cd=DDD, if_type=DB}
[.. ::] [INFO ]  [dataListenerContainer-route- com.indigo.esb.MessageRoute: ] - #### routeData : {DATA_DEST_QUEUE=DDD.MQ.DB.RCV, USE_YN=Y, RCV_CD=DDD, IF_ID=IF_DDD_MPSS_, DESCRIPTION=국민안전처_디딤돌(전력수급예보조회), DEST_ID=IF_DEST_MPSS_, USING_IP=..., CHANGE_DATE=, SND_CD=MPS, RESULT_DEST_QUEUE=DDD.MQ.DB.SND.RPL, RESULT_ARR_QUEUE=DDD.MQ.DB.RCV.RPL, DATA_ARR_QUEUE=DDD.MQ.DB.SND, REMOTE_YN=N}
[.. ::] [INFO ]  [dataListenerContainer-route- com.indigo.esb.MessageRoute: ] - [SQU-OTO] IF ID :IF_DDD_MPSS_, Queue Name :DDD.MQ.DB.RCV, Reply_Queue Name :DDD.MQ.DB.SND.RPL, Dest ID :IF_DEST_MPSS_
[.. ::] [INFO ]  [dataListenerContainer-route- com.indigo.esb.MessageRoute: ] - =========================SQU-OTO Bean END=========================
[.. ::] [INFO ]  [dataListenerContainer-route- com.indigo.esb.MessageRoute: ] - =========================SQU-OTO Bean SU Start=========================
[.. ::] [INFO ]  [dataListenerContainer-route- com.indigo.esb.MessageRoute: ] - Template Message ..
[.. ::] [INFO ]  [dataListenerContainer-route- com.indigo.esb.MessageRoute: ] - Property Used Process ...
[.. ::] [DEBUG]  [dataListenerContainer-route- com.indigo.esb.MessageRoute: ] - MessageRoute Message Header {if_data_type=DATA, esb_source_table_name=TCO_EMC_HOSP_MAX_VAR_INFO_, ESB_POLL_TYPE=NORMAL, batch_query_type=I, count=, CryptoType=SEED, init_time=, snd_srv_cd=ILD, log_state=S, if_id=IF_DMI_FT_, tx_id=IF_DMI_FT___, msg_id=IF_DMI_FT____MSG_, esb_target_table_name=TCO_EMC_HOSP_MAX_VAR_INFO_, rcv_srv_cd=MPS, if_type=DB}
[.. ::] [INFO ]  [dataListenerContainer-route- com.indigo.esb.MessageRoute: ] - #### routeData : {DATA_DEST_QUEUE=ILD.DB.RCV, USE_YN=Y, RCV_CD=SSS, IF_ID=IF_DMI_FT_, DESCRIPTION=지진재해대응시스템[](의료기관 실시간 병상정보), DEST_ID=IF_DEST_ILD_, USING_IP=..., CHANGE_DATE=, SND_CD=ILD, RESULT_DEST_QUEUE=ILD.DB.SND.RPL, RESULT_ARR_QUEUE=ILD.DB.RCV.RPL, DATA_ARR_QUEUE=ILD.DB.SND, REMOTE_YN=N}
[.. ::] [INFO ]  [dataListenerContainer-route- com.indigo.esb.MessageRoute: ] - [SQU-OTO] IF ID :IF_DMI_FT_, Queue Name :ILD.DB.RCV, Reply_Queue Name :ILD.DB.SND.RPL, Dest ID :IF_DEST_ILD_
[.. ::] [INFO ]  [dataListenerContainer-route- com.indigo.esb.MessageRoute: ] - =========================SQU-OTO Bean END=========================
[.. ::] [INFO ]  [dataListenerContainer-route- com.indigo.esb.MessageRoute: ] - =========================SQU-OTO Bean SU Start=========================
[.. ::] [INFO ]  [dataListenerContainer-route- com.indigo.esb.MessageRoute: ] - Template Message ..
[.. ::] [INFO ]  [dataListenerContainer-route- com.indigo.esb.MessageRoute: ] - Property Used Process ...
[.. ::] [DEBUG]  [dataListenerContainer-route- com.indigo.esb.MessageRoute: ] - MessageRoute Message Header {if_data_type=DATA, ESB_POLL_TYPE=NORMAL, batch_query_type=I, esb_source_table_name=CM_DSPLIST, count=, snd_srv_cd=DIJ, init_time=, log_state=S, tx_id=IF_DIJ_PHJ___, if_id=IF_DIJ_PHJ_, esb_target_table_name=THP_IF_CM_DSPLIST, rcv_srv_cd=PHJ, if_type=DB}
[.. ::] [INFO ]  [dataListenerContainer-route- com.indigo.esb.MessageRoute: ] - #### routeData : {DATA_DEST_QUEUE=PHJ.MQ.DB.RCV, USE_YN=Y, RCV_CD=PHJ, IF_ID=IF_DIJ_PHJ_, DESCRIPTION=통합연계-공공헬기(소방 출동대편셩), DEST_ID=IF_DEST_PHJ, USING_IP=..., CHANGE_DATE=, SND_CD=DIJ, RESULT_DEST_QUEUE=DIJ.MQ.DB.SND.RPL, RESULT_ARR_QUEUE=RETURN.IN.OTO, DATA_ARR_QUEUE=ROUTE.IN.OTO, REMOTE_YN=N}
[.. ::] [INFO ]  [dataListenerContainer-route- com.indigo.esb.MessageRoute: ] - [SQU-OTO] IF ID :IF_DIJ_PHJ_, Queue Name :PHJ.MQ.DB.RCV, Reply_Queue Name :DIJ.MQ.DB.SND.RPL, Dest ID :IF_DEST_PHJ
[.. ::] [INFO ]  [dataListenerContainer-route- com.indigo.esb.MessageRoute: ] - =========================SQU-OTO Bean END=========================
[.. ::] [INFO ]  [dataListenerContainer-route- com.indigo.esb.MessageRoute: ] - =========================SQU-OTO Bean SU Start=========================
[.. ::] [INFO ]  [dataListenerContainer-route- com.indigo.esb.MessageRoute: ] - Template Message ..
[.. ::] [INFO ]  [dataListenerContainer-route- com.indigo.esb.MessageRoute: ] - Property Used Process ...
[.. ::] [DEBUG]  [dataListenerContainer-route- com.indigo.esb.MessageRoute: ] - MessageRoute Message Header {if_data_type=DATA, ESB_POLL_TYPE=NORMAL, batch_query_type=I, esb_source_table_name=SITTN_RDOWAV_MSNGR_LOG, CryptoType=SEED, count=, snd_srv_cd=KAI, init_time=, log_state=S, tx_id=IF_KAI_MPSS___, if_id=IF_KAI_MPSS_, esb_target_table_name=TOB_SITTN_RDOWAV_MSNGR_LOG, rcv_srv_cd=MPS, if_type=DB}
[.. ::] [INFO ]  [dataListenerContainer-route- com.indigo.esb.MessageRoute: ] - #### routeData : {DATA_DEST_QUEUE=KAI.MQ.DB.RCV, USE_YN=Y, RCV_CD=MPS, IF_ID=IF_KAI_MPSS_, DESCRIPTION=풍수해피해예측(상황전파 메신저 로그), DEST_ID=IF_DEST_MPSS_, USING_IP=..., CHANGE_DATE=, SND_CD=KAI, RESULT_DEST_QUEUE=KAI.MQ.DB.SND.RPL, RESULT_ARR_QUEUE=KAI.MQ.DB.RCV.RPL, DATA_ARR_QUEUE=KAI.MQ.DB.SND, REMOTE_YN=N}
[.. ::] [INFO ]  [dataListenerContainer-route- com.indigo.esb.MessageRoute: ] - [SQU-OTO] IF ID :IF_KAI_MPSS_, Queue Name :KAI.MQ.DB.RCV, Reply_Queue Name :KAI.MQ.DB.SND.RPL, Dest ID :IF_DEST_MPSS_
[.. ::] [INFO ]  [dataListenerContainer-route- com.indigo.esb.MessageRoute: ] - =========================SQU-OTO Bean END=========================
[.. ::] [INFO ]  [New I/O server boss # ([id: xeaf, /::::::::]) com.indigo.fileserver.codec.IndigoFileDecoder: ] - Repository Path:/DATA/esb_file/socket_server
[.. ::] [INFO ]  [New I/O server boss # ([id: xeaf, /::::::::]) com.indigo.fileserver.codec.IndigoFileDecoder: ] - Chunck Size:
[.. ::] [INFO ]  [New I/O server boss # ([id: xeaf, /::::::::]) com.indigo.fileserver.codec.IndigoFileDecoder: ] - Set Event:com.indigo.fileserver.event.SimpleEvent@ebbd
[.. ::] [INFO ]  [New I/O server boss # ([id: xeaf, /::::::::]) com.indigo.fileserver.codec.IndigoFileDecoder: ] - Repository Path:/DATA/esb_file/socket_server
[.. ::] [INFO ]  [New I/O server boss # ([id: xeaf, /::::::::]) com.indigo.fileserver.codec.IndigoFileDecoder: ] - Chunck Size:
[.. ::] [INFO ]  [New I/O server boss # ([id: xeaf, /::::::::]) com.indigo.fileserver.codec.IndigoFileDecoder: ] - Set Event:com.indigo.fileserver.event.SimpleEvent@ebbd
[.. ::] [INFO ]  [New I/O  worker # com.indigo.fileserver.IndigoFileServerHandler: ] - server connected : [id: xdabd, /...: => /...:] CONNECTED: /...:
[.. ::] [INFO ]  [New I/O  worker # com.indigo.fileserver.codec.IndigoFileDecoder: ] - RECEIVE MSG:<root><metaHeader><id></id><action>PUT</action><fileName>FILE_IIA_ARR__.zip</fileName><fileLength></fileLength></metaHeader></root>
[.. ::] [INFO ]  [New I/O  worker # com.indigo.fileserver.IndigoFileServerHandler: ] - server connected : [id: xeab, /...: => /...:] CONNECTED: /...:
[.. ::] [INFO ]  [New I/O  worker # com.indigo.fileserver.codec.IndigoFileDecoder: ] - RECEIVE CONVERT MSG:Header:{id=, fileLength=, fileName=FILE_IIA_ARR__.zip, action=PUT}, Body:{}
[.. ::] [INFO ]  [New I/O  worker # com.indigo.fileserver.event.SimpleEvent: ] - File Receive Start : Header:{id=, fileLength=, fileName=FILE_IIA_ARR__.zip, action=PUT}, Body:{}
[.. ::] [INFO ]  [New I/O  worker # com.indigo.fileserver.codec.IndigoFileDecoder: ] - RECEIVE MSG:<root><metaHeader><id></id><action>PUT</action><fileName>FILE_IIA_DEP__.zip</fileName><fileLength></fileLength></metaHeader></root>
[.. ::] [INFO ]  [New I/O  worker # com.indigo.fileserver.codec.IndigoFileDecoder: ] - RECEIVE CONVERT MSG:Header:{id=, fileLength=, fileName=FILE_IIA_DEP__.zip, action=PUT}, Body:{}
[.. ::] [INFO ]  [New I/O  worker # com.indigo.fileserver.event.SimpleEvent: ] - File Receive Start : Header:{id=, fileLength=, fileName=FILE_IIA_DEP__.zip, action=PUT}, Body:{}
[.. ::] [INFO ]  [New I/O  worker # com.indigo.fileserver.codec.ReceiveFileBiz: ] - save sucess : /DATA/esb_file/socket_server//FILE_IIA_ARR__.zip
[.. ::] [INFO ]  [New I/O  worker # com.indigo.fileserver.event.SimpleEvent: ] - File Receive Done : Header:{id=, fileLength=, fileName=FILE_IIA_ARR__.zip, action=PUT}, Body:{}
[.. ::] [INFO ]  [New I/O  worker # com.indigo.fileserver.IndigoFileServerHandler: ] - server closed : [id: xdabd, /...: :> /...:] DISCONNECTED
[.. ::] [INFO ]  [New I/O  worker # com.indigo.fileserver.codec.ReceiveFileBiz: ] - save sucess : /DATA/esb_file/socket_server//FILE_IIA_DEP__.zip
[.. ::] [INFO ]  [New I/O  worker # com.indigo.fileserver.event.SimpleEvent: ] - File Receive Done : Header:{id=, fileLength=, fileName=FILE_IIA_DEP__.zip, action=PUT}, Body:{}
[.. ::] [INFO ]  [New I/O  worker # com.indigo.fileserver.IndigoFileServerHandler: ] - server closed : [id: xeab, /...: :> /...:] DISCONNECTED
[.. ::] [INFO ]  [New I/O server boss # ([id: xeaf, /::::::::]) com.indigo.fileserver.codec.IndigoFileDecoder: ] - Repository Path:/DATA/esb_file/socket_server
[.. ::] [INFO ]  [New I/O server boss # ([id: xeaf, /::::::::]) com.indigo.fileserver.codec.IndigoFileDecoder: ] - Chunck Size:
[.. ::] [INFO ]  [New I/O server boss # ([id: xeaf, /::::::::]) com.indigo.fileserver.codec.IndigoFileDecoder: ] - Set Event:com.indigo.fileserver.event.SimpleEvent@ebbd
[.. ::] [INFO ]  [New I/O  worker # com.indigo.fileserver.IndigoFileServerHandler: ] - server connected : [id: xfdfb, /...: => /...:] CONNECTED: /...:
[.. ::] [INFO ]  [New I/O  worker # com.indigo.fileserver.codec.IndigoFileDecoder: ] - RECEIVE MSG:<root><metaHeader><id></id><action>GET</action><fileName>FILE_IIA_ARR__.zip</fileName></metaHeader></root>
[.. ::] [INFO ]  [New I/O  worker # com.indigo.fileserver.codec.IndigoFileDecoder: ] - RECEIVE CONVERT MSG:Header:{id=, fileName=FILE_IIA_ARR__.zip, action=GET}, Body:{}
[.. ::] [INFO ]  [New I/O  worker # com.indigo.fileserver.event.SimpleEvent: ] - File Send Start : Header:{id=, fileName=FILE_IIA_ARR__.zip, action=GET}, Body:{}
[.. ::] [INFO ]  [New I/O  worker # com.indigo.fileserver.codec.SendFileBiz$: ] - FILE SEND OK:/DATA/esb_file/socket_server/FILE_IIA_ARR__.zip
[.. ::] [INFO ]  [New I/O  worker # com.indigo.fileserver.event.SimpleEvent: ] - File Send Done : Header:{id=, fileName=FILE_IIA_ARR__.zip, action=GET}, Body:{}
[.. ::] [INFO ]  [New I/O server boss # ([id: xeaf, /::::::::]) com.indigo.fileserver.codec.IndigoFileDecoder: ] - Repository Path:/DATA/esb_file/socket_server
[.. ::] [INFO ]  [New I/O server boss # ([id: xeaf, /::::::::]) com.indigo.fileserver.codec.IndigoFileDecoder: ] - Chunck Size:
[.. ::] [INFO ]  [New I/O server boss # ([id: xeaf, /::::::::]) com.indigo.fileserver.codec.IndigoFileDecoder: ] - Set Event:com.indigo.fileserver.event.SimpleEvent@ebbd
[.. ::] [INFO ]  [New I/O  worker # com.indigo.fileserver.IndigoFileServerHandler: ] - server connected : [id: xabbddc, /...: => /...:] CONNECTED: /...:
[.. ::] [INFO ]  [New I/O  worker # com.indigo.fileserver.codec.IndigoFileDecoder: ] - RECEIVE MSG:<root><metaHeader><id></id><action>GET</action><fileName>FILE_IIA_DEP__.zip</fileName></metaHeader></root>
[.. ::] [INFO ]  [New I/O  worker # com.indigo.fileserver.IndigoFileServerHandler: ] - server closed : [id: xfdfb, /...: :> /...:] DISCONNECTED
[.. ::] [INFO ]  [New I/O  worker # com.indigo.fileserver.codec.IndigoFileDecoder: ] - RECEIVE CONVERT MSG:Header:{id=, fileName=FILE_IIA_DEP__.zip, action=GET}, Body:{}
[.. ::] [INFO ]  [New I/O  worker # com.indigo.fileserver.event.SimpleEvent: ] - File Send Start : Header:{id=, fileName=FILE_IIA_DEP__.zip, action=GET}, Body:{}
[.. ::] [INFO ]  [New I/O  worker # com.indigo.fileserver.codec.SendFileBiz$: ] - FILE SEND OK:/DATA/esb_file/socket_server/FILE_IIA_DEP__.zip
[.. ::] [INFO ]  [New I/O  worker # com.indigo.fileserver.event.SimpleEvent: ] - File Send Done : Header:{id=, fileName=FILE_IIA_DEP__.zip, action=GET}, Body:{}
[.. ::] [INFO ]  [New I/O  worker # com.indigo.fileserver.IndigoFileServerHandler: ] - server closed : [id: xabbddc, /...: :> /...:] DISCONNECTED
[.. ::] [INFO ]  [Timer- com.indigo.esb.dashboard.notify.IndigoNotifyMonitor: ] - Indigo schedule notify monitor.
[.. ::] [DEBUG]  [Timer- com.indigo.esb.dashboard.notify.IndigoNotifyMonitor: ] - [ServiceMonitor] monitoring...
[.. ::] [DEBUG]  [Timer- com.indigo.esb.dashboard.notify.IndigoNotifyMonitor: ] - [QueueMonitor] monitoring...
[.. ::] [INFO ]  [Timer- com.indigo.esb.dashboard.notify.IndigoNotifyMonitor: ] - Indigo schedule notify monitor end.  ms
[.. ::] [INFO ]  [dataListenerContainer-return- com.indigo.esb.ReturnMessage: ] - =========================RQU-OTO Bean SU Start=========================
[.. ::] [INFO ]  [dataListenerContainer-return- com.indigo.esb.ReturnMessage: ] - 템플릿 메세지 ..
[.. ::] [INFO ]  [dataListenerContainer-return- com.indigo.esb.ReturnMessage: ] - Property Used Process ...
[.. ::] [DEBUG]  [dataListenerContainer-return- com.indigo.esb.ReturnMessage: ] - ReturnMessage Message Header {reply_queue=CDC.MQ.DB.SND.RPL, esb_source_table_name=VWR_IST_ICD_CD, count=, init_time=, rcv_time=, log_state=S, if_id=IF_CDC_MPSS_, INSERT_ROW=, dest_id=IF_DEST_MPSS_, if_data_type=RESULT, batch_query_type=I, ESB_POLL_TYPE=NORMAL, CryptoType=SEED, snd_srv_cd=CDC, esb_target_destination=CDC.MQ.DB.RCV.RPL, tx_id=IF_CDC_MPSS___, msg_id=IF_CDC_MPSS____MSG_, esb_target_table_name=TCM_CDC_DCD, rcv_srv_cd=MPS, if_type=DB}
[.. ::] [DEBUG]  [dataListenerContainer-return- com.indigo.esb.ReturnMessage: ] - [RQU-OTO] PropertiesMap :{reply_queue=CDC.MQ.DB.SND.RPL, esb_source_table_name=VWR_IST_ICD_CD, count=, init_time=, rcv_time=, log_state=S, if_id=IF_CDC_MPSS_, INSERT_ROW=, dest_id=IF_DEST_MPSS_, log=Y, if_data_type=RESULT, batch_query_type=I, ESB_POLL_TYPE=NORMAL, CryptoType=SEED, snd_srv_cd=CDC, esb_target_destination=CDC.MQ.DB.RCV.RPL, tx_id=IF_CDC_MPSS___, msg_id=IF_CDC_MPSS____MSG_, esb_target_table_name=TCM_CDC_DCD, rcv_srv_cd=MPS, if_type=DB}
[.. ::] [DEBUG]  [dataListenerContainer-return- com.indigo.esb.ReturnMessage: ] - [RQU-OTO] HeaderMap :{reply_queue=CDC.MQ.DB.SND.RPL, esb_source_table_name=VWR_IST_ICD_CD, count=, init_time=, rcv_time=, log_state=S, if_id=IF_CDC_MPSS_, INSERT_ROW=, dest_id=IF_DEST_MPSS_, log=Y, if_data_type=RESULT, batch_query_type=I, ESB_POLL_TYPE=NORMAL, CryptoType=SEED, snd_srv_cd=CDC, esb_target_destination=CDC.MQ.DB.RCV.RPL, tx_id=IF_CDC_MPSS___, msg_id=IF_CDC_MPSS____MSG_, esb_target_table_name=TCM_CDC_DCD, rcv_srv_cd=MPS, if_type=DB}
[.. ::] [INFO ]  [dataListenerContainer-return- com.indigo.esb.ReturnMessage: ] - [RQU-OTO] Reply Queue Name :CDC.MQ.DB.SND.RPL
[.. ::] [INFO ]  [dataListenerContainer-return- com.indigo.esb.ReturnMessage: ] - Send Message Success !! {reply_queue=CDC.MQ.DB.SND.RPL, esb_source_table_name=VWR_IST_ICD_CD, count=, init_time=, rcv_time=, log_state=S, if_id=IF_CDC_MPSS_, INSERT_ROW=, dest_id=IF_DEST_MPSS_, log=Y, if_data_type=RESULT, batch_query_type=I, ESB_POLL_TYPE=NORMAL, CryptoType=SEED, snd_srv_cd=CDC, esb_target_destination=CDC.MQ.DB.RCV.RPL, tx_id=IF_CDC_MPSS___, msg_id=IF_CDC_MPSS____MSG_, esb_target_table_name=TCM_CDC_DCD, rcv_srv_cd=MPS, if_type=DB}
[.. ::] [INFO ]  [dataListenerContainer-return- com.indigo.esb.ReturnMessage: ] - =========================RQU-OTO Bean END=========================
[.. ::] [INFO ]  [dataListenerContainer-route- com.indigo.esb.MessageRoute: ] - =========================SQU-OTO Bean SU Start=========================
[.. ::] [INFO ]  [dataListenerContainer-route- com.indigo.esb.MessageRoute: ] - Template Message ..
[.. ::] [INFO ]  [dataListenerContainer-route- com.indigo.esb.MessageRoute: ] - Property Used Process ...
[.. ::] [DEBUG]  [dataListenerContainer-route- com.indigo.esb.MessageRoute: ] - MessageRoute Message Header {if_data_type=DATA, ESB_POLL_TYPE=NORMAL, batch_query_type=I, esb_source_table_name=SITTN_RDOWAV_MSNGR_LOG, CryptoType=SEED, count=, snd_srv_cd=KAI, init_time=, log_state=S, tx_id=IF_KAI_MPSS___, if_id=IF_KAI_MPSS_, esb_target_table_name=TOB_SITTN_RDOWAV_MSNGR_LOG, rcv_srv_cd=MPS, if_type=DB}
[.. ::] [INFO ]  [dataListenerContainer-route- com.indigo.esb.MessageRoute: ] - #### routeData : {DATA_DEST_QUEUE=KAI.MQ.DB.RCV, USE_YN=Y, RCV_CD=MPS, IF_ID=IF_KAI_MPSS_, DESCRIPTION=풍수해피해예측(상황전파 메신저 로그), DEST_ID=IF_DEST_MPSS_, USING_IP=..., CHANGE_DATE=, SND_CD=KAI, RESULT_DEST_QUEUE=KAI.MQ.DB.SND.RPL, RESULT_ARR_QUEUE=KAI.MQ.DB.RCV.RPL, DATA_ARR_QUEUE=KAI.MQ.DB.SND, REMOTE_YN=N}
[.. ::] [INFO ]  [dataListenerContainer-route- com.indigo.esb.MessageRoute: ] - [SQU-OTO] IF ID :IF_KAI_MPSS_, Queue Name :KAI.MQ.DB.RCV, Reply_Queue Name :KAI.MQ.DB.SND.RPL, Dest ID :IF_DEST_MPSS_
[.. ::] [INFO ]  [dataListenerContainer-route- com.indigo.esb.MessageRoute: ] - =========================SQU-OTO Bean END=========================
[.. ::] [INFO ]  [dataListenerContainer-return- com.indigo.esb.ReturnMessage: ] - =========================RQU-OTO Bean SU Start=========================
[.. ::] [INFO ]  [dataListenerContainer-return- com.indigo.esb.ReturnMessage: ] - 템플릿 메세지 ..
[.. ::] [INFO ]  [dataListenerContainer-return- com.indigo.esb.ReturnMessage: ] - Property Used Process ...
[.. ::] [DEBUG]  [dataListenerContainer-return- com.indigo.esb.ReturnMessage: ] - ReturnMessage Message Header {reply_queue=DIJ.MQ.DB.SND.RPL, esb_source_table_name=CM_DSPCMD, count=, init_time=, rcv_time=, log_state=S, if_id=IF_DIJ_PHJ_, INSERT_ROW=, dest_id=IF_DEST_PHJ, if_data_type=RESULT, ESB_POLL_TYPE=NORMAL, batch_query_type=I, snd_srv_cd=DIJ, esb_target_destination=RETURN.IN.OTO, tx_id=IF_DIJ_PHJ___, esb_target_table_name=THP_IF_CM_DSPCMD, rcv_srv_cd=PHJ, if_type=DB}
[.. ::] [DEBUG]  [dataListenerContainer-return- com.indigo.esb.ReturnMessage: ] - [RQU-OTO] PropertiesMap :{reply_queue=DIJ.MQ.DB.SND.RPL, esb_source_table_name=CM_DSPCMD, count=, init_time=, rcv_time=, log_state=S, if_id=IF_DIJ_PHJ_, INSERT_ROW=, dest_id=IF_DEST_PHJ, log=Y, if_data_type=RESULT, ESB_POLL_TYPE=NORMAL, batch_query_type=I, snd_srv_cd=DIJ, esb_target_destination=RETURN.IN.OTO, tx_id=IF_DIJ_PHJ___, esb_target_table_name=THP_IF_CM_DSPCMD, rcv_srv_cd=PHJ, if_type=DB}
[.. ::] [DEBUG]  [dataListenerContainer-return- com.indigo.esb.ReturnMessage: ] - [RQU-OTO] HeaderMap :{reply_queue=DIJ.MQ.DB.SND.RPL, esb_source_table_name=CM_DSPCMD, count=, init_time=, rcv_time=, log_state=S, if_id=IF_DIJ_PHJ_, INSERT_ROW=, dest_id=IF_DEST_PHJ, log=Y, if_data_type=RESULT, ESB_POLL_TYPE=NORMAL, batch_query_type=I, snd_srv_cd=DIJ, esb_target_destination=RETURN.IN.OTO, tx_id=IF_DIJ_PHJ___, esb_target_table_name=THP_IF_CM_DSPCMD, rcv_srv_cd=PHJ, if_type=DB}
[.. ::] [INFO ]  [dataListenerContainer-return- com.indigo.esb.ReturnMessage: ] - [RQU-OTO] Reply Queue Name :DIJ.MQ.DB.SND.RPL
[.. ::] [INFO ]  [dataListenerContainer-return- com.indigo.esb.ReturnMessage: ] - Send Message Success !! {reply_queue=DIJ.MQ.DB.SND.RPL, esb_source_table_name=CM_DSPCMD, count=, init_time=, rcv_time=, log_state=S, if_id=IF_DIJ_PHJ_, INSERT_ROW=, dest_id=IF_DEST_PHJ, log=Y, if_data_type=RESULT, ESB_POLL_TYPE=NORMAL, batch_query_type=I, snd_srv_cd=DIJ, esb_target_destination=RETURN.IN.OTO, tx_id=IF_DIJ_PHJ___, esb_target_table_name=THP_IF_CM_DSPCMD, rcv_srv_cd=PHJ, if_type=DB}
[.. ::] [INFO ]  [dataListenerContainer-return- com.indigo.esb.ReturnMessage: ] - =========================RQU-OTO Bean END=========================
